<?xml version="1.0" encoding="UTF-8"?>
<testsuite name="functional.ConcurrentCreateAccountTest" tests="1" skipped="0" failures="0" errors="0" timestamp="2019-09-06T03:55:45" hostname="AR0FVFYR01DHV2J" time="3.625">
  <properties/>
  <testcase name="shouldCreate500AccountsSuccessfullyAnd500AccountsFailedTest" classname="functional.ConcurrentCreateAccountTest" time="3.625"/>
  <system-out><![CDATA[]]></system-out>
  <system-err><![CDATA[[Thread-13] WARN org.eclipse.jetty.server.AbstractConnector - Ignoring deprecated socket close linger time
[Thread-13] INFO spark.embeddedserver.jetty.EmbeddedJettyServer - == Spark has ignited ...
[Thread-13] INFO spark.embeddedserver.jetty.EmbeddedJettyServer - >> Listening on 0.0.0.0:8888
[Thread-13] INFO org.eclipse.jetty.server.Server - jetty-9.4.12.v20180830; built: 2018-08-30T13:59:14.071Z; git: 27208684755d94a92186989f695db2d7b21ebc51; jvm 11.0.3+12-b304.10
[Thread-13] INFO org.eclipse.jetty.server.session - DefaultSessionIdManager workerName=node0
[Thread-13] INFO org.eclipse.jetty.server.session - No SessionScavenger set, using defaults
[Thread-13] INFO org.eclipse.jetty.server.session - node0 Scavenging every 660000ms
[Thread-13] INFO org.eclipse.jetty.server.AbstractConnector - Started ServerConnector@34a40c00{HTTP/1.1,[http/1.1]}{0.0.0.0:8888}
[Thread-13] INFO org.eclipse.jetty.server.Server - Started @2894ms
[qtp289058280-28] INFO  - REQUEST: POST http://localhost:8888/api/1.0/account {"balance":"1"}
[qtp289058280-28] INFO  - RESPONSE: 201 {"id":"1","balance":1}
[qtp289058280-33] INFO  - REQUEST: POST http://localhost:8888/api/1.0/account {"balance":"1"}
[qtp289058280-33] INFO  - RESPONSE: 201 {"id":"2","balance":1}
[qtp289058280-29] INFO  - REQUEST: POST http://localhost:8888/api/1.0/account {"balance":"1"}
[qtp289058280-29] INFO  - RESPONSE: 201 {"id":"3","balance":1}
[qtp289058280-32] INFO  - REQUEST: POST http://localhost:8888/api/1.0/account {"balance":"1"}
[qtp289058280-32] INFO  - RESPONSE: 201 {"id":"4","balance":1}
[qtp289058280-35] INFO  - REQUEST: POST http://localhost:8888/api/1.0/account {"balance":"1"}
[qtp289058280-34] INFO  - REQUEST: POST http://localhost:8888/api/1.0/account {"balance":"1"}
[qtp289058280-35] INFO  - RESPONSE: 201 {"id":"5","balance":1}
[qtp289058280-34] INFO  - RESPONSE: 201 {"id":"6","balance":1}
[qtp289058280-28] INFO  - REQUEST: POST http://localhost:8888/api/1.0/account {"balance":"1"}
[qtp289058280-28] INFO  - RESPONSE: 201 {"id":"7","balance":1}
[qtp289058280-32] INFO  - REQUEST: POST http://localhost:8888/api/1.0/account {"balance":"1"}
[qtp289058280-32] INFO  - RESPONSE: 201 {"id":"8","balance":1}
[qtp289058280-31] INFO  - REQUEST: POST http://localhost:8888/api/1.0/account {"balance":"1"}
[qtp289058280-31] INFO  - RESPONSE: 201 {"id":"9","balance":1}
[qtp289058280-29] INFO  - REQUEST: POST http://localhost:8888/api/1.0/account {"balance":"1"}
[qtp289058280-29] INFO  - RESPONSE: 201 {"id":"10","balance":1}
[qtp289058280-31] INFO  - REQUEST: POST http://localhost:8888/api/1.0/account {"balance":"1"}
[qtp289058280-32] INFO  - REQUEST: POST http://localhost:8888/api/1.0/account {"balance":"1"}
[qtp289058280-31] INFO  - RESPONSE: 201 {"id":"11","balance":1}
[qtp289058280-32] INFO  - RESPONSE: 201 {"id":"12","balance":1}
[qtp289058280-28] INFO  - REQUEST: POST http://localhost:8888/api/1.0/account {"balance":"1"}
[qtp289058280-28] INFO  - RESPONSE: 201 {"id":"13","balance":1}
[qtp289058280-31] INFO  - REQUEST: POST http://localhost:8888/api/1.0/account {"balance":"1"}
[qtp289058280-29] INFO  - REQUEST: POST http://localhost:8888/api/1.0/account {"balance":"1"}
[qtp289058280-31] INFO  - RESPONSE: 201 {"id":"14","balance":1}
[qtp289058280-29] INFO  - RESPONSE: 201 {"id":"15","balance":1}
[qtp289058280-32] INFO  - REQUEST: POST http://localhost:8888/api/1.0/account {"balance":"1"}
[qtp289058280-32] INFO  - RESPONSE: 201 {"id":"16","balance":1}
[qtp289058280-28] INFO  - REQUEST: POST http://localhost:8888/api/1.0/account {"balance":"1"}
[qtp289058280-28] INFO  - RESPONSE: 201 {"id":"17","balance":1}
[qtp289058280-32] INFO  - REQUEST: POST http://localhost:8888/api/1.0/account {"balance":"1"}
[qtp289058280-29] INFO  - REQUEST: POST http://localhost:8888/api/1.0/account {"balance":"1"}
[qtp289058280-29] INFO  - RESPONSE: 201 {"id":"19","balance":1}
[qtp289058280-32] INFO  - RESPONSE: 201 {"id":"18","balance":1}
[qtp289058280-31] INFO  - REQUEST: POST http://localhost:8888/api/1.0/account {"balance":"1"}
[qtp289058280-31] INFO  - RESPONSE: 201 {"id":"20","balance":1}
[qtp289058280-29] INFO  - REQUEST: POST http://localhost:8888/api/1.0/account {"balance":"1"}
[qtp289058280-28] INFO  - REQUEST: POST http://localhost:8888/api/1.0/account {"balance":"1"}
[qtp289058280-29] INFO  - RESPONSE: 201 {"id":"21","balance":1}
[qtp289058280-28] INFO  - RESPONSE: 201 {"id":"22","balance":1}
[qtp289058280-32] INFO  - REQUEST: POST http://localhost:8888/api/1.0/account {"balance":"1"}
[qtp289058280-32] INFO  - RESPONSE: 201 {"id":"23","balance":1}
[qtp289058280-31] INFO  - REQUEST: POST http://localhost:8888/api/1.0/account {"balance":"1"}
[qtp289058280-31] INFO  - RESPONSE: 201 {"id":"24","balance":1}
[qtp289058280-28] INFO  - REQUEST: POST http://localhost:8888/api/1.0/account {"balance":"1"}
[qtp289058280-28] INFO  - RESPONSE: 201 {"id":"25","balance":1}
[qtp289058280-32] INFO  - REQUEST: POST http://localhost:8888/api/1.0/account {"balance":"1"}
[qtp289058280-32] INFO  - RESPONSE: 201 {"id":"26","balance":1}
[qtp289058280-29] INFO  - REQUEST: POST http://localhost:8888/api/1.0/account {"balance":"1"}
[qtp289058280-29] INFO  - RESPONSE: 201 {"id":"27","balance":1}
[qtp289058280-32] INFO  - REQUEST: POST http://localhost:8888/api/1.0/account {"balance":"1"}
[qtp289058280-28] INFO  - REQUEST: POST http://localhost:8888/api/1.0/account {"balance":"1"}
[qtp289058280-32] INFO  - RESPONSE: 201 {"id":"28","balance":1}
[qtp289058280-28] INFO  - RESPONSE: 201 {"id":"29","balance":1}
[qtp289058280-29] INFO  - REQUEST: POST http://localhost:8888/api/1.0/account {"balance":"1"}
[qtp289058280-29] INFO  - RESPONSE: 201 {"id":"30","balance":1}
[qtp289058280-31] INFO  - REQUEST: POST http://localhost:8888/api/1.0/account {"balance":"1"}
[qtp289058280-31] INFO  - RESPONSE: 201 {"id":"31","balance":1}
[qtp289058280-28] INFO  - REQUEST: POST http://localhost:8888/api/1.0/account {"balance":"1"}
[qtp289058280-28] INFO  - RESPONSE: 201 {"id":"32","balance":1}
[qtp289058280-32] INFO  - REQUEST: POST http://localhost:8888/api/1.0/account {"balance":"1"}
[qtp289058280-32] INFO  - RESPONSE: 201 {"id":"33","balance":1}
[qtp289058280-29] INFO  - REQUEST: POST http://localhost:8888/api/1.0/account {"balance":"1"}
[qtp289058280-29] INFO  - RESPONSE: 201 {"id":"34","balance":1}
[qtp289058280-31] INFO  - REQUEST: POST http://localhost:8888/api/1.0/account {"balance":"1"}
[qtp289058280-31] INFO  - RESPONSE: 201 {"id":"35","balance":1}
[qtp289058280-32] INFO  - REQUEST: POST http://localhost:8888/api/1.0/account {"balance":"1"}
[qtp289058280-32] INFO  - RESPONSE: 201 {"id":"36","balance":1}
[qtp289058280-31] INFO  - REQUEST: POST http://localhost:8888/api/1.0/account {"balance":"1"}
[qtp289058280-31] INFO  - RESPONSE: 201 {"id":"37","balance":1}
[qtp289058280-29] INFO  - REQUEST: POST http://localhost:8888/api/1.0/account {"balance":"1"}
[qtp289058280-29] INFO  - RESPONSE: 201 {"id":"38","balance":1}
[qtp289058280-28] INFO  - REQUEST: POST http://localhost:8888/api/1.0/account {"balance":"1"}
[qtp289058280-28] INFO  - RESPONSE: 201 {"id":"39","balance":1}
[qtp289058280-32] INFO  - REQUEST: POST http://localhost:8888/api/1.0/account {"balance":"1"}
[qtp289058280-32] INFO  - RESPONSE: 201 {"id":"40","balance":1}
[qtp289058280-29] INFO  - REQUEST: POST http://localhost:8888/api/1.0/account {"balance":"1"}
[qtp289058280-29] INFO  - RESPONSE: 201 {"id":"41","balance":1}
[qtp289058280-31] INFO  - REQUEST: POST http://localhost:8888/api/1.0/account {"balance":"1"}
[qtp289058280-31] INFO  - RESPONSE: 201 {"id":"42","balance":1}
[qtp289058280-28] INFO  - REQUEST: POST http://localhost:8888/api/1.0/account {"balance":"1"}
[qtp289058280-28] INFO  - RESPONSE: 201 {"id":"43","balance":1}
[qtp289058280-28] INFO  - REQUEST: POST http://localhost:8888/api/1.0/account {"balance":"1"}
[qtp289058280-28] INFO  - RESPONSE: 201 {"id":"44","balance":1}
[qtp289058280-31] INFO  - REQUEST: POST http://localhost:8888/api/1.0/account {"balance":"1"}
[qtp289058280-31] INFO  - RESPONSE: 201 {"id":"45","balance":1}
[qtp289058280-28] INFO  - REQUEST: POST http://localhost:8888/api/1.0/account {"balance":"1"}
[qtp289058280-31] INFO  - REQUEST: POST http://localhost:8888/api/1.0/account {"balance":"1"}
[qtp289058280-28] INFO  - RESPONSE: 201 {"id":"46","balance":1}
[qtp289058280-31] INFO  - RESPONSE: 201 {"id":"47","balance":1}
[qtp289058280-29] INFO  - REQUEST: POST http://localhost:8888/api/1.0/account {"balance":"1"}
[qtp289058280-29] INFO  - RESPONSE: 201 {"id":"48","balance":1}
[qtp289058280-32] INFO  - REQUEST: POST http://localhost:8888/api/1.0/account {"balance":"1"}
[qtp289058280-32] INFO  - RESPONSE: 201 {"id":"49","balance":1}
[qtp289058280-28] INFO  - REQUEST: POST http://localhost:8888/api/1.0/account {"balance":"1"}
[qtp289058280-28] INFO  - RESPONSE: 201 {"id":"50","balance":1}
[qtp289058280-32] INFO  - REQUEST: POST http://localhost:8888/api/1.0/account {"balance":"1"}
[qtp289058280-32] INFO  - RESPONSE: 201 {"id":"51","balance":1}
[qtp289058280-29] INFO  - REQUEST: POST http://localhost:8888/api/1.0/account {"balance":"1"}
[qtp289058280-29] INFO  - RESPONSE: 201 {"id":"52","balance":1}
[qtp289058280-28] INFO  - REQUEST: POST http://localhost:8888/api/1.0/account {"balance":"1"}
[qtp289058280-28] INFO  - RESPONSE: 201 {"id":"53","balance":1}
[qtp289058280-32] INFO  - REQUEST: POST http://localhost:8888/api/1.0/account {"balance":"1"}
[qtp289058280-32] INFO  - RESPONSE: 201 {"id":"54","balance":1}
[qtp289058280-28] INFO  - REQUEST: POST http://localhost:8888/api/1.0/account {"balance":"1"}
[qtp289058280-28] INFO  - RESPONSE: 201 {"id":"55","balance":1}
[qtp289058280-31] INFO  - REQUEST: POST http://localhost:8888/api/1.0/account {"balance":"1"}
[qtp289058280-31] INFO  - RESPONSE: 201 {"id":"56","balance":1}
[qtp289058280-32] INFO  - REQUEST: POST http://localhost:8888/api/1.0/account {"balance":"1"}
[qtp289058280-32] INFO  - RESPONSE: 201 {"id":"57","balance":1}
[qtp289058280-31] INFO  - REQUEST: POST http://localhost:8888/api/1.0/account {"balance":"1"}
[qtp289058280-31] INFO  - RESPONSE: 201 {"id":"58","balance":1}
[qtp289058280-32] INFO  - REQUEST: POST http://localhost:8888/api/1.0/account {"balance":"1"}
[qtp289058280-32] INFO  - RESPONSE: 201 {"id":"59","balance":1}
[qtp289058280-28] INFO  - REQUEST: POST http://localhost:8888/api/1.0/account {"balance":"1"}
[qtp289058280-28] INFO  - RESPONSE: 201 {"id":"60","balance":1}
[qtp289058280-31] INFO  - REQUEST: POST http://localhost:8888/api/1.0/account {"balance":"1"}
[qtp289058280-31] INFO  - RESPONSE: 201 {"id":"61","balance":1}
[qtp289058280-28] INFO  - REQUEST: POST http://localhost:8888/api/1.0/account {"balance":"1"}
[qtp289058280-28] INFO  - RESPONSE: 201 {"id":"62","balance":1}
[qtp289058280-32] INFO  - REQUEST: POST http://localhost:8888/api/1.0/account {"balance":"1"}
[qtp289058280-32] INFO  - RESPONSE: 201 {"id":"63","balance":1}
[qtp289058280-28] INFO  - REQUEST: POST http://localhost:8888/api/1.0/account {"balance":"1"}
[qtp289058280-28] INFO  - RESPONSE: 201 {"id":"64","balance":1}
[qtp289058280-31] INFO  - REQUEST: POST http://localhost:8888/api/1.0/account {"balance":"1"}
[qtp289058280-31] INFO  - RESPONSE: 201 {"id":"65","balance":1}
[qtp289058280-28] INFO  - REQUEST: POST http://localhost:8888/api/1.0/account {"balance":"1"}
[qtp289058280-28] INFO  - RESPONSE: 201 {"id":"66","balance":1}
[qtp289058280-31] INFO  - REQUEST: POST http://localhost:8888/api/1.0/account {"balance":"1"}
[qtp289058280-31] INFO  - RESPONSE: 201 {"id":"67","balance":1}
[qtp289058280-32] INFO  - REQUEST: POST http://localhost:8888/api/1.0/account {"balance":"1"}
[qtp289058280-32] INFO  - RESPONSE: 201 {"id":"68","balance":1}
[qtp289058280-31] INFO  - REQUEST: POST http://localhost:8888/api/1.0/account {"balance":"1"}
[qtp289058280-31] INFO  - RESPONSE: 201 {"id":"69","balance":1}
[qtp289058280-31] INFO  - REQUEST: POST http://localhost:8888/api/1.0/account {"balance":"1"}
[qtp289058280-31] INFO  - RESPONSE: 201 {"id":"70","balance":1}
[qtp289058280-32] INFO  - REQUEST: POST http://localhost:8888/api/1.0/account {"balance":"1"}
[qtp289058280-32] INFO  - RESPONSE: 201 {"id":"71","balance":1}
[qtp289058280-28] INFO  - REQUEST: POST http://localhost:8888/api/1.0/account {"balance":"1"}
[qtp289058280-28] INFO  - RESPONSE: 201 {"id":"72","balance":1}
[qtp289058280-29] INFO  - REQUEST: POST http://localhost:8888/api/1.0/account {"balance":"1"}
[qtp289058280-29] INFO  - RESPONSE: 201 {"id":"73","balance":1}
[qtp289058280-28] INFO  - REQUEST: POST http://localhost:8888/api/1.0/account {"balance":"1"}
[qtp289058280-28] INFO  - RESPONSE: 201 {"id":"74","balance":1}
[qtp289058280-29] INFO  - REQUEST: POST http://localhost:8888/api/1.0/account {"balance":"1"}
[qtp289058280-29] INFO  - RESPONSE: 201 {"id":"75","balance":1}
[qtp289058280-32] INFO  - REQUEST: POST http://localhost:8888/api/1.0/account {"balance":"1"}
[qtp289058280-32] INFO  - RESPONSE: 201 {"id":"76","balance":1}
[qtp289058280-28] INFO  - REQUEST: POST http://localhost:8888/api/1.0/account {"balance":"1"}
[qtp289058280-28] INFO  - RESPONSE: 201 {"id":"77","balance":1}
[qtp289058280-31] INFO  - REQUEST: POST http://localhost:8888/api/1.0/account {"balance":"1"}
[qtp289058280-32] INFO  - REQUEST: POST http://localhost:8888/api/1.0/account {"balance":"1"}
[qtp289058280-31] INFO  - RESPONSE: 201 {"id":"78","balance":1}
[qtp289058280-32] INFO  - RESPONSE: 201 {"id":"79","balance":1}
[qtp289058280-28] INFO  - REQUEST: POST http://localhost:8888/api/1.0/account {"balance":"1"}
[qtp289058280-28] INFO  - RESPONSE: 201 {"id":"80","balance":1}
[qtp289058280-29] INFO  - REQUEST: POST http://localhost:8888/api/1.0/account {"balance":"1"}
[qtp289058280-29] INFO  - RESPONSE: 201 {"id":"81","balance":1}
[qtp289058280-32] INFO  - REQUEST: POST http://localhost:8888/api/1.0/account {"balance":"1"}
[qtp289058280-32] INFO  - RESPONSE: 201 {"id":"82","balance":1}
[qtp289058280-28] INFO  - REQUEST: POST http://localhost:8888/api/1.0/account {"balance":"1"}
[qtp289058280-28] INFO  - RESPONSE: 201 {"id":"83","balance":1}
[qtp289058280-29] INFO  - REQUEST: POST http://localhost:8888/api/1.0/account {"balance":"1"}
[qtp289058280-29] INFO  - RESPONSE: 201 {"id":"84","balance":1}
[qtp289058280-28] INFO  - REQUEST: POST http://localhost:8888/api/1.0/account {"balance":"1"}
[qtp289058280-28] INFO  - RESPONSE: 201 {"id":"85","balance":1}
[qtp289058280-32] INFO  - REQUEST: POST http://localhost:8888/api/1.0/account {"balance":"1"}
[qtp289058280-32] INFO  - RESPONSE: 201 {"id":"86","balance":1}
[qtp289058280-29] INFO  - REQUEST: POST http://localhost:8888/api/1.0/account {"balance":"1"}
[qtp289058280-29] INFO  - RESPONSE: 201 {"id":"87","balance":1}
[qtp289058280-32] INFO  - REQUEST: POST http://localhost:8888/api/1.0/account {"balance":"1"}
[qtp289058280-32] INFO  - RESPONSE: 201 {"id":"88","balance":1}
[qtp289058280-28] INFO  - REQUEST: POST http://localhost:8888/api/1.0/account {"balance":"1"}
[qtp289058280-28] INFO  - RESPONSE: 201 {"id":"89","balance":1}
[qtp289058280-29] INFO  - REQUEST: POST http://localhost:8888/api/1.0/account {"balance":"1"}
[qtp289058280-29] INFO  - RESPONSE: 201 {"id":"90","balance":1}
[qtp289058280-31] INFO  - REQUEST: POST http://localhost:8888/api/1.0/account {"balance":"1"}
[qtp289058280-31] INFO  - RESPONSE: 201 {"id":"91","balance":1}
[qtp289058280-28] INFO  - REQUEST: POST http://localhost:8888/api/1.0/account {"balance":"1"}
[qtp289058280-28] INFO  - RESPONSE: 201 {"id":"92","balance":1}
[qtp289058280-29] INFO  - REQUEST: POST http://localhost:8888/api/1.0/account {"balance":"1"}
[qtp289058280-29] INFO  - RESPONSE: 201 {"id":"93","balance":1}
[qtp289058280-28] INFO  - REQUEST: POST http://localhost:8888/api/1.0/account {"balance":"1"}
[qtp289058280-28] INFO  - RESPONSE: 201 {"id":"94","balance":1}
[qtp289058280-31] INFO  - REQUEST: POST http://localhost:8888/api/1.0/account {"balance":"1"}
[qtp289058280-31] INFO  - RESPONSE: 201 {"id":"95","balance":1}
[qtp289058280-29] INFO  - REQUEST: POST http://localhost:8888/api/1.0/account {"balance":"1"}
[qtp289058280-29] INFO  - RESPONSE: 201 {"id":"96","balance":1}
[qtp289058280-28] INFO  - REQUEST: POST http://localhost:8888/api/1.0/account {"balance":"1"}
[qtp289058280-28] INFO  - RESPONSE: 201 {"id":"97","balance":1}
[qtp289058280-31] INFO  - REQUEST: POST http://localhost:8888/api/1.0/account {"balance":"1"}
[qtp289058280-31] INFO  - RESPONSE: 201 {"id":"98","balance":1}
[qtp289058280-34] INFO  - REQUEST: POST http://localhost:8888/api/1.0/account {"balance":"1"}
[qtp289058280-32] INFO  - REQUEST: POST http://localhost:8888/api/1.0/account {"balance":"1"}
[qtp289058280-34] INFO  - RESPONSE: 201 {"id":"99","balance":1}
[qtp289058280-32] INFO  - RESPONSE: 201 {"id":"100","balance":1}
[qtp289058280-34] INFO  - REQUEST: POST http://localhost:8888/api/1.0/account {"balance":"1"}
[qtp289058280-31] INFO  - REQUEST: POST http://localhost:8888/api/1.0/account {"balance":"1"}
[qtp289058280-34] INFO  - RESPONSE: 201 {"id":"101","balance":1}
[qtp289058280-31] INFO  - RESPONSE: 201 {"id":"102","balance":1}
[qtp289058280-32] INFO  - REQUEST: POST http://localhost:8888/api/1.0/account {"balance":"1"}
[qtp289058280-28] INFO  - REQUEST: POST http://localhost:8888/api/1.0/account {"balance":"1"}
[qtp289058280-32] INFO  - RESPONSE: 201 {"id":"103","balance":1}
[qtp289058280-28] INFO  - RESPONSE: 201 {"id":"104","balance":1}
[qtp289058280-34] INFO  - REQUEST: POST http://localhost:8888/api/1.0/account {"balance":"1"}
[qtp289058280-34] INFO  - RESPONSE: 201 {"id":"105","balance":1}
[qtp289058280-31] INFO  - REQUEST: POST http://localhost:8888/api/1.0/account {"balance":"1"}
[qtp289058280-28] INFO  - REQUEST: POST http://localhost:8888/api/1.0/account {"balance":"1"}
[qtp289058280-31] INFO  - RESPONSE: 201 {"id":"106","balance":1}
[qtp289058280-28] INFO  - RESPONSE: 201 {"id":"107","balance":1}
[qtp289058280-34] INFO  - REQUEST: POST http://localhost:8888/api/1.0/account {"balance":"1"}
[qtp289058280-34] INFO  - RESPONSE: 201 {"id":"108","balance":1}
[qtp289058280-34] INFO  - REQUEST: POST http://localhost:8888/api/1.0/account {"balance":"1"}
[qtp289058280-34] INFO  - RESPONSE: 201 {"id":"109","balance":1}
[qtp289058280-31] INFO  - REQUEST: POST http://localhost:8888/api/1.0/account {"balance":"1"}
[qtp289058280-31] INFO  - RESPONSE: 201 {"id":"110","balance":1}
[qtp289058280-34] INFO  - REQUEST: POST http://localhost:8888/api/1.0/account {"balance":"1"}
[qtp289058280-34] INFO  - RESPONSE: 201 {"id":"111","balance":1}
[qtp289058280-32] INFO  - REQUEST: POST http://localhost:8888/api/1.0/account {"balance":"1"}
[qtp289058280-32] INFO  - RESPONSE: 201 {"id":"112","balance":1}
[qtp289058280-31] INFO  - REQUEST: POST http://localhost:8888/api/1.0/account {"balance":"1"}
[qtp289058280-31] INFO  - RESPONSE: 201 {"id":"113","balance":1}
[qtp289058280-32] INFO  - REQUEST: POST http://localhost:8888/api/1.0/account {"balance":"1"}
[qtp289058280-34] INFO  - REQUEST: POST http://localhost:8888/api/1.0/account {"balance":"1"}
[qtp289058280-32] INFO  - RESPONSE: 201 {"id":"114","balance":1}
[qtp289058280-34] INFO  - RESPONSE: 201 {"id":"115","balance":1}
[qtp289058280-31] INFO  - REQUEST: POST http://localhost:8888/api/1.0/account {"balance":"1"}
[qtp289058280-31] INFO  - RESPONSE: 201 {"id":"116","balance":1}
[qtp289058280-28] INFO  - REQUEST: POST http://localhost:8888/api/1.0/account {"balance":"1"}
[qtp289058280-28] INFO  - RESPONSE: 201 {"id":"117","balance":1}
[qtp289058280-32] INFO  - REQUEST: POST http://localhost:8888/api/1.0/account {"balance":"1"}
[qtp289058280-28] INFO  - REQUEST: POST http://localhost:8888/api/1.0/account {"balance":"1"}
[qtp289058280-32] INFO  - RESPONSE: 201 {"id":"118","balance":1}
[qtp289058280-28] INFO  - RESPONSE: 201 {"id":"119","balance":1}
[qtp289058280-31] INFO  - REQUEST: POST http://localhost:8888/api/1.0/account {"balance":"1"}
[qtp289058280-31] INFO  - RESPONSE: 201 {"id":"120","balance":1}
[qtp289058280-29] INFO  - REQUEST: POST http://localhost:8888/api/1.0/account {"balance":"1"}
[qtp289058280-29] INFO  - RESPONSE: 201 {"id":"121","balance":1}
[qtp289058280-31] INFO  - REQUEST: POST http://localhost:8888/api/1.0/account {"balance":"1"}
[qtp289058280-31] INFO  - RESPONSE: 201 {"id":"122","balance":1}
[qtp289058280-28] INFO  - REQUEST: POST http://localhost:8888/api/1.0/account {"balance":"1"}
[qtp289058280-28] INFO  - RESPONSE: 201 {"id":"123","balance":1}
[qtp289058280-31] INFO  - REQUEST: POST http://localhost:8888/api/1.0/account {"balance":"1"}
[qtp289058280-31] INFO  - RESPONSE: 201 {"id":"124","balance":1}
[qtp289058280-32] INFO  - REQUEST: POST http://localhost:8888/api/1.0/account {"balance":"1"}
[qtp289058280-32] INFO  - RESPONSE: 201 {"id":"125","balance":1}
[qtp289058280-31] INFO  - REQUEST: POST http://localhost:8888/api/1.0/account {"balance":"1"}
[qtp289058280-31] INFO  - RESPONSE: 201 {"id":"126","balance":1}
[qtp289058280-28] INFO  - REQUEST: POST http://localhost:8888/api/1.0/account {"balance":"1"}
[qtp289058280-28] INFO  - RESPONSE: 201 {"id":"127","balance":1}
[qtp289058280-31] INFO  - REQUEST: POST http://localhost:8888/api/1.0/account {"balance":"1"}
[qtp289058280-32] INFO  - REQUEST: POST http://localhost:8888/api/1.0/account {"balance":"1"}
[qtp289058280-31] INFO  - RESPONSE: 201 {"id":"128","balance":1}
[qtp289058280-32] INFO  - RESPONSE: 201 {"id":"129","balance":1}
[qtp289058280-29] INFO  - REQUEST: POST http://localhost:8888/api/1.0/account {"balance":"1"}
[qtp289058280-29] INFO  - RESPONSE: 201 {"id":"130","balance":1}
[qtp289058280-28] INFO  - REQUEST: POST http://localhost:8888/api/1.0/account {"balance":"1"}
[qtp289058280-28] INFO  - RESPONSE: 201 {"id":"131","balance":1}
[qtp289058280-32] INFO  - REQUEST: POST http://localhost:8888/api/1.0/account {"balance":"1"}
[qtp289058280-32] INFO  - RESPONSE: 201 {"id":"132","balance":1}
[qtp289058280-29] INFO  - REQUEST: POST http://localhost:8888/api/1.0/account {"balance":"1"}
[qtp289058280-29] INFO  - RESPONSE: 201 {"id":"133","balance":1}
[qtp289058280-31] INFO  - REQUEST: POST http://localhost:8888/api/1.0/account {"balance":"1"}
[qtp289058280-31] INFO  - RESPONSE: 201 {"id":"134","balance":1}
[qtp289058280-32] INFO  - REQUEST: POST http://localhost:8888/api/1.0/account {"balance":"1"}
[qtp289058280-32] INFO  - RESPONSE: 201 {"id":"135","balance":1}
[qtp289058280-29] INFO  - REQUEST: POST http://localhost:8888/api/1.0/account {"balance":"1"}
[qtp289058280-29] INFO  - RESPONSE: 201 {"id":"136","balance":1}
[qtp289058280-28] INFO  - REQUEST: POST http://localhost:8888/api/1.0/account {"balance":"1"}
[qtp289058280-28] INFO  - RESPONSE: 201 {"id":"137","balance":1}
[qtp289058280-32] INFO  - REQUEST: POST http://localhost:8888/api/1.0/account {"balance":"1"}
[qtp289058280-29] INFO  - REQUEST: POST http://localhost:8888/api/1.0/account {"balance":"1"}
[qtp289058280-32] INFO  - RESPONSE: 201 {"id":"138","balance":1}
[qtp289058280-29] INFO  - RESPONSE: 201 {"id":"139","balance":1}
[qtp289058280-31] INFO  - REQUEST: POST http://localhost:8888/api/1.0/account {"balance":"1"}
[qtp289058280-31] INFO  - RESPONSE: 201 {"id":"140","balance":1}
[qtp289058280-28] INFO  - REQUEST: POST http://localhost:8888/api/1.0/account {"balance":"1"}
[qtp289058280-29] INFO  - REQUEST: POST http://localhost:8888/api/1.0/account {"balance":"1"}
[qtp289058280-28] INFO  - RESPONSE: 201 {"id":"141","balance":1}
[qtp289058280-29] INFO  - RESPONSE: 201 {"id":"142","balance":1}
[qtp289058280-31] INFO  - REQUEST: POST http://localhost:8888/api/1.0/account {"balance":"1"}
[qtp289058280-31] INFO  - RESPONSE: 201 {"id":"143","balance":1}
[qtp289058280-32] INFO  - REQUEST: POST http://localhost:8888/api/1.0/account {"balance":"1"}
[qtp289058280-32] INFO  - RESPONSE: 201 {"id":"144","balance":1}
[qtp289058280-28] INFO  - REQUEST: POST http://localhost:8888/api/1.0/account {"balance":"1"}
[qtp289058280-28] INFO  - RESPONSE: 201 {"id":"145","balance":1}
[qtp289058280-29] INFO  - REQUEST: POST http://localhost:8888/api/1.0/account {"balance":"1"}
[qtp289058280-29] INFO  - RESPONSE: 201 {"id":"146","balance":1}
[qtp289058280-28] INFO  - REQUEST: POST http://localhost:8888/api/1.0/account {"balance":"1"}
[qtp289058280-28] INFO  - RESPONSE: 201 {"id":"147","balance":1}
[qtp289058280-31] INFO  - REQUEST: POST http://localhost:8888/api/1.0/account {"balance":"1"}
[qtp289058280-31] INFO  - RESPONSE: 201 {"id":"148","balance":1}
[qtp289058280-32] INFO  - REQUEST: POST http://localhost:8888/api/1.0/account {"balance":"1"}
[qtp289058280-32] INFO  - RESPONSE: 201 {"id":"149","balance":1}
[qtp289058280-31] INFO  - REQUEST: POST http://localhost:8888/api/1.0/account {"balance":"1"}
[qtp289058280-31] INFO  - RESPONSE: 201 {"id":"150","balance":1}
[qtp289058280-29] INFO  - REQUEST: POST http://localhost:8888/api/1.0/account {"balance":"1"}
[qtp289058280-28] INFO  - REQUEST: POST http://localhost:8888/api/1.0/account {"balance":"1"}
[qtp289058280-29] INFO  - RESPONSE: 201 {"id":"151","balance":1}
[qtp289058280-28] INFO  - RESPONSE: 201 {"id":"152","balance":1}
[qtp289058280-32] INFO  - REQUEST: POST http://localhost:8888/api/1.0/account {"balance":"1"}
[qtp289058280-28] INFO  - REQUEST: POST http://localhost:8888/api/1.0/account {"balance":"1"}
[qtp289058280-32] INFO  - RESPONSE: 201 {"id":"153","balance":1}
[qtp289058280-28] INFO  - RESPONSE: 201 {"id":"154","balance":1}
[qtp289058280-34] INFO  - REQUEST: POST http://localhost:8888/api/1.0/account {"balance":"1"}
[qtp289058280-34] INFO  - RESPONSE: 201 {"id":"155","balance":1}
[qtp289058280-29] INFO  - REQUEST: POST http://localhost:8888/api/1.0/account {"balance":"1"}
[qtp289058280-29] INFO  - RESPONSE: 201 {"id":"156","balance":1}
[qtp289058280-28] INFO  - REQUEST: POST http://localhost:8888/api/1.0/account {"balance":"1"}
[qtp289058280-28] INFO  - RESPONSE: 201 {"id":"157","balance":1}
[qtp289058280-32] INFO  - REQUEST: POST http://localhost:8888/api/1.0/account {"balance":"1"}
[qtp289058280-32] INFO  - RESPONSE: 201 {"id":"158","balance":1}
[qtp289058280-34] INFO  - REQUEST: POST http://localhost:8888/api/1.0/account {"balance":"1"}
[qtp289058280-34] INFO  - RESPONSE: 201 {"id":"159","balance":1}
[qtp289058280-28] INFO  - REQUEST: POST http://localhost:8888/api/1.0/account {"balance":"1"}
[qtp289058280-28] INFO  - RESPONSE: 201 {"id":"160","balance":1}
[qtp289058280-32] INFO  - REQUEST: POST http://localhost:8888/api/1.0/account {"balance":"1"}
[qtp289058280-32] INFO  - RESPONSE: 201 {"id":"161","balance":1}
[qtp289058280-28] INFO  - REQUEST: POST http://localhost:8888/api/1.0/account {"balance":"1"}
[qtp289058280-28] INFO  - RESPONSE: 201 {"id":"162","balance":1}
[qtp289058280-34] INFO  - REQUEST: POST http://localhost:8888/api/1.0/account {"balance":"1"}
[qtp289058280-29] INFO  - REQUEST: POST http://localhost:8888/api/1.0/account {"balance":"1"}
[qtp289058280-34] INFO  - RESPONSE: 201 {"id":"163","balance":1}
[qtp289058280-29] INFO  - RESPONSE: 201 {"id":"164","balance":1}
[qtp289058280-28] INFO  - REQUEST: POST http://localhost:8888/api/1.0/account {"balance":"1"}
[qtp289058280-28] INFO  - RESPONSE: 201 {"id":"165","balance":1}
[qtp289058280-32] INFO  - REQUEST: POST http://localhost:8888/api/1.0/account {"balance":"1"}
[qtp289058280-32] INFO  - RESPONSE: 201 {"id":"166","balance":1}
[qtp289058280-28] INFO  - REQUEST: POST http://localhost:8888/api/1.0/account {"balance":"1"}
[qtp289058280-28] INFO  - RESPONSE: 201 {"id":"167","balance":1}
[qtp289058280-29] INFO  - REQUEST: POST http://localhost:8888/api/1.0/account {"balance":"1"}
[qtp289058280-29] INFO  - RESPONSE: 201 {"id":"168","balance":1}
[qtp289058280-34] INFO  - REQUEST: POST http://localhost:8888/api/1.0/account {"balance":"1"}
[qtp289058280-34] INFO  - RESPONSE: 201 {"id":"169","balance":1}
[qtp289058280-29] INFO  - REQUEST: POST http://localhost:8888/api/1.0/account {"balance":"1"}
[qtp289058280-29] INFO  - RESPONSE: 201 {"id":"170","balance":1}
[qtp289058280-32] INFO  - REQUEST: POST http://localhost:8888/api/1.0/account {"balance":"1"}
[qtp289058280-32] INFO  - RESPONSE: 201 {"id":"171","balance":1}
[qtp289058280-29] INFO  - REQUEST: POST http://localhost:8888/api/1.0/account {"balance":"1"}
[qtp289058280-29] INFO  - RESPONSE: 201 {"id":"172","balance":1}
[qtp289058280-34] INFO  - REQUEST: POST http://localhost:8888/api/1.0/account {"balance":"1"}
[qtp289058280-34] INFO  - RESPONSE: 201 {"id":"173","balance":1}
[qtp289058280-28] INFO  - REQUEST: POST http://localhost:8888/api/1.0/account {"balance":"1"}
[qtp289058280-28] INFO  - RESPONSE: 201 {"id":"174","balance":1}
[qtp289058280-32] INFO  - REQUEST: POST http://localhost:8888/api/1.0/account {"balance":"1"}
[qtp289058280-32] INFO  - RESPONSE: 201 {"id":"175","balance":1}
[qtp289058280-28] INFO  - REQUEST: POST http://localhost:8888/api/1.0/account {"balance":"1"}
[qtp289058280-32] INFO  - REQUEST: POST http://localhost:8888/api/1.0/account {"balance":"1"}
[qtp289058280-28] INFO  - RESPONSE: 201 {"id":"176","balance":1}
[qtp289058280-32] INFO  - RESPONSE: 201 {"id":"177","balance":1}
[qtp289058280-34] INFO  - REQUEST: POST http://localhost:8888/api/1.0/account {"balance":"1"}
[qtp289058280-34] INFO  - RESPONSE: 201 {"id":"178","balance":1}
[qtp289058280-28] INFO  - REQUEST: POST http://localhost:8888/api/1.0/account {"balance":"1"}
[qtp289058280-28] INFO  - RESPONSE: 201 {"id":"179","balance":1}
[qtp289058280-29] INFO  - REQUEST: POST http://localhost:8888/api/1.0/account {"balance":"1"}
[qtp289058280-29] INFO  - RESPONSE: 201 {"id":"180","balance":1}
[qtp289058280-34] INFO  - REQUEST: POST http://localhost:8888/api/1.0/account {"balance":"1"}
[qtp289058280-34] INFO  - RESPONSE: 201 {"id":"181","balance":1}
[qtp289058280-28] INFO  - REQUEST: POST http://localhost:8888/api/1.0/account {"balance":"1"}
[qtp289058280-28] INFO  - RESPONSE: 201 {"id":"182","balance":1}
[qtp289058280-29] INFO  - REQUEST: POST http://localhost:8888/api/1.0/account {"balance":"1"}
[qtp289058280-29] INFO  - RESPONSE: 201 {"id":"183","balance":1}
[qtp289058280-34] INFO  - REQUEST: POST http://localhost:8888/api/1.0/account {"balance":"1"}
[qtp289058280-34] INFO  - RESPONSE: 201 {"id":"184","balance":1}
[qtp289058280-28] INFO  - REQUEST: POST http://localhost:8888/api/1.0/account {"balance":"1"}
[qtp289058280-28] INFO  - RESPONSE: 201 {"id":"185","balance":1}
[qtp289058280-29] INFO  - REQUEST: POST http://localhost:8888/api/1.0/account {"balance":"1"}
[qtp289058280-29] INFO  - RESPONSE: 201 {"id":"186","balance":1}
[qtp289058280-28] INFO  - REQUEST: POST http://localhost:8888/api/1.0/account {"balance":"1"}
[qtp289058280-28] INFO  - RESPONSE: 201 {"id":"187","balance":1}
[qtp289058280-34] INFO  - REQUEST: POST http://localhost:8888/api/1.0/account {"balance":"1"}
[qtp289058280-34] INFO  - RESPONSE: 201 {"id":"188","balance":1}
[qtp289058280-28] INFO  - REQUEST: POST http://localhost:8888/api/1.0/account {"balance":"1"}
[qtp289058280-28] INFO  - RESPONSE: 201 {"id":"189","balance":1}
[qtp289058280-29] INFO  - REQUEST: POST http://localhost:8888/api/1.0/account {"balance":"1"}
[qtp289058280-29] INFO  - RESPONSE: 201 {"id":"190","balance":1}
[qtp289058280-32] INFO  - REQUEST: POST http://localhost:8888/api/1.0/account {"balance":"1"}
[qtp289058280-32] INFO  - RESPONSE: 201 {"id":"191","balance":1}
[qtp289058280-34] INFO  - REQUEST: POST http://localhost:8888/api/1.0/account {"balance":"1"}
[qtp289058280-34] INFO  - RESPONSE: 201 {"id":"192","balance":1}
[qtp289058280-34] INFO  - REQUEST: POST http://localhost:8888/api/1.0/account {"balance":"1"}
[qtp289058280-34] INFO  - RESPONSE: 201 {"id":"193","balance":1}
[qtp289058280-29] INFO  - REQUEST: POST http://localhost:8888/api/1.0/account {"balance":"1"}
[qtp289058280-29] INFO  - RESPONSE: 201 {"id":"194","balance":1}
[qtp289058280-32] INFO  - REQUEST: POST http://localhost:8888/api/1.0/account {"balance":"1"}
[qtp289058280-32] INFO  - RESPONSE: 201 {"id":"195","balance":1}
[qtp289058280-28] INFO  - REQUEST: POST http://localhost:8888/api/1.0/account {"balance":"1"}
[qtp289058280-28] INFO  - RESPONSE: 201 {"id":"196","balance":1}
[qtp289058280-32] INFO  - REQUEST: POST http://localhost:8888/api/1.0/account {"balance":"1"}
[qtp289058280-32] INFO  - RESPONSE: 201 {"id":"197","balance":1}
[qtp289058280-29] INFO  - REQUEST: POST http://localhost:8888/api/1.0/account {"balance":"1"}
[qtp289058280-29] INFO  - RESPONSE: 201 {"id":"198","balance":1}
[qtp289058280-28] INFO  - REQUEST: POST http://localhost:8888/api/1.0/account {"balance":"1"}
[qtp289058280-28] INFO  - RESPONSE: 201 {"id":"199","balance":1}
[qtp289058280-32] INFO  - REQUEST: POST http://localhost:8888/api/1.0/account {"balance":"1"}
[qtp289058280-32] INFO  - RESPONSE: 201 {"id":"200","balance":1}
[qtp289058280-29] INFO  - REQUEST: POST http://localhost:8888/api/1.0/account {"balance":"1"}
[qtp289058280-29] INFO  - RESPONSE: 201 {"id":"201","balance":1}
[qtp289058280-28] INFO  - REQUEST: POST http://localhost:8888/api/1.0/account {"balance":"1"}
[qtp289058280-28] INFO  - RESPONSE: 201 {"id":"202","balance":1}
[qtp289058280-32] INFO  - REQUEST: POST http://localhost:8888/api/1.0/account {"balance":"1"}
[qtp289058280-32] INFO  - RESPONSE: 201 {"id":"203","balance":1}
[qtp289058280-32] INFO  - REQUEST: POST http://localhost:8888/api/1.0/account {"balance":"1"}
[qtp289058280-34] INFO  - REQUEST: POST http://localhost:8888/api/1.0/account {"balance":"1"}
[qtp289058280-32] INFO  - RESPONSE: 201 {"id":"204","balance":1}
[qtp289058280-34] INFO  - RESPONSE: 201 {"id":"205","balance":1}
[qtp289058280-28] INFO  - REQUEST: POST http://localhost:8888/api/1.0/account {"balance":"1"}
[qtp289058280-28] INFO  - RESPONSE: 201 {"id":"206","balance":1}
[qtp289058280-29] INFO  - REQUEST: POST http://localhost:8888/api/1.0/account {"balance":"1"}
[qtp289058280-29] INFO  - RESPONSE: 201 {"id":"207","balance":1}
[qtp289058280-32] INFO  - REQUEST: POST http://localhost:8888/api/1.0/account {"balance":"1"}
[qtp289058280-32] INFO  - RESPONSE: 201 {"id":"208","balance":1}
[qtp289058280-28] INFO  - REQUEST: POST http://localhost:8888/api/1.0/account {"balance":"1"}
[qtp289058280-28] INFO  - RESPONSE: 201 {"id":"209","balance":1}
[qtp289058280-29] INFO  - REQUEST: POST http://localhost:8888/api/1.0/account {"balance":"1"}
[qtp289058280-29] INFO  - RESPONSE: 201 {"id":"210","balance":1}
[qtp289058280-34] INFO  - REQUEST: POST http://localhost:8888/api/1.0/account {"balance":"1"}
[qtp289058280-34] INFO  - RESPONSE: 201 {"id":"211","balance":1}
[qtp289058280-28] INFO  - REQUEST: POST http://localhost:8888/api/1.0/account {"balance":"1"}
[qtp289058280-32] INFO  - REQUEST: POST http://localhost:8888/api/1.0/account {"balance":"1"}
[qtp289058280-28] INFO  - RESPONSE: 201 {"id":"212","balance":1}
[qtp289058280-32] INFO  - RESPONSE: 201 {"id":"213","balance":1}
[qtp289058280-31] INFO  - REQUEST: POST http://localhost:8888/api/1.0/account {"balance":"1"}
[qtp289058280-31] INFO  - RESPONSE: 201 {"id":"214","balance":1}
[qtp289058280-31] INFO  - REQUEST: POST http://localhost:8888/api/1.0/account {"balance":"1"}
[qtp289058280-34] INFO  - REQUEST: POST http://localhost:8888/api/1.0/account {"balance":"1"}
[qtp289058280-31] INFO  - RESPONSE: 201 {"id":"215","balance":1}
[qtp289058280-34] INFO  - RESPONSE: 201 {"id":"216","balance":1}
[qtp289058280-31] INFO  - REQUEST: POST http://localhost:8888/api/1.0/account {"balance":"1"}
[qtp289058280-31] INFO  - RESPONSE: 201 {"id":"217","balance":1}
[qtp289058280-32] INFO  - REQUEST: POST http://localhost:8888/api/1.0/account {"balance":"1"}
[qtp289058280-32] INFO  - RESPONSE: 201 {"id":"218","balance":1}
[qtp289058280-31] INFO  - REQUEST: POST http://localhost:8888/api/1.0/account {"balance":"1"}
[qtp289058280-34] INFO  - REQUEST: POST http://localhost:8888/api/1.0/account {"balance":"1"}
[qtp289058280-31] INFO  - RESPONSE: 201 {"id":"219","balance":1}
[qtp289058280-34] INFO  - RESPONSE: 201 {"id":"220","balance":1}
[qtp289058280-34] INFO  - REQUEST: POST http://localhost:8888/api/1.0/account {"balance":"1"}
[qtp289058280-34] INFO  - RESPONSE: 201 {"id":"221","balance":1}
[qtp289058280-31] INFO  - REQUEST: POST http://localhost:8888/api/1.0/account {"balance":"1"}
[qtp289058280-31] INFO  - RESPONSE: 201 {"id":"222","balance":1}
[qtp289058280-34] INFO  - REQUEST: POST http://localhost:8888/api/1.0/account {"balance":"1"}
[qtp289058280-34] INFO  - RESPONSE: 201 {"id":"223","balance":1}
[qtp289058280-28] INFO  - REQUEST: POST http://localhost:8888/api/1.0/account {"balance":"1"}
[qtp289058280-28] INFO  - RESPONSE: 201 {"id":"224","balance":1}
[qtp289058280-32] INFO  - REQUEST: POST http://localhost:8888/api/1.0/account {"balance":"1"}
[qtp289058280-32] INFO  - RESPONSE: 201 {"id":"225","balance":1}
[qtp289058280-31] INFO  - REQUEST: POST http://localhost:8888/api/1.0/account {"balance":"1"}
[qtp289058280-31] INFO  - RESPONSE: 201 {"id":"226","balance":1}
[qtp289058280-28] INFO  - REQUEST: POST http://localhost:8888/api/1.0/account {"balance":"1"}
[qtp289058280-28] INFO  - RESPONSE: 201 {"id":"227","balance":1}
[qtp289058280-32] INFO  - REQUEST: POST http://localhost:8888/api/1.0/account {"balance":"1"}
[qtp289058280-32] INFO  - RESPONSE: 201 {"id":"228","balance":1}
[qtp289058280-31] INFO  - REQUEST: POST http://localhost:8888/api/1.0/account {"balance":"1"}
[qtp289058280-31] INFO  - RESPONSE: 201 {"id":"229","balance":1}
[qtp289058280-34] INFO  - REQUEST: POST http://localhost:8888/api/1.0/account {"balance":"1"}
[qtp289058280-34] INFO  - RESPONSE: 201 {"id":"230","balance":1}
[qtp289058280-31] INFO  - REQUEST: POST http://localhost:8888/api/1.0/account {"balance":"1"}
[qtp289058280-31] INFO  - RESPONSE: 201 {"id":"231","balance":1}
[qtp289058280-32] INFO  - REQUEST: POST http://localhost:8888/api/1.0/account {"balance":"1"}
[qtp289058280-32] INFO  - RESPONSE: 201 {"id":"232","balance":1}
[qtp289058280-28] INFO  - REQUEST: POST http://localhost:8888/api/1.0/account {"balance":"1"}
[qtp289058280-28] INFO  - RESPONSE: 201 {"id":"233","balance":1}
[qtp289058280-31] INFO  - REQUEST: POST http://localhost:8888/api/1.0/account {"balance":"1"}
[qtp289058280-31] INFO  - RESPONSE: 201 {"id":"234","balance":1}
[qtp289058280-34] INFO  - REQUEST: POST http://localhost:8888/api/1.0/account {"balance":"1"}
[qtp289058280-34] INFO  - RESPONSE: 201 {"id":"235","balance":1}
[qtp289058280-31] INFO  - REQUEST: POST http://localhost:8888/api/1.0/account {"balance":"1"}
[qtp289058280-31] INFO  - RESPONSE: 201 {"id":"236","balance":1}
[qtp289058280-52] INFO  - REQUEST: POST http://localhost:8888/api/1.0/account {"balance":"1"}
[qtp289058280-53] INFO  - REQUEST: POST http://localhost:8888/api/1.0/account {"balance":"1"}
[qtp289058280-52] INFO  - RESPONSE: 201 {"id":"237","balance":1}
[qtp289058280-53] INFO  - RESPONSE: 201 {"id":"238","balance":1}
[qtp289058280-34] INFO  - REQUEST: POST http://localhost:8888/api/1.0/account {"balance":"1"}
[qtp289058280-34] INFO  - RESPONSE: 201 {"id":"239","balance":1}
[qtp289058280-29] INFO  - REQUEST: POST http://localhost:8888/api/1.0/account {"balance":"1"}
[qtp289058280-29] INFO  - RESPONSE: 201 {"id":"240","balance":1}
[qtp289058280-46] INFO  - REQUEST: POST http://localhost:8888/api/1.0/account {"balance":"1"}
[qtp289058280-35] INFO  - REQUEST: POST http://localhost:8888/api/1.0/account {"balance":"1"}
[qtp289058280-33] INFO  - REQUEST: POST http://localhost:8888/api/1.0/account {"balance":"1"}
[qtp289058280-33] INFO  - RESPONSE: 201 {"id":"243","balance":1}
[qtp289058280-46] INFO  - RESPONSE: 201 {"id":"242","balance":1}
[qtp289058280-35] INFO  - RESPONSE: 201 {"id":"241","balance":1}
[qtp289058280-47] INFO  - REQUEST: POST http://localhost:8888/api/1.0/account {"balance":"1"}
[qtp289058280-47] INFO  - RESPONSE: 201 {"id":"244","balance":1}
[qtp289058280-50] INFO  - REQUEST: POST http://localhost:8888/api/1.0/account {"balance":"1"}
[qtp289058280-46] INFO  - REQUEST: POST http://localhost:8888/api/1.0/account {"balance":"1"}
[qtp289058280-46] INFO  - RESPONSE: 201 {"id":"246","balance":1}
[qtp289058280-50] INFO  - RESPONSE: 201 {"id":"245","balance":1}
[qtp289058280-35] INFO  - REQUEST: POST http://localhost:8888/api/1.0/account {"balance":"1"}
[qtp289058280-35] INFO  - RESPONSE: 201 {"id":"247","balance":1}
[qtp289058280-47] INFO  - REQUEST: POST http://localhost:8888/api/1.0/account {"balance":"1"}
[qtp289058280-47] INFO  - RESPONSE: 201 {"id":"248","balance":1}
[qtp289058280-51] INFO  - REQUEST: POST http://localhost:8888/api/1.0/account {"balance":"1"}
[qtp289058280-35] INFO  - REQUEST: POST http://localhost:8888/api/1.0/account {"balance":"1"}
[qtp289058280-35] INFO  - RESPONSE: 201 {"id":"250","balance":1}
[qtp289058280-51] INFO  - RESPONSE: 201 {"id":"249","balance":1}
[qtp289058280-47] INFO  - REQUEST: POST http://localhost:8888/api/1.0/account {"balance":"1"}
[qtp289058280-47] INFO  - RESPONSE: 201 {"id":"251","balance":1}
[qtp289058280-46] INFO  - REQUEST: POST http://localhost:8888/api/1.0/account {"balance":"1"}
[qtp289058280-46] INFO  - RESPONSE: 201 {"id":"252","balance":1}
[qtp289058280-50] INFO  - REQUEST: POST http://localhost:8888/api/1.0/account {"balance":"1"}
[qtp289058280-51] INFO  - REQUEST: POST http://localhost:8888/api/1.0/account {"balance":"1"}
[qtp289058280-50] INFO  - RESPONSE: 201 {"id":"253","balance":1}
[qtp289058280-51] INFO  - RESPONSE: 201 {"id":"254","balance":1}
[qtp289058280-47] INFO  - REQUEST: POST http://localhost:8888/api/1.0/account {"balance":"1"}
[qtp289058280-47] INFO  - RESPONSE: 201 {"id":"255","balance":1}
[qtp289058280-51] INFO  - REQUEST: POST http://localhost:8888/api/1.0/account {"balance":"1"}
[qtp289058280-51] INFO  - RESPONSE: 201 {"id":"256","balance":1}
[qtp289058280-35] INFO  - REQUEST: POST http://localhost:8888/api/1.0/account {"balance":"1"}
[qtp289058280-35] INFO  - RESPONSE: 201 {"id":"257","balance":1}
[qtp289058280-50] INFO  - REQUEST: POST http://localhost:8888/api/1.0/account {"balance":"1"}
[qtp289058280-50] INFO  - RESPONSE: 201 {"id":"258","balance":1}
[qtp289058280-51] INFO  - REQUEST: POST http://localhost:8888/api/1.0/account {"balance":"1"}
[qtp289058280-51] INFO  - RESPONSE: 201 {"id":"259","balance":1}
[qtp289058280-35] INFO  - REQUEST: POST http://localhost:8888/api/1.0/account {"balance":"1"}
[qtp289058280-35] INFO  - RESPONSE: 201 {"id":"260","balance":1}
[qtp289058280-51] INFO  - REQUEST: POST http://localhost:8888/api/1.0/account {"balance":"1"}
[qtp289058280-50] INFO  - REQUEST: POST http://localhost:8888/api/1.0/account {"balance":"1"}
[qtp289058280-50] INFO  - RESPONSE: 201 {"id":"261","balance":1}
[qtp289058280-51] INFO  - RESPONSE: 201 {"id":"262","balance":1}
[qtp289058280-47] INFO  - REQUEST: POST http://localhost:8888/api/1.0/account {"balance":"1"}
[qtp289058280-47] INFO  - RESPONSE: 201 {"id":"263","balance":1}
[qtp289058280-35] INFO  - REQUEST: POST http://localhost:8888/api/1.0/account {"balance":"1"}
[qtp289058280-35] INFO  - RESPONSE: 201 {"id":"264","balance":1}
[qtp289058280-47] INFO  - REQUEST: POST http://localhost:8888/api/1.0/account {"balance":"1"}
[qtp289058280-50] INFO  - REQUEST: POST http://localhost:8888/api/1.0/account {"balance":"1"}
[qtp289058280-47] INFO  - RESPONSE: 201 {"id":"265","balance":1}
[qtp289058280-50] INFO  - RESPONSE: 201 {"id":"266","balance":1}
[qtp289058280-35] INFO  - REQUEST: POST http://localhost:8888/api/1.0/account {"balance":"1"}
[qtp289058280-35] INFO  - RESPONSE: 201 {"id":"267","balance":1}
[qtp289058280-51] INFO  - REQUEST: POST http://localhost:8888/api/1.0/account {"balance":"1"}
[qtp289058280-50] INFO  - REQUEST: POST http://localhost:8888/api/1.0/account {"balance":"1"}
[qtp289058280-51] INFO  - RESPONSE: 201 {"id":"268","balance":1}
[qtp289058280-50] INFO  - RESPONSE: 201 {"id":"269","balance":1}
[qtp289058280-35] INFO  - REQUEST: POST http://localhost:8888/api/1.0/account {"balance":"1"}
[qtp289058280-35] INFO  - RESPONSE: 201 {"id":"270","balance":1}
[qtp289058280-50] INFO  - REQUEST: POST http://localhost:8888/api/1.0/account {"balance":"1"}
[qtp289058280-50] INFO  - RESPONSE: 201 {"id":"271","balance":1}
[qtp289058280-47] INFO  - REQUEST: POST http://localhost:8888/api/1.0/account {"balance":"1"}
[qtp289058280-47] INFO  - RESPONSE: 201 {"id":"272","balance":1}
[qtp289058280-35] INFO  - REQUEST: POST http://localhost:8888/api/1.0/account {"balance":"1"}
[qtp289058280-51] INFO  - REQUEST: POST http://localhost:8888/api/1.0/account {"balance":"1"}
[qtp289058280-35] INFO  - RESPONSE: 201 {"id":"273","balance":1}
[qtp289058280-51] INFO  - RESPONSE: 201 {"id":"274","balance":1}
[qtp289058280-47] INFO  - REQUEST: POST http://localhost:8888/api/1.0/account {"balance":"1"}
[qtp289058280-47] INFO  - RESPONSE: 201 {"id":"275","balance":1}
[qtp289058280-46] INFO  - REQUEST: POST http://localhost:8888/api/1.0/account {"balance":"1"}
[qtp289058280-46] INFO  - RESPONSE: 201 {"id":"276","balance":1}
[qtp289058280-47] INFO  - REQUEST: POST http://localhost:8888/api/1.0/account {"balance":"1"}
[qtp289058280-47] INFO  - RESPONSE: 201 {"id":"277","balance":1}
[qtp289058280-50] INFO  - REQUEST: POST http://localhost:8888/api/1.0/account {"balance":"1"}
[qtp289058280-50] INFO  - RESPONSE: 201 {"id":"278","balance":1}
[qtp289058280-46] INFO  - REQUEST: POST http://localhost:8888/api/1.0/account {"balance":"1"}
[qtp289058280-50] INFO  - REQUEST: POST http://localhost:8888/api/1.0/account {"balance":"1"}
[qtp289058280-46] INFO  - RESPONSE: 201 {"id":"279","balance":1}
[qtp289058280-50] INFO  - RESPONSE: 201 {"id":"280","balance":1}
[qtp289058280-51] INFO  - REQUEST: POST http://localhost:8888/api/1.0/account {"balance":"1"}
[qtp289058280-51] INFO  - RESPONSE: 201 {"id":"281","balance":1}
[qtp289058280-50] INFO  - REQUEST: POST http://localhost:8888/api/1.0/account {"balance":"1"}
[qtp289058280-50] INFO  - RESPONSE: 201 {"id":"282","balance":1}
[qtp289058280-47] INFO  - REQUEST: POST http://localhost:8888/api/1.0/account {"balance":"1"}
[qtp289058280-47] INFO  - RESPONSE: 201 {"id":"283","balance":1}
[qtp289058280-51] INFO  - REQUEST: POST http://localhost:8888/api/1.0/account {"balance":"1"}
[qtp289058280-51] INFO  - RESPONSE: 201 {"id":"284","balance":1}
[qtp289058280-46] INFO  - REQUEST: POST http://localhost:8888/api/1.0/account {"balance":"1"}
[qtp289058280-46] INFO  - RESPONSE: 201 {"id":"285","balance":1}
[qtp289058280-50] INFO  - REQUEST: POST http://localhost:8888/api/1.0/account {"balance":"1"}
[qtp289058280-50] INFO  - RESPONSE: 201 {"id":"286","balance":1}
[qtp289058280-46] INFO  - REQUEST: POST http://localhost:8888/api/1.0/account {"balance":"1"}
[qtp289058280-46] INFO  - RESPONSE: 201 {"id":"287","balance":1}
[qtp289058280-51] INFO  - REQUEST: POST http://localhost:8888/api/1.0/account {"balance":"1"}
[qtp289058280-51] INFO  - RESPONSE: 201 {"id":"288","balance":1}
[qtp289058280-47] INFO  - REQUEST: POST http://localhost:8888/api/1.0/account {"balance":"1"}
[qtp289058280-47] INFO  - RESPONSE: 201 {"id":"289","balance":1}
[qtp289058280-51] INFO  - REQUEST: POST http://localhost:8888/api/1.0/account {"balance":"1"}
[qtp289058280-51] INFO  - RESPONSE: 201 {"id":"290","balance":1}
[qtp289058280-46] INFO  - REQUEST: POST http://localhost:8888/api/1.0/account {"balance":"1"}
[qtp289058280-46] INFO  - RESPONSE: 201 {"id":"291","balance":1}
[qtp289058280-47] INFO  - REQUEST: POST http://localhost:8888/api/1.0/account {"balance":"1"}
[qtp289058280-47] INFO  - RESPONSE: 201 {"id":"292","balance":1}
[qtp289058280-50] INFO  - REQUEST: POST http://localhost:8888/api/1.0/account {"balance":"1"}
[qtp289058280-50] INFO  - RESPONSE: 201 {"id":"293","balance":1}
[qtp289058280-51] INFO  - REQUEST: POST http://localhost:8888/api/1.0/account {"balance":"1"}
[qtp289058280-51] INFO  - RESPONSE: 201 {"id":"294","balance":1}
[qtp289058280-50] INFO  - REQUEST: POST http://localhost:8888/api/1.0/account {"balance":"1"}
[qtp289058280-50] INFO  - RESPONSE: 201 {"id":"295","balance":1}
[qtp289058280-47] INFO  - REQUEST: POST http://localhost:8888/api/1.0/account {"balance":"1"}
[qtp289058280-47] INFO  - RESPONSE: 201 {"id":"296","balance":1}
[qtp289058280-46] INFO  - REQUEST: POST http://localhost:8888/api/1.0/account {"balance":"1"}
[qtp289058280-46] INFO  - RESPONSE: 201 {"id":"297","balance":1}
[qtp289058280-51] INFO  - REQUEST: POST http://localhost:8888/api/1.0/account {"balance":"1"}
[qtp289058280-51] INFO  - RESPONSE: 201 {"id":"298","balance":1}
[qtp289058280-46] INFO  - REQUEST: POST http://localhost:8888/api/1.0/account {"balance":"1"}
[qtp289058280-46] INFO  - RESPONSE: 201 {"id":"299","balance":1}
[qtp289058280-47] INFO  - REQUEST: POST http://localhost:8888/api/1.0/account {"balance":"1"}
[qtp289058280-47] INFO  - RESPONSE: 201 {"id":"300","balance":1}
[qtp289058280-46] INFO  - REQUEST: POST http://localhost:8888/api/1.0/account {"balance":"1"}
[qtp289058280-51] INFO  - REQUEST: POST http://localhost:8888/api/1.0/account {"balance":"1"}
[qtp289058280-46] INFO  - RESPONSE: 201 {"id":"301","balance":1}
[qtp289058280-51] INFO  - RESPONSE: 201 {"id":"302","balance":1}
[qtp289058280-47] INFO  - REQUEST: POST http://localhost:8888/api/1.0/account {"balance":"1"}
[qtp289058280-47] INFO  - RESPONSE: 201 {"id":"303","balance":1}
[qtp289058280-50] INFO  - REQUEST: POST http://localhost:8888/api/1.0/account {"balance":"1"}
[qtp289058280-50] INFO  - RESPONSE: 201 {"id":"304","balance":1}
[qtp289058280-35] INFO  - REQUEST: POST http://localhost:8888/api/1.0/account {"balance":"1"}
[qtp289058280-35] INFO  - RESPONSE: 201 {"id":"305","balance":1}
[qtp289058280-46] INFO  - REQUEST: POST http://localhost:8888/api/1.0/account {"balance":"1"}
[qtp289058280-46] INFO  - RESPONSE: 201 {"id":"306","balance":1}
[qtp289058280-47] INFO  - REQUEST: POST http://localhost:8888/api/1.0/account {"balance":"1"}
[qtp289058280-47] INFO  - RESPONSE: 201 {"id":"307","balance":1}
[qtp289058280-35] INFO  - REQUEST: POST http://localhost:8888/api/1.0/account {"balance":"1"}
[qtp289058280-35] INFO  - RESPONSE: 201 {"id":"308","balance":1}
[qtp289058280-50] INFO  - REQUEST: POST http://localhost:8888/api/1.0/account {"balance":"1"}
[qtp289058280-50] INFO  - RESPONSE: 201 {"id":"309","balance":1}
[qtp289058280-46] INFO  - REQUEST: POST http://localhost:8888/api/1.0/account {"balance":"1"}
[qtp289058280-46] INFO  - RESPONSE: 201 {"id":"310","balance":1}
[qtp289058280-35] INFO  - REQUEST: POST http://localhost:8888/api/1.0/account {"balance":"1"}
[qtp289058280-35] INFO  - RESPONSE: 201 {"id":"311","balance":1}
[qtp289058280-50] INFO  - REQUEST: POST http://localhost:8888/api/1.0/account {"balance":"1"}
[qtp289058280-50] INFO  - RESPONSE: 201 {"id":"312","balance":1}
[qtp289058280-47] INFO  - REQUEST: POST http://localhost:8888/api/1.0/account {"balance":"1"}
[qtp289058280-47] INFO  - RESPONSE: 201 {"id":"313","balance":1}
[qtp289058280-35] INFO  - REQUEST: POST http://localhost:8888/api/1.0/account {"balance":"1"}
[qtp289058280-35] INFO  - RESPONSE: 201 {"id":"314","balance":1}
[qtp289058280-46] INFO  - REQUEST: POST http://localhost:8888/api/1.0/account {"balance":"1"}
[qtp289058280-46] INFO  - RESPONSE: 201 {"id":"315","balance":1}
[qtp289058280-46] INFO  - REQUEST: POST http://localhost:8888/api/1.0/account {"balance":"1"}
[qtp289058280-46] INFO  - RESPONSE: 201 {"id":"316","balance":1}
[qtp289058280-47] INFO  - REQUEST: POST http://localhost:8888/api/1.0/account {"balance":"1"}
[qtp289058280-47] INFO  - RESPONSE: 201 {"id":"317","balance":1}
[qtp289058280-50] INFO  - REQUEST: POST http://localhost:8888/api/1.0/account {"balance":"1"}
[qtp289058280-50] INFO  - RESPONSE: 201 {"id":"318","balance":1}
[qtp289058280-35] INFO  - REQUEST: POST http://localhost:8888/api/1.0/account {"balance":"1"}
[qtp289058280-35] INFO  - RESPONSE: 201 {"id":"319","balance":1}
[qtp289058280-50] INFO  - REQUEST: POST http://localhost:8888/api/1.0/account {"balance":"1"}
[qtp289058280-50] INFO  - RESPONSE: 201 {"id":"320","balance":1}
[qtp289058280-46] INFO  - REQUEST: POST http://localhost:8888/api/1.0/account {"balance":"1"}
[qtp289058280-46] INFO  - RESPONSE: 201 {"id":"321","balance":1}
[qtp289058280-35] INFO  - REQUEST: POST http://localhost:8888/api/1.0/account {"balance":"1"}
[qtp289058280-35] INFO  - RESPONSE: 201 {"id":"322","balance":1}
[qtp289058280-50] INFO  - REQUEST: POST http://localhost:8888/api/1.0/account {"balance":"1"}
[qtp289058280-50] INFO  - RESPONSE: 201 {"id":"323","balance":1}
[qtp289058280-46] INFO  - REQUEST: POST http://localhost:8888/api/1.0/account {"balance":"1"}
[qtp289058280-46] INFO  - RESPONSE: 201 {"id":"324","balance":1}
[qtp289058280-35] INFO  - REQUEST: POST http://localhost:8888/api/1.0/account {"balance":"1"}
[qtp289058280-35] INFO  - RESPONSE: 201 {"id":"325","balance":1}
[qtp289058280-47] INFO  - REQUEST: POST http://localhost:8888/api/1.0/account {"balance":"1"}
[qtp289058280-47] INFO  - RESPONSE: 201 {"id":"326","balance":1}
[qtp289058280-51] INFO  - REQUEST: POST http://localhost:8888/api/1.0/account {"balance":"1"}
[qtp289058280-35] INFO  - REQUEST: POST http://localhost:8888/api/1.0/account {"balance":"1"}
[qtp289058280-35] INFO  - RESPONSE: 201 {"id":"327","balance":1}
[qtp289058280-51] INFO  - RESPONSE: 201 {"id":"328","balance":1}
[qtp289058280-47] INFO  - REQUEST: POST http://localhost:8888/api/1.0/account {"balance":"1"}
[qtp289058280-47] INFO  - RESPONSE: 201 {"id":"329","balance":1}
[qtp289058280-35] INFO  - REQUEST: POST http://localhost:8888/api/1.0/account {"balance":"1"}
[qtp289058280-46] INFO  - REQUEST: POST http://localhost:8888/api/1.0/account {"balance":"1"}
[qtp289058280-35] INFO  - RESPONSE: 201 {"id":"330","balance":1}
[qtp289058280-46] INFO  - RESPONSE: 201 {"id":"331","balance":1}
[qtp289058280-51] INFO  - REQUEST: POST http://localhost:8888/api/1.0/account {"balance":"1"}
[qtp289058280-51] INFO  - RESPONSE: 201 {"id":"332","balance":1}
[qtp289058280-46] INFO  - REQUEST: POST http://localhost:8888/api/1.0/account {"balance":"1"}
[qtp289058280-46] INFO  - RESPONSE: 201 {"id":"333","balance":1}
[qtp289058280-47] INFO  - REQUEST: POST http://localhost:8888/api/1.0/account {"balance":"1"}
[qtp289058280-47] INFO  - RESPONSE: 201 {"id":"334","balance":1}
[qtp289058280-46] INFO  - REQUEST: POST http://localhost:8888/api/1.0/account {"balance":"1"}
[qtp289058280-46] INFO  - RESPONSE: 201 {"id":"335","balance":1}
[qtp289058280-51] INFO  - REQUEST: POST http://localhost:8888/api/1.0/account {"balance":"1"}
[qtp289058280-51] INFO  - RESPONSE: 201 {"id":"336","balance":1}
[qtp289058280-35] INFO  - REQUEST: POST http://localhost:8888/api/1.0/account {"balance":"1"}
[qtp289058280-35] INFO  - RESPONSE: 201 {"id":"337","balance":1}
[qtp289058280-46] INFO  - REQUEST: POST http://localhost:8888/api/1.0/account {"balance":"1"}
[qtp289058280-46] INFO  - RESPONSE: 201 {"id":"338","balance":1}
[qtp289058280-51] INFO  - REQUEST: POST http://localhost:8888/api/1.0/account {"balance":"1"}
[qtp289058280-51] INFO  - RESPONSE: 201 {"id":"339","balance":1}
[qtp289058280-46] INFO  - REQUEST: POST http://localhost:8888/api/1.0/account {"balance":"1"}
[qtp289058280-46] INFO  - RESPONSE: 201 {"id":"340","balance":1}
[qtp289058280-47] INFO  - REQUEST: POST http://localhost:8888/api/1.0/account {"balance":"1"}
[qtp289058280-47] INFO  - RESPONSE: 201 {"id":"341","balance":1}
[qtp289058280-51] INFO  - REQUEST: POST http://localhost:8888/api/1.0/account {"balance":"1"}
[qtp289058280-46] INFO  - REQUEST: POST http://localhost:8888/api/1.0/account {"balance":"1"}
[qtp289058280-51] INFO  - RESPONSE: 201 {"id":"342","balance":1}
[qtp289058280-46] INFO  - RESPONSE: 201 {"id":"343","balance":1}
[qtp289058280-35] INFO  - REQUEST: POST http://localhost:8888/api/1.0/account {"balance":"1"}
[qtp289058280-35] INFO  - RESPONSE: 201 {"id":"344","balance":1}
[qtp289058280-47] INFO  - REQUEST: POST http://localhost:8888/api/1.0/account {"balance":"1"}
[qtp289058280-51] INFO  - REQUEST: POST http://localhost:8888/api/1.0/account {"balance":"1"}
[qtp289058280-47] INFO  - RESPONSE: 201 {"id":"345","balance":1}
[qtp289058280-51] INFO  - RESPONSE: 201 {"id":"346","balance":1}
[qtp289058280-46] INFO  - REQUEST: POST http://localhost:8888/api/1.0/account {"balance":"1"}
[qtp289058280-46] INFO  - RESPONSE: 201 {"id":"347","balance":1}
[qtp289058280-35] INFO  - REQUEST: POST http://localhost:8888/api/1.0/account {"balance":"1"}
[qtp289058280-47] INFO  - REQUEST: POST http://localhost:8888/api/1.0/account {"balance":"1"}
[qtp289058280-35] INFO  - RESPONSE: 201 {"id":"348","balance":1}
[qtp289058280-47] INFO  - RESPONSE: 201 {"id":"349","balance":1}
[qtp289058280-51] INFO  - REQUEST: POST http://localhost:8888/api/1.0/account {"balance":"1"}
[qtp289058280-51] INFO  - RESPONSE: 201 {"id":"350","balance":1}
[qtp289058280-46] INFO  - REQUEST: POST http://localhost:8888/api/1.0/account {"balance":"1"}
[qtp289058280-46] INFO  - RESPONSE: 201 {"id":"351","balance":1}
[qtp289058280-51] INFO  - REQUEST: POST http://localhost:8888/api/1.0/account {"balance":"1"}
[qtp289058280-47] INFO  - REQUEST: POST http://localhost:8888/api/1.0/account {"balance":"1"}
[qtp289058280-51] INFO  - RESPONSE: 201 {"id":"352","balance":1}
[qtp289058280-47] INFO  - RESPONSE: 201 {"id":"353","balance":1}
[qtp289058280-46] INFO  - REQUEST: POST http://localhost:8888/api/1.0/account {"balance":"1"}
[qtp289058280-46] INFO  - RESPONSE: 201 {"id":"354","balance":1}
[qtp289058280-50] INFO  - REQUEST: POST http://localhost:8888/api/1.0/account {"balance":"1"}
[qtp289058280-35] INFO  - REQUEST: POST http://localhost:8888/api/1.0/account {"balance":"1"}
[qtp289058280-50] INFO  - RESPONSE: 201 {"id":"355","balance":1}
[qtp289058280-35] INFO  - RESPONSE: 201 {"id":"356","balance":1}
[qtp289058280-47] INFO  - REQUEST: POST http://localhost:8888/api/1.0/account {"balance":"1"}
[qtp289058280-47] INFO  - RESPONSE: 201 {"id":"357","balance":1}
[qtp289058280-46] INFO  - REQUEST: POST http://localhost:8888/api/1.0/account {"balance":"1"}
[qtp289058280-46] INFO  - RESPONSE: 201 {"id":"358","balance":1}
[qtp289058280-51] INFO  - REQUEST: POST http://localhost:8888/api/1.0/account {"balance":"1"}
[qtp289058280-51] INFO  - RESPONSE: 201 {"id":"359","balance":1}
[qtp289058280-51] INFO  - REQUEST: POST http://localhost:8888/api/1.0/account {"balance":"1"}
[qtp289058280-51] INFO  - RESPONSE: 201 {"id":"360","balance":1}
[qtp289058280-51] INFO  - REQUEST: POST http://localhost:8888/api/1.0/account {"balance":"1"}
[qtp289058280-51] INFO  - RESPONSE: 201 {"id":"361","balance":1}
[qtp289058280-35] INFO  - REQUEST: POST http://localhost:8888/api/1.0/account {"balance":"1"}
[qtp289058280-51] INFO  - REQUEST: POST http://localhost:8888/api/1.0/account {"balance":"1"}
[qtp289058280-35] INFO  - RESPONSE: 201 {"id":"362","balance":1}
[qtp289058280-51] INFO  - RESPONSE: 201 {"id":"363","balance":1}
[qtp289058280-47] INFO  - REQUEST: POST http://localhost:8888/api/1.0/account {"balance":"1"}
[qtp289058280-47] INFO  - RESPONSE: 201 {"id":"364","balance":1}
[qtp289058280-47] INFO  - REQUEST: POST http://localhost:8888/api/1.0/account {"balance":"1"}
[qtp289058280-47] INFO  - RESPONSE: 201 {"id":"365","balance":1}
[qtp289058280-46] INFO  - REQUEST: POST http://localhost:8888/api/1.0/account {"balance":"1"}
[qtp289058280-46] INFO  - RESPONSE: 201 {"id":"366","balance":1}
[qtp289058280-35] INFO  - REQUEST: POST http://localhost:8888/api/1.0/account {"balance":"1"}
[qtp289058280-35] INFO  - RESPONSE: 201 {"id":"367","balance":1}
[qtp289058280-51] INFO  - REQUEST: POST http://localhost:8888/api/1.0/account {"balance":"1"}
[qtp289058280-51] INFO  - RESPONSE: 201 {"id":"368","balance":1}
[qtp289058280-51] INFO  - REQUEST: POST http://localhost:8888/api/1.0/account {"balance":"1"}
[qtp289058280-35] INFO  - REQUEST: POST http://localhost:8888/api/1.0/account {"balance":"1"}
[qtp289058280-51] INFO  - RESPONSE: 201 {"id":"369","balance":1}
[qtp289058280-35] INFO  - RESPONSE: 201 {"id":"370","balance":1}
[qtp289058280-51] INFO  - REQUEST: POST http://localhost:8888/api/1.0/account {"balance":"1"}
[qtp289058280-51] INFO  - RESPONSE: 201 {"id":"371","balance":1}
[qtp289058280-35] INFO  - REQUEST: POST http://localhost:8888/api/1.0/account {"balance":"1"}
[qtp289058280-51] INFO  - REQUEST: POST http://localhost:8888/api/1.0/account {"balance":"1"}
[qtp289058280-35] INFO  - RESPONSE: 201 {"id":"372","balance":1}
[qtp289058280-51] INFO  - RESPONSE: 201 {"id":"373","balance":1}
[qtp289058280-35] INFO  - REQUEST: POST http://localhost:8888/api/1.0/account {"balance":"1"}
[qtp289058280-35] INFO  - RESPONSE: 201 {"id":"374","balance":1}
[qtp289058280-51] INFO  - REQUEST: POST http://localhost:8888/api/1.0/account {"balance":"1"}
[qtp289058280-51] INFO  - RESPONSE: 201 {"id":"375","balance":1}
[qtp289058280-46] INFO  - REQUEST: POST http://localhost:8888/api/1.0/account {"balance":"1"}
[qtp289058280-46] INFO  - RESPONSE: 201 {"id":"376","balance":1}
[qtp289058280-46] INFO  - REQUEST: POST http://localhost:8888/api/1.0/account {"balance":"1"}
[qtp289058280-46] INFO  - RESPONSE: 201 {"id":"377","balance":1}
[qtp289058280-47] INFO  - REQUEST: POST http://localhost:8888/api/1.0/account {"balance":"1"}
[qtp289058280-35] INFO  - REQUEST: POST http://localhost:8888/api/1.0/account {"balance":"1"}
[qtp289058280-51] INFO  - REQUEST: POST http://localhost:8888/api/1.0/account {"balance":"1"}
[qtp289058280-35] INFO  - RESPONSE: 201 {"id":"379","balance":1}
[qtp289058280-51] INFO  - RESPONSE: 201 {"id":"380","balance":1}
[qtp289058280-47] INFO  - RESPONSE: 201 {"id":"378","balance":1}
[qtp289058280-50] INFO  - REQUEST: POST http://localhost:8888/api/1.0/account {"balance":"1"}
[qtp289058280-50] INFO  - RESPONSE: 201 {"id":"381","balance":1}
[qtp289058280-46] INFO  - REQUEST: POST http://localhost:8888/api/1.0/account {"balance":"1"}
[qtp289058280-46] INFO  - RESPONSE: 201 {"id":"382","balance":1}
[qtp289058280-51] INFO  - REQUEST: POST http://localhost:8888/api/1.0/account {"balance":"1"}
[qtp289058280-51] INFO  - RESPONSE: 201 {"id":"383","balance":1}
[qtp289058280-50] INFO  - REQUEST: POST http://localhost:8888/api/1.0/account {"balance":"1"}
[qtp289058280-50] INFO  - RESPONSE: 201 {"id":"384","balance":1}
[qtp289058280-47] INFO  - REQUEST: POST http://localhost:8888/api/1.0/account {"balance":"1"}
[qtp289058280-47] INFO  - RESPONSE: 201 {"id":"385","balance":1}
[qtp289058280-50] INFO  - REQUEST: POST http://localhost:8888/api/1.0/account {"balance":"1"}
[qtp289058280-50] INFO  - RESPONSE: 201 {"id":"386","balance":1}
[qtp289058280-47] INFO  - REQUEST: POST http://localhost:8888/api/1.0/account {"balance":"1"}
[qtp289058280-47] INFO  - RESPONSE: 201 {"id":"387","balance":1}
[qtp289058280-51] INFO  - REQUEST: POST http://localhost:8888/api/1.0/account {"balance":"1"}
[qtp289058280-51] INFO  - RESPONSE: 201 {"id":"388","balance":1}
[qtp289058280-47] INFO  - REQUEST: POST http://localhost:8888/api/1.0/account {"balance":"1"}
[qtp289058280-47] INFO  - RESPONSE: 201 {"id":"389","balance":1}
[qtp289058280-50] INFO  - REQUEST: POST http://localhost:8888/api/1.0/account {"balance":"1"}
[qtp289058280-50] INFO  - RESPONSE: 201 {"id":"390","balance":1}
[qtp289058280-47] INFO  - REQUEST: POST http://localhost:8888/api/1.0/account {"balance":"1"}
[qtp289058280-47] INFO  - RESPONSE: 201 {"id":"391","balance":1}
[qtp289058280-47] INFO  - REQUEST: POST http://localhost:8888/api/1.0/account {"balance":"1"}
[qtp289058280-47] INFO  - RESPONSE: 201 {"id":"392","balance":1}
[qtp289058280-50] INFO  - REQUEST: POST http://localhost:8888/api/1.0/account {"balance":"1"}
[qtp289058280-50] INFO  - RESPONSE: 201 {"id":"393","balance":1}
[qtp289058280-50] INFO  - REQUEST: POST http://localhost:8888/api/1.0/account {"balance":"1"}
[qtp289058280-50] INFO  - RESPONSE: 201 {"id":"394","balance":1}
[qtp289058280-50] INFO  - REQUEST: POST http://localhost:8888/api/1.0/account {"balance":"1"}
[qtp289058280-50] INFO  - RESPONSE: 201 {"id":"395","balance":1}
[qtp289058280-46] INFO  - REQUEST: POST http://localhost:8888/api/1.0/account {"balance":"1"}
[qtp289058280-46] INFO  - RESPONSE: 201 {"id":"396","balance":1}
[qtp289058280-50] INFO  - REQUEST: POST http://localhost:8888/api/1.0/account {"balance":"1"}
[qtp289058280-50] INFO  - RESPONSE: 201 {"id":"397","balance":1}
[qtp289058280-47] INFO  - REQUEST: POST http://localhost:8888/api/1.0/account {"balance":"1"}
[qtp289058280-50] INFO  - REQUEST: POST http://localhost:8888/api/1.0/account {"balance":"1"}
[qtp289058280-47] INFO  - RESPONSE: 201 {"id":"398","balance":1}
[qtp289058280-50] INFO  - RESPONSE: 201 {"id":"399","balance":1}
[qtp289058280-46] INFO  - REQUEST: POST http://localhost:8888/api/1.0/account {"balance":"1"}
[qtp289058280-50] INFO  - REQUEST: POST http://localhost:8888/api/1.0/account {"balance":"1"}
[qtp289058280-46] INFO  - RESPONSE: 201 {"id":"400","balance":1}
[qtp289058280-50] INFO  - RESPONSE: 201 {"id":"401","balance":1}
[qtp289058280-51] INFO  - REQUEST: POST http://localhost:8888/api/1.0/account {"balance":"1"}
[qtp289058280-51] INFO  - RESPONSE: 201 {"id":"402","balance":1}
[qtp289058280-47] INFO  - REQUEST: POST http://localhost:8888/api/1.0/account {"balance":"1"}
[qtp289058280-47] INFO  - RESPONSE: 201 {"id":"403","balance":1}
[qtp289058280-51] INFO  - REQUEST: POST http://localhost:8888/api/1.0/account {"balance":"1"}
[qtp289058280-51] INFO  - RESPONSE: 201 {"id":"404","balance":1}
[qtp289058280-35] INFO  - REQUEST: POST http://localhost:8888/api/1.0/account {"balance":"1"}
[qtp289058280-35] INFO  - RESPONSE: 201 {"id":"405","balance":1}
[qtp289058280-47] INFO  - REQUEST: POST http://localhost:8888/api/1.0/account {"balance":"1"}
[qtp289058280-47] INFO  - RESPONSE: 201 {"id":"406","balance":1}
[qtp289058280-35] INFO  - REQUEST: POST http://localhost:8888/api/1.0/account {"balance":"1"}
[qtp289058280-35] INFO  - RESPONSE: 201 {"id":"407","balance":1}
[qtp289058280-51] INFO  - REQUEST: POST http://localhost:8888/api/1.0/account {"balance":"1"}
[qtp289058280-51] INFO  - RESPONSE: 201 {"id":"408","balance":1}
[qtp289058280-47] INFO  - REQUEST: POST http://localhost:8888/api/1.0/account {"balance":"1"}
[qtp289058280-47] INFO  - RESPONSE: 201 {"id":"409","balance":1}
[qtp289058280-35] INFO  - REQUEST: POST http://localhost:8888/api/1.0/account {"balance":"1"}
[qtp289058280-35] INFO  - RESPONSE: 201 {"id":"410","balance":1}
[qtp289058280-51] INFO  - REQUEST: POST http://localhost:8888/api/1.0/account {"balance":"1"}
[qtp289058280-51] INFO  - RESPONSE: 201 {"id":"411","balance":1}
[qtp289058280-35] INFO  - REQUEST: POST http://localhost:8888/api/1.0/account {"balance":"1"}
[qtp289058280-35] INFO  - RESPONSE: 201 {"id":"412","balance":1}
[qtp289058280-47] INFO  - REQUEST: POST http://localhost:8888/api/1.0/account {"balance":"1"}
[qtp289058280-47] INFO  - RESPONSE: 201 {"id":"413","balance":1}
[qtp289058280-35] INFO  - REQUEST: POST http://localhost:8888/api/1.0/account {"balance":"1"}
[qtp289058280-35] INFO  - RESPONSE: 201 {"id":"414","balance":1}
[qtp289058280-51] INFO  - REQUEST: POST http://localhost:8888/api/1.0/account {"balance":"1"}
[qtp289058280-51] INFO  - RESPONSE: 201 {"id":"415","balance":1}
[qtp289058280-47] INFO  - REQUEST: POST http://localhost:8888/api/1.0/account {"balance":"1"}
[qtp289058280-47] INFO  - RESPONSE: 201 {"id":"416","balance":1}
[qtp289058280-35] INFO  - REQUEST: POST http://localhost:8888/api/1.0/account {"balance":"1"}
[qtp289058280-35] INFO  - RESPONSE: 201 {"id":"417","balance":1}
[qtp289058280-35] INFO  - REQUEST: POST http://localhost:8888/api/1.0/account {"balance":"1"}
[qtp289058280-35] INFO  - RESPONSE: 201 {"id":"418","balance":1}
[qtp289058280-46] INFO  - REQUEST: POST http://localhost:8888/api/1.0/account {"balance":"1"}
[qtp289058280-46] INFO  - RESPONSE: 201 {"id":"419","balance":1}
[qtp289058280-47] INFO  - REQUEST: POST http://localhost:8888/api/1.0/account {"balance":"1"}
[qtp289058280-47] INFO  - RESPONSE: 201 {"id":"420","balance":1}
[qtp289058280-35] INFO  - REQUEST: POST http://localhost:8888/api/1.0/account {"balance":"1"}
[qtp289058280-35] INFO  - RESPONSE: 201 {"id":"421","balance":1}
[qtp289058280-46] INFO  - REQUEST: POST http://localhost:8888/api/1.0/account {"balance":"1"}
[qtp289058280-46] INFO  - RESPONSE: 201 {"id":"422","balance":1}
[qtp289058280-47] INFO  - REQUEST: POST http://localhost:8888/api/1.0/account {"balance":"1"}
[qtp289058280-47] INFO  - RESPONSE: 201 {"id":"423","balance":1}
[qtp289058280-46] INFO  - REQUEST: POST http://localhost:8888/api/1.0/account {"balance":"1"}
[qtp289058280-46] INFO  - RESPONSE: 201 {"id":"424","balance":1}
[qtp289058280-35] INFO  - REQUEST: POST http://localhost:8888/api/1.0/account {"balance":"1"}
[qtp289058280-47] INFO  - REQUEST: POST http://localhost:8888/api/1.0/account {"balance":"1"}
[qtp289058280-35] INFO  - RESPONSE: 201 {"id":"425","balance":1}
[qtp289058280-47] INFO  - RESPONSE: 201 {"id":"426","balance":1}
[qtp289058280-46] INFO  - REQUEST: POST http://localhost:8888/api/1.0/account {"balance":"1"}
[qtp289058280-46] INFO  - RESPONSE: 201 {"id":"427","balance":1}
[qtp289058280-51] INFO  - REQUEST: POST http://localhost:8888/api/1.0/account {"balance":"1"}
[qtp289058280-50] INFO  - REQUEST: POST http://localhost:8888/api/1.0/account {"balance":"1"}
[qtp289058280-51] INFO  - RESPONSE: 201 {"id":"428","balance":1}
[qtp289058280-50] INFO  - RESPONSE: 201 {"id":"429","balance":1}
[qtp289058280-46] INFO  - REQUEST: POST http://localhost:8888/api/1.0/account {"balance":"1"}
[qtp289058280-46] INFO  - RESPONSE: 201 {"id":"430","balance":1}
[qtp289058280-47] INFO  - REQUEST: POST http://localhost:8888/api/1.0/account {"balance":"1"}
[qtp289058280-47] INFO  - RESPONSE: 201 {"id":"431","balance":1}
[qtp289058280-35] INFO  - REQUEST: POST http://localhost:8888/api/1.0/account {"balance":"1"}
[qtp289058280-35] INFO  - RESPONSE: 201 {"id":"432","balance":1}
[qtp289058280-47] INFO  - REQUEST: POST http://localhost:8888/api/1.0/account {"balance":"1"}
[qtp289058280-47] INFO  - RESPONSE: 201 {"id":"433","balance":1}
[qtp289058280-51] INFO  - REQUEST: POST http://localhost:8888/api/1.0/account {"balance":"1"}
[qtp289058280-35] INFO  - REQUEST: POST http://localhost:8888/api/1.0/account {"balance":"1"}
[qtp289058280-51] INFO  - RESPONSE: 201 {"id":"434","balance":1}
[qtp289058280-35] INFO  - RESPONSE: 201 {"id":"435","balance":1}
[qtp289058280-46] INFO  - REQUEST: POST http://localhost:8888/api/1.0/account {"balance":"1"}
[qtp289058280-50] INFO  - REQUEST: POST http://localhost:8888/api/1.0/account {"balance":"1"}
[qtp289058280-46] INFO  - RESPONSE: 201 {"id":"437","balance":1}
[qtp289058280-50] INFO  - RESPONSE: 201 {"id":"436","balance":1}
[qtp289058280-35] INFO  - REQUEST: POST http://localhost:8888/api/1.0/account {"balance":"1"}
[qtp289058280-51] INFO  - REQUEST: POST http://localhost:8888/api/1.0/account {"balance":"1"}
[qtp289058280-51] INFO  - RESPONSE: 201 {"id":"439","balance":1}
[qtp289058280-35] INFO  - RESPONSE: 201 {"id":"438","balance":1}
[qtp289058280-50] INFO  - REQUEST: POST http://localhost:8888/api/1.0/account {"balance":"1"}
[qtp289058280-46] INFO  - REQUEST: POST http://localhost:8888/api/1.0/account {"balance":"1"}
[qtp289058280-50] INFO  - RESPONSE: 201 {"id":"440","balance":1}
[qtp289058280-46] INFO  - RESPONSE: 201 {"id":"441","balance":1}
[qtp289058280-35] INFO  - REQUEST: POST http://localhost:8888/api/1.0/account {"balance":"1"}
[qtp289058280-35] INFO  - RESPONSE: 201 {"id":"442","balance":1}
[qtp289058280-46] INFO  - REQUEST: POST http://localhost:8888/api/1.0/account {"balance":"1"}
[qtp289058280-51] INFO  - REQUEST: POST http://localhost:8888/api/1.0/account {"balance":"1"}
[qtp289058280-46] INFO  - RESPONSE: 201 {"id":"443","balance":1}
[qtp289058280-51] INFO  - RESPONSE: 201 {"id":"444","balance":1}
[qtp289058280-35] INFO  - REQUEST: POST http://localhost:8888/api/1.0/account {"balance":"1"}
[qtp289058280-50] INFO  - REQUEST: POST http://localhost:8888/api/1.0/account {"balance":"1"}
[qtp289058280-35] INFO  - RESPONSE: 201 {"id":"445","balance":1}
[qtp289058280-50] INFO  - RESPONSE: 201 {"id":"446","balance":1}
[qtp289058280-51] INFO  - REQUEST: POST http://localhost:8888/api/1.0/account {"balance":"1"}
[qtp289058280-51] INFO  - RESPONSE: 201 {"id":"447","balance":1}
[qtp289058280-46] INFO  - REQUEST: POST http://localhost:8888/api/1.0/account {"balance":"1"}
[qtp289058280-47] INFO  - REQUEST: POST http://localhost:8888/api/1.0/account {"balance":"1"}
[qtp289058280-46] INFO  - RESPONSE: 201 {"id":"448","balance":1}
[qtp289058280-47] INFO  - RESPONSE: 201 {"id":"449","balance":1}
[qtp289058280-35] INFO  - REQUEST: POST http://localhost:8888/api/1.0/account {"balance":"1"}
[qtp289058280-35] INFO  - RESPONSE: 201 {"id":"450","balance":1}
[qtp289058280-51] INFO  - REQUEST: POST http://localhost:8888/api/1.0/account {"balance":"1"}
[qtp289058280-51] INFO  - RESPONSE: 201 {"id":"451","balance":1}
[qtp289058280-31] INFO  - REQUEST: POST http://localhost:8888/api/1.0/account {"balance":"1"}
[qtp289058280-31] INFO  - RESPONSE: 201 {"id":"452","balance":1}
[qtp289058280-50] INFO  - REQUEST: POST http://localhost:8888/api/1.0/account {"balance":"1"}
[qtp289058280-35] INFO  - REQUEST: POST http://localhost:8888/api/1.0/account {"balance":"1"}
[qtp289058280-50] INFO  - RESPONSE: 201 {"id":"453","balance":1}
[qtp289058280-35] INFO  - RESPONSE: 201 {"id":"454","balance":1}
[qtp289058280-31] INFO  - REQUEST: POST http://localhost:8888/api/1.0/account {"balance":"1"}
[qtp289058280-31] INFO  - RESPONSE: 201 {"id":"455","balance":1}
[qtp289058280-47] INFO  - REQUEST: POST http://localhost:8888/api/1.0/account {"balance":"1"}
[qtp289058280-35] INFO  - REQUEST: POST http://localhost:8888/api/1.0/account {"balance":"1"}
[qtp289058280-47] INFO  - RESPONSE: 201 {"id":"456","balance":1}
[qtp289058280-35] INFO  - RESPONSE: 201 {"id":"457","balance":1}
[qtp289058280-50] INFO  - REQUEST: POST http://localhost:8888/api/1.0/account {"balance":"1"}
[qtp289058280-50] INFO  - RESPONSE: 201 {"id":"458","balance":1}
[qtp289058280-35] INFO  - REQUEST: POST http://localhost:8888/api/1.0/account {"balance":"1"}
[qtp289058280-47] INFO  - REQUEST: POST http://localhost:8888/api/1.0/account {"balance":"1"}
[qtp289058280-35] INFO  - RESPONSE: 201 {"id":"459","balance":1}
[qtp289058280-47] INFO  - RESPONSE: 201 {"id":"460","balance":1}
[qtp289058280-31] INFO  - REQUEST: POST http://localhost:8888/api/1.0/account {"balance":"1"}
[qtp289058280-31] INFO  - RESPONSE: 201 {"id":"461","balance":1}
[qtp289058280-46] INFO  - REQUEST: POST http://localhost:8888/api/1.0/account {"balance":"1"}
[qtp289058280-50] INFO  - REQUEST: POST http://localhost:8888/api/1.0/account {"balance":"1"}
[qtp289058280-46] INFO  - RESPONSE: 201 {"id":"462","balance":1}
[qtp289058280-50] INFO  - RESPONSE: 201 {"id":"463","balance":1}
[qtp289058280-31] INFO  - REQUEST: POST http://localhost:8888/api/1.0/account {"balance":"1"}
[qtp289058280-31] INFO  - RESPONSE: 201 {"id":"464","balance":1}
[qtp289058280-35] INFO  - REQUEST: POST http://localhost:8888/api/1.0/account {"balance":"1"}
[qtp289058280-50] INFO  - REQUEST: POST http://localhost:8888/api/1.0/account {"balance":"1"}
[qtp289058280-35] INFO  - RESPONSE: 201 {"id":"465","balance":1}
[qtp289058280-50] INFO  - RESPONSE: 201 {"id":"466","balance":1}
[qtp289058280-46] INFO  - REQUEST: POST http://localhost:8888/api/1.0/account {"balance":"1"}
[qtp289058280-46] INFO  - RESPONSE: 201 {"id":"467","balance":1}
[qtp289058280-31] INFO  - REQUEST: POST http://localhost:8888/api/1.0/account {"balance":"1"}
[qtp289058280-31] INFO  - RESPONSE: 201 {"id":"468","balance":1}
[qtp289058280-47] INFO  - REQUEST: POST http://localhost:8888/api/1.0/account {"balance":"1"}
[qtp289058280-47] INFO  - RESPONSE: 201 {"id":"469","balance":1}
[qtp289058280-46] INFO  - REQUEST: POST http://localhost:8888/api/1.0/account {"balance":"1"}
[qtp289058280-46] INFO  - RESPONSE: 201 {"id":"470","balance":1}
[qtp289058280-31] INFO  - REQUEST: POST http://localhost:8888/api/1.0/account {"balance":"1"}
[qtp289058280-31] INFO  - RESPONSE: 201 {"id":"471","balance":1}
[qtp289058280-50] INFO  - REQUEST: POST http://localhost:8888/api/1.0/account {"balance":"1"}
[qtp289058280-46] INFO  - REQUEST: POST http://localhost:8888/api/1.0/account {"balance":"1"}
[qtp289058280-50] INFO  - RESPONSE: 201 {"id":"472","balance":1}
[qtp289058280-46] INFO  - RESPONSE: 201 {"id":"473","balance":1}
[qtp289058280-50] INFO  - REQUEST: POST http://localhost:8888/api/1.0/account {"balance":"1"}
[qtp289058280-50] INFO  - RESPONSE: 201 {"id":"474","balance":1}
[qtp289058280-31] INFO  - REQUEST: POST http://localhost:8888/api/1.0/account {"balance":"1"}
[qtp289058280-47] INFO  - REQUEST: POST http://localhost:8888/api/1.0/account {"balance":"1"}
[qtp289058280-31] INFO  - RESPONSE: 201 {"id":"475","balance":1}
[qtp289058280-47] INFO  - RESPONSE: 201 {"id":"476","balance":1}
[qtp289058280-46] INFO  - REQUEST: POST http://localhost:8888/api/1.0/account {"balance":"1"}
[qtp289058280-50] INFO  - REQUEST: POST http://localhost:8888/api/1.0/account {"balance":"1"}
[qtp289058280-46] INFO  - RESPONSE: 201 {"id":"477","balance":1}
[qtp289058280-50] INFO  - RESPONSE: 201 {"id":"478","balance":1}
[qtp289058280-47] INFO  - REQUEST: POST http://localhost:8888/api/1.0/account {"balance":"1"}
[qtp289058280-47] INFO  - RESPONSE: 201 {"id":"479","balance":1}
[qtp289058280-31] INFO  - REQUEST: POST http://localhost:8888/api/1.0/account {"balance":"1"}
[qtp289058280-46] INFO  - REQUEST: POST http://localhost:8888/api/1.0/account {"balance":"1"}
[qtp289058280-47] INFO  - REQUEST: POST http://localhost:8888/api/1.0/account {"balance":"1"}
[qtp289058280-31] INFO  - RESPONSE: 201 {"id":"480","balance":1}
[qtp289058280-46] INFO  - RESPONSE: 201 {"id":"481","balance":1}
[qtp289058280-47] INFO  - RESPONSE: 201 {"id":"482","balance":1}
[qtp289058280-50] INFO  - REQUEST: POST http://localhost:8888/api/1.0/account {"balance":"1"}
[qtp289058280-50] INFO  - RESPONSE: 201 {"id":"483","balance":1}
[qtp289058280-35] INFO  - REQUEST: POST http://localhost:8888/api/1.0/account {"balance":"1"}
[qtp289058280-50] INFO  - REQUEST: POST http://localhost:8888/api/1.0/account {"balance":"1"}
[qtp289058280-35] INFO  - RESPONSE: 201 {"id":"484","balance":1}
[qtp289058280-50] INFO  - RESPONSE: 201 {"id":"485","balance":1}
[qtp289058280-47] INFO  - REQUEST: POST http://localhost:8888/api/1.0/account {"balance":"1"}
[qtp289058280-47] INFO  - RESPONSE: 201 {"id":"486","balance":1}
[qtp289058280-31] INFO  - REQUEST: POST http://localhost:8888/api/1.0/account {"balance":"1"}
[qtp289058280-31] INFO  - RESPONSE: 201 {"id":"487","balance":1}
[qtp289058280-46] INFO  - REQUEST: POST http://localhost:8888/api/1.0/account {"balance":"1"}
[qtp289058280-46] INFO  - RESPONSE: 201 {"id":"488","balance":1}
[qtp289058280-50] INFO  - REQUEST: POST http://localhost:8888/api/1.0/account {"balance":"1"}
[qtp289058280-50] INFO  - RESPONSE: 201 {"id":"489","balance":1}
[qtp289058280-47] INFO  - REQUEST: POST http://localhost:8888/api/1.0/account {"balance":"1"}
[qtp289058280-47] INFO  - RESPONSE: 201 {"id":"490","balance":1}
[qtp289058280-35] INFO  - REQUEST: POST http://localhost:8888/api/1.0/account {"balance":"1"}
[qtp289058280-35] INFO  - RESPONSE: 201 {"id":"491","balance":1}
[qtp289058280-50] INFO  - REQUEST: POST http://localhost:8888/api/1.0/account {"balance":"1"}
[qtp289058280-32] INFO  - REQUEST: POST http://localhost:8888/api/1.0/account {"balance":"1"}
[qtp289058280-50] INFO  - RESPONSE: 201 {"id":"492","balance":1}
[qtp289058280-32] INFO  - RESPONSE: 201 {"id":"493","balance":1}
[qtp289058280-50] INFO  - REQUEST: POST http://localhost:8888/api/1.0/account {"balance":"1"}
[qtp289058280-50] INFO  - RESPONSE: 201 {"id":"494","balance":1}
[qtp289058280-32] INFO  - REQUEST: POST http://localhost:8888/api/1.0/account {"balance":"1"}
[qtp289058280-32] INFO  - RESPONSE: 201 {"id":"495","balance":1}
[...]
[qtp289058280-59] INFO  - REQUEST: POST http://localhost:8888/api/1.0/account {"balance":"-1"}
[qtp289058280-59] INFO  - RESPONSE: 400 {"status":"400","message":"Invalid request body parameter"}
[qtp289058280-33] INFO  - REQUEST: POST http://localhost:8888/api/1.0/account {"balance":"-1"}
[qtp289058280-60] INFO  - REQUEST: POST http://localhost:8888/api/1.0/account {"balance":"-1"}
[qtp289058280-33] INFO  - RESPONSE: 400 {"status":"400","message":"Invalid request body parameter"}
[qtp289058280-60] INFO  - RESPONSE: 400 {"status":"400","message":"Invalid request body parameter"}
[qtp289058280-54] INFO  - REQUEST: POST http://localhost:8888/api/1.0/account {"balance":"-1"}
[qtp289058280-54] INFO  - RESPONSE: 400 {"status":"400","message":"Invalid request body parameter"}
[qtp289058280-58] INFO  - REQUEST: POST http://localhost:8888/api/1.0/account {"balance":"-1"}
[qtp289058280-58] INFO  - RESPONSE: 400 {"status":"400","message":"Invalid request body parameter"}
[qtp289058280-59] INFO  - REQUEST: POST http://localhost:8888/api/1.0/account {"balance":"-1"}
[qtp289058280-59] INFO  - RESPONSE: 400 {"status":"400","message":"Invalid request body parameter"}
[qtp289058280-59] INFO  - REQUEST: POST http://localhost:8888/api/1.0/account {"balance":"-1"}
[qtp289058280-59] INFO  - RESPONSE: 400 {"status":"400","message":"Invalid request body parameter"}
[qtp289058280-61] INFO  - REQUEST: POST http://localhost:8888/api/1.0/account {"balance":"-1"}
[qtp289058280-61] INFO  - RESPONSE: 400 {"status":"400","message":"Invalid request body parameter"}
[qtp289058280-60] INFO  - REQUEST: POST http://localhost:8888/api/1.0/account {"balance":"-1"}
[qtp289058280-60] INFO  - RESPONSE: 400 {"status":"400","message":"Invalid request body parameter"}
[qtp289058280-61] INFO  - REQUEST: POST http://localhost:8888/api/1.0/account {"balance":"-1"}
[qtp289058280-59] INFO  - REQUEST: POST http://localhost:8888/api/1.0/account {"balance":"-1"}
[qtp289058280-61] INFO  - RESPONSE: 400 {"status":"400","message":"Invalid request body parameter"}
[qtp289058280-59] INFO  - RESPONSE: 400 {"status":"400","message":"Invalid request body parameter"}
[qtp289058280-61] INFO  - REQUEST: POST http://localhost:8888/api/1.0/account {"balance":"-1"}
[qtp289058280-61] INFO  - RESPONSE: 400 {"status":"400","message":"Invalid request body parameter"}
[qtp289058280-54] INFO  - REQUEST: POST http://localhost:8888/api/1.0/account {"balance":"-1"}
[qtp289058280-54] INFO  - RESPONSE: 400 {"status":"400","message":"Invalid request body parameter"}
[qtp289058280-61] INFO  - REQUEST: POST http://localhost:8888/api/1.0/account {"balance":"-1"}
[qtp289058280-61] INFO  - RESPONSE: 400 {"status":"400","message":"Invalid request body parameter"}
[qtp289058280-54] INFO  - REQUEST: POST http://localhost:8888/api/1.0/account {"balance":"-1"}
[qtp289058280-54] INFO  - RESPONSE: 400 {"status":"400","message":"Invalid request body parameter"}
[qtp289058280-59] INFO  - REQUEST: POST http://localhost:8888/api/1.0/account {"balance":"-1"}
[qtp289058280-59] INFO  - RESPONSE: 400 {"status":"400","message":"Invalid request body parameter"}
[qtp289058280-33] INFO  - REQUEST: POST http://localhost:8888/api/1.0/account {"balance":"-1"}
[qtp289058280-33] INFO  - RESPONSE: 400 {"status":"400","message":"Invalid request body parameter"}
[qtp289058280-59] INFO  - REQUEST: POST http://localhost:8888/api/1.0/account {"balance":"-1"}
[qtp289058280-61] INFO  - REQUEST: POST http://localhost:8888/api/1.0/account {"balance":"-1"}
[qtp289058280-61] INFO  - RESPONSE: 400 {"status":"400","message":"Invalid request body parameter"}
[qtp289058280-59] INFO  - RESPONSE: 400 {"status":"400","message":"Invalid request body parameter"}
[qtp289058280-60] INFO  - REQUEST: POST http://localhost:8888/api/1.0/account {"balance":"-1"}
[qtp289058280-60] INFO  - RESPONSE: 400 {"status":"400","message":"Invalid request body parameter"}
[qtp289058280-33] INFO  - REQUEST: POST http://localhost:8888/api/1.0/account {"balance":"-1"}
[qtp289058280-33] INFO  - RESPONSE: 400 {"status":"400","message":"Invalid request body parameter"}
[qtp289058280-61] INFO  - REQUEST: POST http://localhost:8888/api/1.0/account {"balance":"-1"}
[qtp289058280-61] INFO  - RESPONSE: 400 {"status":"400","message":"Invalid request body parameter"}
[qtp289058280-33] INFO  - REQUEST: POST http://localhost:8888/api/1.0/account {"balance":"-1"}
[qtp289058280-33] INFO  - RESPONSE: 400 {"status":"400","message":"Invalid request body parameter"}
[qtp289058280-59] INFO  - REQUEST: POST http://localhost:8888/api/1.0/account {"balance":"-1"}
[qtp289058280-59] INFO  - RESPONSE: 400 {"status":"400","message":"Invalid request body parameter"}
[qtp289058280-54] INFO  - REQUEST: POST http://localhost:8888/api/1.0/account {"balance":"-1"}
[qtp289058280-54] INFO  - RESPONSE: 400 {"status":"400","message":"Invalid request body parameter"}
[qtp289058280-61] INFO  - REQUEST: POST http://localhost:8888/api/1.0/account {"balance":"-1"}
[qtp289058280-54] INFO  - REQUEST: POST http://localhost:8888/api/1.0/account {"balance":"-1"}
[qtp289058280-61] INFO  - RESPONSE: 400 {"status":"400","message":"Invalid request body parameter"}
[qtp289058280-54] INFO  - RESPONSE: 400 {"status":"400","message":"Invalid request body parameter"}
[qtp289058280-54] INFO  - REQUEST: POST http://localhost:8888/api/1.0/account {"balance":"-1"}
[qtp289058280-54] INFO  - RESPONSE: 400 {"status":"400","message":"Invalid request body parameter"}
[qtp289058280-33] INFO  - REQUEST: POST http://localhost:8888/api/1.0/account {"balance":"-1"}
[qtp289058280-33] INFO  - RESPONSE: 400 {"status":"400","message":"Invalid request body parameter"}
[qtp289058280-54] INFO  - REQUEST: POST http://localhost:8888/api/1.0/account {"balance":"-1"}
[qtp289058280-54] INFO  - RESPONSE: 400 {"status":"400","message":"Invalid request body parameter"}
[qtp289058280-33] INFO  - REQUEST: POST http://localhost:8888/api/1.0/account {"balance":"-1"}
[qtp289058280-33] INFO  - RESPONSE: 400 {"status":"400","message":"Invalid request body parameter"}
[qtp289058280-59] INFO  - REQUEST: POST http://localhost:8888/api/1.0/account {"balance":"-1"}
[qtp289058280-59] INFO  - RESPONSE: 400 {"status":"400","message":"Invalid request body parameter"}
[qtp289058280-60] INFO  - REQUEST: POST http://localhost:8888/api/1.0/account {"balance":"-1"}
[qtp289058280-60] INFO  - RESPONSE: 400 {"status":"400","message":"Invalid request body parameter"}
[qtp289058280-60] INFO  - REQUEST: POST http://localhost:8888/api/1.0/account {"balance":"-1"}
[qtp289058280-60] INFO  - RESPONSE: 400 {"status":"400","message":"Invalid request body parameter"}
[qtp289058280-61] INFO  - REQUEST: POST http://localhost:8888/api/1.0/account {"balance":"-1"}
[qtp289058280-61] INFO  - RESPONSE: 400 {"status":"400","message":"Invalid request body parameter"}
[qtp289058280-33] INFO  - REQUEST: POST http://localhost:8888/api/1.0/account {"balance":"-1"}
[qtp289058280-33] INFO  - RESPONSE: 400 {"status":"400","message":"Invalid request body parameter"}
[qtp289058280-61] INFO  - REQUEST: POST http://localhost:8888/api/1.0/account {"balance":"-1"}
[qtp289058280-61] INFO  - RESPONSE: 400 {"status":"400","message":"Invalid request body parameter"}
[qtp289058280-59] INFO  - REQUEST: POST http://localhost:8888/api/1.0/account {"balance":"-1"}
[qtp289058280-59] INFO  - RESPONSE: 400 {"status":"400","message":"Invalid request body parameter"}
[qtp289058280-60] INFO  - REQUEST: POST http://localhost:8888/api/1.0/account {"balance":"-1"}
[qtp289058280-60] INFO  - RESPONSE: 400 {"status":"400","message":"Invalid request body parameter"}
[qtp289058280-33] INFO  - REQUEST: POST http://localhost:8888/api/1.0/account {"balance":"-1"}
[qtp289058280-33] INFO  - RESPONSE: 400 {"status":"400","message":"Invalid request body parameter"}
[qtp289058280-59] INFO  - REQUEST: POST http://localhost:8888/api/1.0/account {"balance":"-1"}
[qtp289058280-59] INFO  - RESPONSE: 400 {"status":"400","message":"Invalid request body parameter"}
[qtp289058280-61] INFO  - REQUEST: POST http://localhost:8888/api/1.0/account {"balance":"-1"}
[qtp289058280-61] INFO  - RESPONSE: 400 {"status":"400","message":"Invalid request body parameter"}
[qtp289058280-33] INFO  - REQUEST: POST http://localhost:8888/api/1.0/account {"balance":"-1"}
[qtp289058280-33] INFO  - RESPONSE: 400 {"status":"400","message":"Invalid request body parameter"}
[qtp289058280-60] INFO  - REQUEST: POST http://localhost:8888/api/1.0/account {"balance":"-1"}
[qtp289058280-33] INFO  - REQUEST: POST http://localhost:8888/api/1.0/account {"balance":"-1"}
[qtp289058280-33] INFO  - RESPONSE: 400 {"status":"400","message":"Invalid request body parameter"}
[qtp289058280-61] INFO  - REQUEST: POST http://localhost:8888/api/1.0/account {"balance":"-1"}
[qtp289058280-60] INFO  - RESPONSE: 400 {"status":"400","message":"Invalid request body parameter"}
[qtp289058280-54] INFO  - REQUEST: POST http://localhost:8888/api/1.0/account {"balance":"-1"}
[qtp289058280-59] INFO  - REQUEST: POST http://localhost:8888/api/1.0/account {"balance":"-1"}
[qtp289058280-61] INFO  - RESPONSE: 400 {"status":"400","message":"Invalid request body parameter"}
[qtp289058280-54] INFO  - RESPONSE: 400 {"status":"400","message":"Invalid request body parameter"}
[qtp289058280-59] INFO  - RESPONSE: 400 {"status":"400","message":"Invalid request body parameter"}
[qtp289058280-55] INFO  - REQUEST: POST http://localhost:8888/api/1.0/account {"balance":"-1"}
[qtp289058280-47] INFO  - REQUEST: POST http://localhost:8888/api/1.0/account {"balance":"-1"}
[qtp289058280-55] INFO  - RESPONSE: 400 {"status":"400","message":"Invalid request body parameter"}
[qtp289058280-47] INFO  - RESPONSE: 400 {"status":"400","message":"Invalid request body parameter"}
[qtp289058280-61] INFO  - REQUEST: POST http://localhost:8888/api/1.0/account {"balance":"-1"}
[qtp289058280-61] INFO  - RESPONSE: 400 {"status":"400","message":"Invalid request body parameter"}
[qtp289058280-54] INFO  - REQUEST: POST http://localhost:8888/api/1.0/account {"balance":"-1"}
[qtp289058280-54] INFO  - RESPONSE: 400 {"status":"400","message":"Invalid request body parameter"}
[qtp289058280-55] INFO  - REQUEST: POST http://localhost:8888/api/1.0/account {"balance":"-1"}
[qtp289058280-55] INFO  - RESPONSE: 400 {"status":"400","message":"Invalid request body parameter"}
[qtp289058280-54] INFO  - REQUEST: POST http://localhost:8888/api/1.0/account {"balance":"-1"}
[qtp289058280-61] INFO  - REQUEST: POST http://localhost:8888/api/1.0/account {"balance":"-1"}
[qtp289058280-54] INFO  - RESPONSE: 400 {"status":"400","message":"Invalid request body parameter"}
[qtp289058280-61] INFO  - RESPONSE: 400 {"status":"400","message":"Invalid request body parameter"}
[qtp289058280-61] INFO  - REQUEST: POST http://localhost:8888/api/1.0/account {"balance":"-1"}
[qtp289058280-61] INFO  - RESPONSE: 400 {"status":"400","message":"Invalid request body parameter"}
[qtp289058280-47] INFO  - REQUEST: POST http://localhost:8888/api/1.0/account {"balance":"-1"}
[qtp289058280-47] INFO  - RESPONSE: 400 {"status":"400","message":"Invalid request body parameter"}
[qtp289058280-58] INFO  - REQUEST: POST http://localhost:8888/api/1.0/account {"balance":"-1"}
[qtp289058280-58] INFO  - RESPONSE: 400 {"status":"400","message":"Invalid request body parameter"}
[qtp289058280-61] INFO  - REQUEST: POST http://localhost:8888/api/1.0/account {"balance":"-1"}
[qtp289058280-61] INFO  - RESPONSE: 400 {"status":"400","message":"Invalid request body parameter"}
[qtp289058280-47] INFO  - REQUEST: POST http://localhost:8888/api/1.0/account {"balance":"-1"}
[qtp289058280-58] INFO  - REQUEST: POST http://localhost:8888/api/1.0/account {"balance":"-1"}
[qtp289058280-47] INFO  - RESPONSE: 400 {"status":"400","message":"Invalid request body parameter"}
[qtp289058280-58] INFO  - RESPONSE: 400 {"status":"400","message":"Invalid request body parameter"}
[qtp289058280-61] INFO  - REQUEST: POST http://localhost:8888/api/1.0/account {"balance":"-1"}
[qtp289058280-61] INFO  - RESPONSE: 400 {"status":"400","message":"Invalid request body parameter"}
[qtp289058280-47] INFO  - REQUEST: POST http://localhost:8888/api/1.0/account {"balance":"-1"}
[qtp289058280-54] INFO  - REQUEST: POST http://localhost:8888/api/1.0/account {"balance":"-1"}
[qtp289058280-47] INFO  - RESPONSE: 400 {"status":"400","message":"Invalid request body parameter"}
[qtp289058280-54] INFO  - RESPONSE: 400 {"status":"400","message":"Invalid request body parameter"}
[qtp289058280-61] INFO  - REQUEST: POST http://localhost:8888/api/1.0/account {"balance":"-1"}
[qtp289058280-61] INFO  - RESPONSE: 400 {"status":"400","message":"Invalid request body parameter"}
[qtp289058280-58] INFO  - REQUEST: POST http://localhost:8888/api/1.0/account {"balance":"-1"}
[qtp289058280-58] INFO  - RESPONSE: 400 {"status":"400","message":"Invalid request body parameter"}
[qtp289058280-54] INFO  - REQUEST: POST http://localhost:8888/api/1.0/account {"balance":"-1"}
[qtp289058280-54] INFO  - RESPONSE: 400 {"status":"400","message":"Invalid request body parameter"}
[qtp289058280-47] INFO  - REQUEST: POST http://localhost:8888/api/1.0/account {"balance":"-1"}
[qtp289058280-47] INFO  - RESPONSE: 400 {"status":"400","message":"Invalid request body parameter"}
[qtp289058280-61] INFO  - REQUEST: POST http://localhost:8888/api/1.0/account {"balance":"-1"}
[qtp289058280-61] INFO  - RESPONSE: 400 {"status":"400","message":"Invalid request body parameter"}
[qtp289058280-55] INFO  - REQUEST: POST http://localhost:8888/api/1.0/account {"balance":"-1"}
[qtp289058280-55] INFO  - RESPONSE: 400 {"status":"400","message":"Invalid request body parameter"}
[qtp289058280-47] INFO  - REQUEST: POST http://localhost:8888/api/1.0/account {"balance":"-1"}
[qtp289058280-47] INFO  - RESPONSE: 400 {"status":"400","message":"Invalid request body parameter"}
[qtp289058280-61] INFO  - REQUEST: POST http://localhost:8888/api/1.0/account {"balance":"-1"}
[qtp289058280-61] INFO  - RESPONSE: 400 {"status":"400","message":"Invalid request body parameter"}
[qtp289058280-47] INFO  - REQUEST: POST http://localhost:8888/api/1.0/account {"balance":"-1"}
[qtp289058280-47] INFO  - RESPONSE: 400 {"status":"400","message":"Invalid request body parameter"}
[qtp289058280-54] INFO  - REQUEST: POST http://localhost:8888/api/1.0/account {"balance":"-1"}
[qtp289058280-54] INFO  - RESPONSE: 400 {"status":"400","message":"Invalid request body parameter"}
[qtp289058280-55] INFO  - REQUEST: POST http://localhost:8888/api/1.0/account {"balance":"-1"}
[qtp289058280-55] INFO  - RESPONSE: 400 {"status":"400","message":"Invalid request body parameter"}
[qtp289058280-61] INFO  - REQUEST: POST http://localhost:8888/api/1.0/account {"balance":"-1"}
[qtp289058280-61] INFO  - RESPONSE: 400 {"status":"400","message":"Invalid request body parameter"}
[qtp289058280-55] INFO  - REQUEST: POST http://localhost:8888/api/1.0/account {"balance":"-1"}
[qtp289058280-54] INFO  - REQUEST: POST http://localhost:8888/api/1.0/account {"balance":"-1"}
[qtp289058280-54] INFO  - RESPONSE: 400 {"status":"400","message":"Invalid request body parameter"}
[qtp289058280-55] INFO  - RESPONSE: 400 {"status":"400","message":"Invalid request body parameter"}
[qtp289058280-47] INFO  - REQUEST: POST http://localhost:8888/api/1.0/account {"balance":"-1"}
[qtp289058280-58] INFO  - REQUEST: POST http://localhost:8888/api/1.0/account {"balance":"-1"}
[qtp289058280-47] INFO  - RESPONSE: 400 {"status":"400","message":"Invalid request body parameter"}
[qtp289058280-58] INFO  - RESPONSE: 400 {"status":"400","message":"Invalid request body parameter"}
[qtp289058280-55] INFO  - REQUEST: POST http://localhost:8888/api/1.0/account {"balance":"-1"}
[qtp289058280-55] INFO  - RESPONSE: 400 {"status":"400","message":"Invalid request body parameter"}
[qtp289058280-58] INFO  - REQUEST: POST http://localhost:8888/api/1.0/account {"balance":"-1"}
[qtp289058280-58] INFO  - RESPONSE: 400 {"status":"400","message":"Invalid request body parameter"}
[qtp289058280-58] INFO  - REQUEST: POST http://localhost:8888/api/1.0/account {"balance":"-1"}
[qtp289058280-58] INFO  - RESPONSE: 400 {"status":"400","message":"Invalid request body parameter"}
[qtp289058280-54] INFO  - REQUEST: POST http://localhost:8888/api/1.0/account {"balance":"-1"}
[qtp289058280-54] INFO  - RESPONSE: 400 {"status":"400","message":"Invalid request body parameter"}
[qtp289058280-58] INFO  - REQUEST: POST http://localhost:8888/api/1.0/account {"balance":"-1"}
[qtp289058280-58] INFO  - RESPONSE: 400 {"status":"400","message":"Invalid request body parameter"}
[qtp289058280-54] INFO  - REQUEST: POST http://localhost:8888/api/1.0/account {"balance":"-1"}
[qtp289058280-58] INFO  - REQUEST: POST http://localhost:8888/api/1.0/account {"balance":"-1"}
[qtp289058280-58] INFO  - RESPONSE: 400 {"status":"400","message":"Invalid request body parameter"}
[qtp289058280-54] INFO  - RESPONSE: 400 {"status":"400","message":"Invalid request body parameter"}
[qtp289058280-55] INFO  - REQUEST: POST http://localhost:8888/api/1.0/account {"balance":"-1"}
[qtp289058280-55] INFO  - RESPONSE: 400 {"status":"400","message":"Invalid request body parameter"}
[qtp289058280-47] INFO  - REQUEST: POST http://localhost:8888/api/1.0/account {"balance":"-1"}
[qtp289058280-47] INFO  - RESPONSE: 400 {"status":"400","message":"Invalid request body parameter"}
[qtp289058280-54] INFO  - REQUEST: POST http://localhost:8888/api/1.0/account {"balance":"-1"}
[qtp289058280-54] INFO  - RESPONSE: 400 {"status":"400","message":"Invalid request body parameter"}
[qtp289058280-55] INFO  - REQUEST: POST http://localhost:8888/api/1.0/account {"balance":"-1"}
[qtp289058280-55] INFO  - RESPONSE: 400 {"status":"400","message":"Invalid request body parameter"}
[qtp289058280-54] INFO  - REQUEST: POST http://localhost:8888/api/1.0/account {"balance":"-1"}
[qtp289058280-55] INFO  - REQUEST: POST http://localhost:8888/api/1.0/account {"balance":"-1"}
[qtp289058280-54] INFO  - RESPONSE: 400 {"status":"400","message":"Invalid request body parameter"}
[qtp289058280-55] INFO  - RESPONSE: 400 {"status":"400","message":"Invalid request body parameter"}
[qtp289058280-58] INFO  - REQUEST: POST http://localhost:8888/api/1.0/account {"balance":"-1"}
[qtp289058280-58] INFO  - RESPONSE: 400 {"status":"400","message":"Invalid request body parameter"}
[qtp289058280-55] INFO  - REQUEST: POST http://localhost:8888/api/1.0/account {"balance":"-1"}
[qtp289058280-55] INFO  - RESPONSE: 400 {"status":"400","message":"Invalid request body parameter"}
[qtp289058280-58] INFO  - REQUEST: POST http://localhost:8888/api/1.0/account {"balance":"-1"}
[qtp289058280-58] INFO  - RESPONSE: 400 {"status":"400","message":"Invalid request body parameter"}
[qtp289058280-55] INFO  - REQUEST: POST http://localhost:8888/api/1.0/account {"balance":"-1"}
[qtp289058280-47] INFO  - REQUEST: POST http://localhost:8888/api/1.0/account {"balance":"-1"}
[qtp289058280-55] INFO  - RESPONSE: 400 {"status":"400","message":"Invalid request body parameter"}
[qtp289058280-47] INFO  - RESPONSE: 400 {"status":"400","message":"Invalid request body parameter"}
[qtp289058280-58] INFO  - REQUEST: POST http://localhost:8888/api/1.0/account {"balance":"-1"}
[qtp289058280-58] INFO  - RESPONSE: 400 {"status":"400","message":"Invalid request body parameter"}
[qtp289058280-54] INFO  - REQUEST: POST http://localhost:8888/api/1.0/account {"balance":"-1"}
[qtp289058280-54] INFO  - RESPONSE: 400 {"status":"400","message":"Invalid request body parameter"}
[Thread-42] INFO spark.embeddedserver.jetty.EmbeddedJettyServer - >>> Spark shutting down ...
[Thread-42] INFO org.eclipse.jetty.server.AbstractConnector - Stopped ServerConnector@34a40c00{HTTP/1.1,[http/1.1]}{0.0.0.0:8888}
[Thread-42] INFO org.eclipse.jetty.server.session - node0 Stopped scavenging
[Thread-42] INFO spark.embeddedserver.jetty.EmbeddedJettyServer - done
]]></system-err>
</testsuite>
