<?xml version="1.0" encoding="UTF-8"?>
<testsuite name="functional.ConcurrentGetAccountTest" tests="1" skipped="0" failures="0" errors="0" timestamp="2019-09-06T03:55:48" hostname="AR0FVFYR01DHV2J" time="2.506">
  <properties/>
  <testcase name="shouldGet500AccountsSuccessfullyAnd500FailedTest" classname="functional.ConcurrentGetAccountTest" time="2.506"/>
  <system-out><![CDATA[]]></system-out>
  <system-err><![CDATA[[Thread-43] WARN org.eclipse.jetty.server.AbstractConnector - Ignoring deprecated socket close linger time
[Thread-43] INFO spark.embeddedserver.jetty.EmbeddedJettyServer - == Spark has ignited ...
[Thread-43] INFO spark.embeddedserver.jetty.EmbeddedJettyServer - >> Listening on 0.0.0.0:8888
[Thread-43] INFO org.eclipse.jetty.server.Server - jetty-9.4.12.v20180830; built: 2018-08-30T13:59:14.071Z; git: 27208684755d94a92186989f695db2d7b21ebc51; jvm 11.0.3+12-b304.10
[Thread-43] INFO org.eclipse.jetty.server.session - DefaultSessionIdManager workerName=node0
[Thread-43] INFO org.eclipse.jetty.server.session - No SessionScavenger set, using defaults
[Thread-43] INFO org.eclipse.jetty.server.session - node0 Scavenging every 660000ms
[Thread-43] INFO org.eclipse.jetty.server.AbstractConnector - Started ServerConnector@7aa93d21{HTTP/1.1,[http/1.1]}{0.0.0.0:8888}
[Thread-43] INFO org.eclipse.jetty.server.Server - Started @6576ms
[qtp644479171-75] INFO  - REQUEST: GET http://localhost:8888/api/1.0/account/9
[qtp644479171-71] INFO  - REQUEST: GET http://localhost:8888/api/1.0/account/6
[qtp644479171-73] INFO  - REQUEST: GET http://localhost:8888/api/1.0/account/8
[qtp644479171-70] INFO  - REQUEST: GET http://localhost:8888/api/1.0/account/4
[qtp644479171-74] INFO  - REQUEST: GET http://localhost:8888/api/1.0/account/5
[qtp644479171-91] INFO  - REQUEST: GET http://localhost:8888/api/1.0/account/3
[qtp644479171-70] INFO  - RESPONSE: 200 {"id":"4","balance":0}
[qtp644479171-73] INFO  - RESPONSE: 200 {"id":"8","balance":0}
[qtp644479171-74] INFO  - RESPONSE: 200 {"id":"5","balance":0}
[qtp644479171-71] INFO  - RESPONSE: 200 {"id":"6","balance":0}
[qtp644479171-75] INFO  - RESPONSE: 200 {"id":"9","balance":0}
[qtp644479171-91] INFO  - RESPONSE: 200 {"id":"3","balance":0}
[qtp644479171-91] INFO  - REQUEST: GET http://localhost:8888/api/1.0/account/10
[qtp644479171-91] INFO  - RESPONSE: 200 {"id":"10","balance":0}
[qtp644479171-76] INFO  - REQUEST: GET http://localhost:8888/api/1.0/account/2
[qtp644479171-76] INFO  - RESPONSE: 200 {"id":"2","balance":0}
[qtp644479171-93] INFO  - REQUEST: GET http://localhost:8888/api/1.0/account/1
[qtp644479171-93] INFO  - RESPONSE: 200 {"id":"1","balance":0}
[qtp644479171-77] INFO  - REQUEST: GET http://localhost:8888/api/1.0/account/13
[qtp644479171-77] INFO  - RESPONSE: 200 {"id":"13","balance":0}
[qtp644479171-90] INFO  - REQUEST: GET http://localhost:8888/api/1.0/account/15
[qtp644479171-77] INFO  - REQUEST: GET http://localhost:8888/api/1.0/account/12
[qtp644479171-90] INFO  - RESPONSE: 200 {"id":"15","balance":0}
[qtp644479171-77] INFO  - RESPONSE: 200 {"id":"12","balance":0}
[qtp644479171-76] INFO  - REQUEST: GET http://localhost:8888/api/1.0/account/11
[qtp644479171-76] INFO  - RESPONSE: 200 {"id":"11","balance":0}
[qtp644479171-90] INFO  - REQUEST: GET http://localhost:8888/api/1.0/account/14
[qtp644479171-90] INFO  - RESPONSE: 200 {"id":"14","balance":0}
[qtp644479171-77] INFO  - REQUEST: GET http://localhost:8888/api/1.0/account/16
[qtp644479171-77] INFO  - RESPONSE: 200 {"id":"16","balance":0}
[qtp644479171-90] INFO  - REQUEST: GET http://localhost:8888/api/1.0/account/21
[qtp644479171-90] INFO  - RESPONSE: 200 {"id":"21","balance":0}
[qtp644479171-77] INFO  - REQUEST: GET http://localhost:8888/api/1.0/account/18
[qtp644479171-77] INFO  - RESPONSE: 200 {"id":"18","balance":0}
[qtp644479171-76] INFO  - REQUEST: GET http://localhost:8888/api/1.0/account/17
[qtp644479171-76] INFO  - RESPONSE: 200 {"id":"17","balance":0}
[qtp644479171-76] INFO  - REQUEST: GET http://localhost:8888/api/1.0/account/19
[qtp644479171-76] INFO  - RESPONSE: 200 {"id":"19","balance":0}
[qtp644479171-76] INFO  - REQUEST: GET http://localhost:8888/api/1.0/account/23
[qtp644479171-76] INFO  - RESPONSE: 200 {"id":"23","balance":0}
[qtp644479171-90] INFO  - REQUEST: GET http://localhost:8888/api/1.0/account/22
[qtp644479171-90] INFO  - RESPONSE: 200 {"id":"22","balance":0}
[qtp644479171-75] INFO  - REQUEST: GET http://localhost:8888/api/1.0/account/20
[qtp644479171-75] INFO  - RESPONSE: 200 {"id":"20","balance":0}
[qtp644479171-92] INFO  - REQUEST: GET http://localhost:8888/api/1.0/account/27
[qtp644479171-92] INFO  - RESPONSE: 200 {"id":"27","balance":0}
[qtp644479171-76] INFO  - REQUEST: GET http://localhost:8888/api/1.0/account/24
[qtp644479171-76] INFO  - RESPONSE: 200 {"id":"24","balance":0}
[qtp644479171-90] INFO  - REQUEST: GET http://localhost:8888/api/1.0/account/26
[qtp644479171-90] INFO  - RESPONSE: 200 {"id":"26","balance":0}
[qtp644479171-92] INFO  - REQUEST: GET http://localhost:8888/api/1.0/account/29
[qtp644479171-92] INFO  - RESPONSE: 200 {"id":"29","balance":0}
[qtp644479171-92] INFO  - REQUEST: GET http://localhost:8888/api/1.0/account/25
[qtp644479171-92] INFO  - RESPONSE: 200 {"id":"25","balance":0}
[qtp644479171-90] INFO  - REQUEST: GET http://localhost:8888/api/1.0/account/28
[qtp644479171-90] INFO  - RESPONSE: 200 {"id":"28","balance":0}
[qtp644479171-90] INFO  - REQUEST: GET http://localhost:8888/api/1.0/account/30
[qtp644479171-90] INFO  - RESPONSE: 200 {"id":"30","balance":0}
[qtp644479171-92] INFO  - REQUEST: GET http://localhost:8888/api/1.0/account/31
[qtp644479171-92] INFO  - RESPONSE: 200 {"id":"31","balance":0}
[qtp644479171-90] INFO  - REQUEST: GET http://localhost:8888/api/1.0/account/35
[qtp644479171-90] INFO  - RESPONSE: 200 {"id":"35","balance":0}
[qtp644479171-90] INFO  - REQUEST: GET http://localhost:8888/api/1.0/account/32
[qtp644479171-90] INFO  - RESPONSE: 200 {"id":"32","balance":0}
[qtp644479171-70] INFO  - REQUEST: GET http://localhost:8888/api/1.0/account/33
[qtp644479171-90] INFO  - REQUEST: GET http://localhost:8888/api/1.0/account/34
[qtp644479171-70] INFO  - RESPONSE: 200 {"id":"33","balance":0}
[qtp644479171-90] INFO  - RESPONSE: 200 {"id":"34","balance":0}
[qtp644479171-76] INFO  - REQUEST: GET http://localhost:8888/api/1.0/account/37
[qtp644479171-70] INFO  - REQUEST: GET http://localhost:8888/api/1.0/account/36
[qtp644479171-76] INFO  - RESPONSE: 200 {"id":"37","balance":0}
[qtp644479171-70] INFO  - RESPONSE: 200 {"id":"36","balance":0}
[qtp644479171-92] INFO  - REQUEST: GET http://localhost:8888/api/1.0/account/40
[qtp644479171-92] INFO  - RESPONSE: 200 {"id":"40","balance":0}
[qtp644479171-70] INFO  - REQUEST: GET http://localhost:8888/api/1.0/account/39
[qtp644479171-70] INFO  - RESPONSE: 200 {"id":"39","balance":0}
[qtp644479171-92] INFO  - REQUEST: GET http://localhost:8888/api/1.0/account/38
[qtp644479171-92] INFO  - RESPONSE: 200 {"id":"38","balance":0}
[qtp644479171-77] INFO  - REQUEST: GET http://localhost:8888/api/1.0/account/44
[qtp644479171-77] INFO  - RESPONSE: 200 {"id":"44","balance":0}
[qtp644479171-70] INFO  - REQUEST: GET http://localhost:8888/api/1.0/account/43
[qtp644479171-70] INFO  - RESPONSE: 200 {"id":"43","balance":0}
[qtp644479171-76] INFO  - REQUEST: GET http://localhost:8888/api/1.0/account/42
[qtp644479171-76] INFO  - RESPONSE: 200 {"id":"42","balance":0}
[qtp644479171-92] INFO  - REQUEST: GET http://localhost:8888/api/1.0/account/41
[qtp644479171-92] INFO  - RESPONSE: 200 {"id":"41","balance":0}
[qtp644479171-70] INFO  - REQUEST: GET http://localhost:8888/api/1.0/account/45
[qtp644479171-70] INFO  - RESPONSE: 200 {"id":"45","balance":0}
[qtp644479171-70] INFO  - REQUEST: GET http://localhost:8888/api/1.0/account/48
[qtp644479171-70] INFO  - RESPONSE: 200 {"id":"48","balance":0}
[qtp644479171-70] INFO  - REQUEST: GET http://localhost:8888/api/1.0/account/47
[qtp644479171-92] INFO  - REQUEST: GET http://localhost:8888/api/1.0/account/46
[qtp644479171-70] INFO  - RESPONSE: 200 {"id":"47","balance":0}
[qtp644479171-92] INFO  - RESPONSE: 200 {"id":"46","balance":0}
[qtp644479171-92] INFO  - REQUEST: GET http://localhost:8888/api/1.0/account/50
[qtp644479171-70] INFO  - REQUEST: GET http://localhost:8888/api/1.0/account/51
[qtp644479171-70] INFO  - RESPONSE: 200 {"id":"51","balance":0}
[qtp644479171-76] INFO  - REQUEST: GET http://localhost:8888/api/1.0/account/49
[qtp644479171-76] INFO  - RESPONSE: 200 {"id":"49","balance":0}
[qtp644479171-92] INFO  - RESPONSE: 200 {"id":"50","balance":0}
[qtp644479171-76] INFO  - REQUEST: GET http://localhost:8888/api/1.0/account/52
[qtp644479171-76] INFO  - RESPONSE: 200 {"id":"52","balance":0}
[qtp644479171-76] INFO  - REQUEST: GET http://localhost:8888/api/1.0/account/54
[qtp644479171-76] INFO  - RESPONSE: 200 {"id":"54","balance":0}
[qtp644479171-90] INFO  - REQUEST: GET http://localhost:8888/api/1.0/account/53
[qtp644479171-90] INFO  - RESPONSE: 200 {"id":"53","balance":0}
[qtp644479171-90] INFO  - REQUEST: GET http://localhost:8888/api/1.0/account/55
[qtp644479171-90] INFO  - RESPONSE: 200 {"id":"55","balance":0}
[qtp644479171-90] INFO  - REQUEST: GET http://localhost:8888/api/1.0/account/58
[qtp644479171-90] INFO  - RESPONSE: 200 {"id":"58","balance":0}
[qtp644479171-76] INFO  - REQUEST: GET http://localhost:8888/api/1.0/account/59
[qtp644479171-76] INFO  - RESPONSE: 200 {"id":"59","balance":0}
[qtp644479171-76] INFO  - REQUEST: GET http://localhost:8888/api/1.0/account/57
[qtp644479171-76] INFO  - RESPONSE: 200 {"id":"57","balance":0}
[qtp644479171-76] INFO  - REQUEST: GET http://localhost:8888/api/1.0/account/60
[qtp644479171-76] INFO  - RESPONSE: 200 {"id":"60","balance":0}
[qtp644479171-90] INFO  - REQUEST: GET http://localhost:8888/api/1.0/account/56
[qtp644479171-90] INFO  - RESPONSE: 200 {"id":"56","balance":0}
[qtp644479171-90] INFO  - REQUEST: GET http://localhost:8888/api/1.0/account/62
[qtp644479171-90] INFO  - RESPONSE: 200 {"id":"62","balance":0}
[qtp644479171-76] INFO  - REQUEST: GET http://localhost:8888/api/1.0/account/61
[qtp644479171-76] INFO  - RESPONSE: 200 {"id":"61","balance":0}
[qtp644479171-90] INFO  - REQUEST: GET http://localhost:8888/api/1.0/account/63
[qtp644479171-76] INFO  - REQUEST: GET http://localhost:8888/api/1.0/account/64
[qtp644479171-90] INFO  - RESPONSE: 200 {"id":"63","balance":0}
[qtp644479171-76] INFO  - RESPONSE: 200 {"id":"64","balance":0}
[qtp644479171-90] INFO  - REQUEST: GET http://localhost:8888/api/1.0/account/65
[qtp644479171-90] INFO  - RESPONSE: 200 {"id":"65","balance":0}
[qtp644479171-92] INFO  - REQUEST: GET http://localhost:8888/api/1.0/account/66
[qtp644479171-92] INFO  - RESPONSE: 200 {"id":"66","balance":0}
[qtp644479171-76] INFO  - REQUEST: GET http://localhost:8888/api/1.0/account/67
[qtp644479171-76] INFO  - RESPONSE: 200 {"id":"67","balance":0}
[qtp644479171-90] INFO  - REQUEST: GET http://localhost:8888/api/1.0/account/69
[qtp644479171-90] INFO  - RESPONSE: 200 {"id":"69","balance":0}
[qtp644479171-76] INFO  - REQUEST: GET http://localhost:8888/api/1.0/account/70
[qtp644479171-76] INFO  - RESPONSE: 200 {"id":"70","balance":0}
[qtp644479171-70] INFO  - REQUEST: GET http://localhost:8888/api/1.0/account/68
[qtp644479171-70] INFO  - RESPONSE: 200 {"id":"68","balance":0}
[qtp644479171-90] INFO  - REQUEST: GET http://localhost:8888/api/1.0/account/71
[qtp644479171-90] INFO  - RESPONSE: 200 {"id":"71","balance":0}
[qtp644479171-76] INFO  - REQUEST: GET http://localhost:8888/api/1.0/account/72
[qtp644479171-76] INFO  - RESPONSE: 200 {"id":"72","balance":0}
[qtp644479171-90] INFO  - REQUEST: GET http://localhost:8888/api/1.0/account/74
[qtp644479171-70] INFO  - REQUEST: GET http://localhost:8888/api/1.0/account/75
[qtp644479171-90] INFO  - RESPONSE: 200 {"id":"74","balance":0}
[qtp644479171-70] INFO  - RESPONSE: 200 {"id":"75","balance":0}
[qtp644479171-76] INFO  - REQUEST: GET http://localhost:8888/api/1.0/account/73
[qtp644479171-76] INFO  - RESPONSE: 200 {"id":"73","balance":0}
[qtp644479171-76] INFO  - REQUEST: GET http://localhost:8888/api/1.0/account/76
[qtp644479171-76] INFO  - RESPONSE: 200 {"id":"76","balance":0}
[qtp644479171-90] INFO  - REQUEST: GET http://localhost:8888/api/1.0/account/77
[qtp644479171-90] INFO  - RESPONSE: 200 {"id":"77","balance":0}
[qtp644479171-76] INFO  - REQUEST: GET http://localhost:8888/api/1.0/account/78
[qtp644479171-76] INFO  - RESPONSE: 200 {"id":"78","balance":0}
[qtp644479171-93] INFO  - REQUEST: GET http://localhost:8888/api/1.0/account/81
[qtp644479171-93] INFO  - RESPONSE: 200 {"id":"81","balance":0}
[qtp644479171-90] INFO  - REQUEST: GET http://localhost:8888/api/1.0/account/79
[qtp644479171-90] INFO  - RESPONSE: 200 {"id":"79","balance":0}
[qtp644479171-76] INFO  - REQUEST: GET http://localhost:8888/api/1.0/account/83
[qtp644479171-76] INFO  - RESPONSE: 200 {"id":"83","balance":0}
[qtp644479171-93] INFO  - REQUEST: GET http://localhost:8888/api/1.0/account/7
[qtp644479171-93] INFO  - RESPONSE: 200 {"id":"7","balance":0}
[qtp644479171-92] INFO  - REQUEST: GET http://localhost:8888/api/1.0/account/82
[qtp644479171-93] INFO  - REQUEST: GET http://localhost:8888/api/1.0/account/84
[qtp644479171-92] INFO  - RESPONSE: 200 {"id":"82","balance":0}
[qtp644479171-93] INFO  - RESPONSE: 200 {"id":"84","balance":0}
[qtp644479171-76] INFO  - REQUEST: GET http://localhost:8888/api/1.0/account/80
[qtp644479171-76] INFO  - RESPONSE: 200 {"id":"80","balance":0}
[qtp644479171-90] INFO  - REQUEST: GET http://localhost:8888/api/1.0/account/90
[qtp644479171-90] INFO  - RESPONSE: 200 {"id":"90","balance":0}
[qtp644479171-93] INFO  - REQUEST: GET http://localhost:8888/api/1.0/account/91
[qtp644479171-93] INFO  - RESPONSE: 200 {"id":"91","balance":0}
[qtp644479171-76] INFO  - REQUEST: GET http://localhost:8888/api/1.0/account/92
[qtp644479171-76] INFO  - RESPONSE: 200 {"id":"92","balance":0}
[qtp644479171-90] INFO  - REQUEST: GET http://localhost:8888/api/1.0/account/94
[qtp644479171-90] INFO  - RESPONSE: 200 {"id":"94","balance":0}
[qtp644479171-93] INFO  - REQUEST: GET http://localhost:8888/api/1.0/account/95
[qtp644479171-93] INFO  - RESPONSE: 200 {"id":"95","balance":0}
[qtp644479171-76] INFO  - REQUEST: GET http://localhost:8888/api/1.0/account/96
[qtp644479171-76] INFO  - RESPONSE: 200 {"id":"96","balance":0}
[qtp644479171-90] INFO  - REQUEST: GET http://localhost:8888/api/1.0/account/97
[qtp644479171-90] INFO  - RESPONSE: 200 {"id":"97","balance":0}
[qtp644479171-76] INFO  - REQUEST: GET http://localhost:8888/api/1.0/account/98
[qtp644479171-92] INFO  - REQUEST: GET http://localhost:8888/api/1.0/account/93
[qtp644479171-76] INFO  - RESPONSE: 200 {"id":"98","balance":0}
[qtp644479171-92] INFO  - RESPONSE: 200 {"id":"93","balance":0}
[qtp644479171-90] INFO  - REQUEST: GET http://localhost:8888/api/1.0/account/100
[qtp644479171-90] INFO  - RESPONSE: 200 {"id":"100","balance":0}
[qtp644479171-92] INFO  - REQUEST: GET http://localhost:8888/api/1.0/account/99
[qtp644479171-92] INFO  - RESPONSE: 200 {"id":"99","balance":0}
[qtp644479171-93] INFO  - REQUEST: GET http://localhost:8888/api/1.0/account/101
[qtp644479171-93] INFO  - RESPONSE: 200 {"id":"101","balance":0}
[qtp644479171-92] INFO  - REQUEST: GET http://localhost:8888/api/1.0/account/103
[qtp644479171-92] INFO  - RESPONSE: 200 {"id":"103","balance":0}
[qtp644479171-90] INFO  - REQUEST: GET http://localhost:8888/api/1.0/account/102
[qtp644479171-90] INFO  - RESPONSE: 200 {"id":"102","balance":0}
[qtp644479171-76] INFO  - REQUEST: GET http://localhost:8888/api/1.0/account/104
[qtp644479171-76] INFO  - RESPONSE: 200 {"id":"104","balance":0}
[qtp644479171-93] INFO  - REQUEST: GET http://localhost:8888/api/1.0/account/105
[qtp644479171-93] INFO  - RESPONSE: 200 {"id":"105","balance":0}
[qtp644479171-90] INFO  - REQUEST: GET http://localhost:8888/api/1.0/account/87
[qtp644479171-90] INFO  - RESPONSE: 200 {"id":"87","balance":0}
[qtp644479171-93] INFO  - REQUEST: GET http://localhost:8888/api/1.0/account/108
[qtp644479171-90] INFO  - REQUEST: GET http://localhost:8888/api/1.0/account/106
[qtp644479171-93] INFO  - RESPONSE: 200 {"id":"108","balance":0}
[qtp644479171-90] INFO  - RESPONSE: 200 {"id":"106","balance":0}
[qtp644479171-76] INFO  - REQUEST: GET http://localhost:8888/api/1.0/account/107
[qtp644479171-76] INFO  - RESPONSE: 200 {"id":"107","balance":0}
[qtp644479171-90] INFO  - REQUEST: GET http://localhost:8888/api/1.0/account/109
[qtp644479171-90] INFO  - RESPONSE: 200 {"id":"109","balance":0}
[qtp644479171-76] INFO  - REQUEST: GET http://localhost:8888/api/1.0/account/110
[qtp644479171-76] INFO  - RESPONSE: 200 {"id":"110","balance":0}
[qtp644479171-93] INFO  - REQUEST: GET http://localhost:8888/api/1.0/account/111
[qtp644479171-93] INFO  - RESPONSE: 200 {"id":"111","balance":0}
[qtp644479171-76] INFO  - REQUEST: GET http://localhost:8888/api/1.0/account/113
[qtp644479171-76] INFO  - RESPONSE: 200 {"id":"113","balance":0}
[qtp644479171-92] INFO  - REQUEST: GET http://localhost:8888/api/1.0/account/112
[qtp644479171-76] INFO  - REQUEST: GET http://localhost:8888/api/1.0/account/114
[qtp644479171-92] INFO  - RESPONSE: 200 {"id":"112","balance":0}
[qtp644479171-76] INFO  - RESPONSE: 200 {"id":"114","balance":0}
[qtp644479171-93] INFO  - REQUEST: GET http://localhost:8888/api/1.0/account/115
[qtp644479171-93] INFO  - RESPONSE: 200 {"id":"115","balance":0}
[qtp644479171-90] INFO  - REQUEST: GET http://localhost:8888/api/1.0/account/116
[qtp644479171-90] INFO  - RESPONSE: 200 {"id":"116","balance":0}
[qtp644479171-93] INFO  - REQUEST: GET http://localhost:8888/api/1.0/account/119
[qtp644479171-93] INFO  - RESPONSE: 200 {"id":"119","balance":0}
[qtp644479171-92] INFO  - REQUEST: GET http://localhost:8888/api/1.0/account/117
[qtp644479171-92] INFO  - RESPONSE: 200 {"id":"117","balance":0}
[qtp644479171-76] INFO  - REQUEST: GET http://localhost:8888/api/1.0/account/118
[qtp644479171-76] INFO  - RESPONSE: 200 {"id":"118","balance":0}
[qtp644479171-90] INFO  - REQUEST: GET http://localhost:8888/api/1.0/account/121
[qtp644479171-90] INFO  - RESPONSE: 200 {"id":"121","balance":0}
[qtp644479171-76] INFO  - REQUEST: GET http://localhost:8888/api/1.0/account/123
[qtp644479171-76] INFO  - RESPONSE: 200 {"id":"123","balance":0}
[qtp644479171-92] INFO  - REQUEST: GET http://localhost:8888/api/1.0/account/122
[qtp644479171-76] INFO  - REQUEST: GET http://localhost:8888/api/1.0/account/124
[qtp644479171-92] INFO  - RESPONSE: 200 {"id":"122","balance":0}
[qtp644479171-93] INFO  - REQUEST: GET http://localhost:8888/api/1.0/account/125
[qtp644479171-76] INFO  - RESPONSE: 200 {"id":"124","balance":0}
[qtp644479171-93] INFO  - RESPONSE: 200 {"id":"125","balance":0}
[qtp644479171-90] INFO  - REQUEST: GET http://localhost:8888/api/1.0/account/89
[qtp644479171-90] INFO  - RESPONSE: 200 {"id":"89","balance":0}
[qtp644479171-70] INFO  - REQUEST: GET http://localhost:8888/api/1.0/account/129
[qtp644479171-76] INFO  - REQUEST: GET http://localhost:8888/api/1.0/account/126
[qtp644479171-70] INFO  - RESPONSE: 200 {"id":"129","balance":0}
[qtp644479171-76] INFO  - RESPONSE: 200 {"id":"126","balance":0}
[qtp644479171-93] INFO  - REQUEST: GET http://localhost:8888/api/1.0/account/127
[qtp644479171-93] INFO  - RESPONSE: 200 {"id":"127","balance":0}
[qtp644479171-90] INFO  - REQUEST: GET http://localhost:8888/api/1.0/account/128
[qtp644479171-90] INFO  - RESPONSE: 200 {"id":"128","balance":0}
[qtp644479171-76] INFO  - REQUEST: GET http://localhost:8888/api/1.0/account/130
[qtp644479171-76] INFO  - RESPONSE: 200 {"id":"130","balance":0}
[qtp644479171-70] INFO  - REQUEST: GET http://localhost:8888/api/1.0/account/133
[qtp644479171-70] INFO  - RESPONSE: 200 {"id":"133","balance":0}
[qtp644479171-90] INFO  - REQUEST: GET http://localhost:8888/api/1.0/account/132
[qtp644479171-76] INFO  - REQUEST: GET http://localhost:8888/api/1.0/account/131
[qtp644479171-90] INFO  - RESPONSE: 200 {"id":"132","balance":0}
[qtp644479171-93] INFO  - REQUEST: GET http://localhost:8888/api/1.0/account/134
[qtp644479171-76] INFO  - RESPONSE: 200 {"id":"131","balance":0}
[qtp644479171-93] INFO  - RESPONSE: 200 {"id":"134","balance":0}
[qtp644479171-92] INFO  - REQUEST: GET http://localhost:8888/api/1.0/account/86
[qtp644479171-92] INFO  - RESPONSE: 200 {"id":"86","balance":0}
[qtp644479171-70] INFO  - REQUEST: GET http://localhost:8888/api/1.0/account/136
[qtp644479171-70] INFO  - RESPONSE: 200 {"id":"136","balance":0}
[qtp644479171-93] INFO  - REQUEST: GET http://localhost:8888/api/1.0/account/138
[qtp644479171-93] INFO  - RESPONSE: 200 {"id":"138","balance":0}
[qtp644479171-90] INFO  - REQUEST: GET http://localhost:8888/api/1.0/account/137
[qtp644479171-90] INFO  - RESPONSE: 200 {"id":"137","balance":0}
[qtp644479171-92] INFO  - REQUEST: GET http://localhost:8888/api/1.0/account/135
[qtp644479171-92] INFO  - RESPONSE: 200 {"id":"135","balance":0}
[qtp644479171-70] INFO  - REQUEST: GET http://localhost:8888/api/1.0/account/140
[qtp644479171-92] INFO  - REQUEST: GET http://localhost:8888/api/1.0/account/141
[qtp644479171-70] INFO  - RESPONSE: 200 {"id":"140","balance":0}
[qtp644479171-92] INFO  - RESPONSE: 200 {"id":"141","balance":0}
[qtp644479171-90] INFO  - REQUEST: GET http://localhost:8888/api/1.0/account/142
[qtp644479171-90] INFO  - RESPONSE: 200 {"id":"142","balance":0}
[qtp644479171-93] INFO  - REQUEST: GET http://localhost:8888/api/1.0/account/143
[qtp644479171-93] INFO  - RESPONSE: 200 {"id":"143","balance":0}
[qtp644479171-90] INFO  - REQUEST: GET http://localhost:8888/api/1.0/account/120
[qtp644479171-93] INFO  - REQUEST: GET http://localhost:8888/api/1.0/account/85
[qtp644479171-93] INFO  - RESPONSE: 200 {"id":"85","balance":0}
[qtp644479171-92] INFO  - REQUEST: GET http://localhost:8888/api/1.0/account/147
[qtp644479171-92] INFO  - RESPONSE: 200 {"id":"147","balance":0}
[qtp644479171-76] INFO  - REQUEST: GET http://localhost:8888/api/1.0/account/88
[qtp644479171-76] INFO  - RESPONSE: 200 {"id":"88","balance":0}
[qtp644479171-70] INFO  - REQUEST: GET http://localhost:8888/api/1.0/account/150
[qtp644479171-70] INFO  - RESPONSE: 200 {"id":"150","balance":0}
[qtp644479171-93] INFO  - REQUEST: GET http://localhost:8888/api/1.0/account/149
[qtp644479171-93] INFO  - RESPONSE: 200 {"id":"149","balance":0}
[qtp644479171-90] INFO  - RESPONSE: 200 {"id":"120","balance":0}
[qtp644479171-95] INFO  - REQUEST: GET http://localhost:8888/api/1.0/account/148
[qtp644479171-92] INFO  - REQUEST: GET http://localhost:8888/api/1.0/account/139
[qtp644479171-95] INFO  - RESPONSE: 200 {"id":"148","balance":0}
[qtp644479171-92] INFO  - RESPONSE: 200 {"id":"139","balance":0}
[qtp644479171-77] INFO  - REQUEST: GET http://localhost:8888/api/1.0/account/151
[qtp644479171-94] INFO  - REQUEST: GET http://localhost:8888/api/1.0/account/153
[qtp644479171-94] INFO  - RESPONSE: 200 {"id":"153","balance":0}
[qtp644479171-77] INFO  - RESPONSE: 200 {"id":"151","balance":0}
[qtp644479171-77] INFO  - REQUEST: GET http://localhost:8888/api/1.0/account/152
[qtp644479171-77] INFO  - RESPONSE: 200 {"id":"152","balance":0}
[qtp644479171-70] INFO  - REQUEST: GET http://localhost:8888/api/1.0/account/154
[qtp644479171-70] INFO  - RESPONSE: 200 {"id":"154","balance":0}
[qtp644479171-94] INFO  - REQUEST: GET http://localhost:8888/api/1.0/account/156
[qtp644479171-94] INFO  - RESPONSE: 200 {"id":"156","balance":0}
[qtp644479171-77] INFO  - REQUEST: GET http://localhost:8888/api/1.0/account/157
[qtp644479171-77] INFO  - RESPONSE: 200 {"id":"157","balance":0}
[qtp644479171-77] INFO  - REQUEST: GET http://localhost:8888/api/1.0/account/155
[qtp644479171-77] INFO  - RESPONSE: 200 {"id":"155","balance":0}
[qtp644479171-94] INFO  - REQUEST: GET http://localhost:8888/api/1.0/account/160
[qtp644479171-70] INFO  - REQUEST: GET http://localhost:8888/api/1.0/account/161
[qtp644479171-74] INFO  - REQUEST: GET http://localhost:8888/api/1.0/account/158
[qtp644479171-77] INFO  - REQUEST: GET http://localhost:8888/api/1.0/account/162
[qtp644479171-94] INFO  - RESPONSE: 200 {"id":"160","balance":0}
[qtp644479171-77] INFO  - RESPONSE: 200 {"id":"162","balance":0}
[qtp644479171-74] INFO  - RESPONSE: 200 {"id":"158","balance":0}
[qtp644479171-70] INFO  - RESPONSE: 200 {"id":"161","balance":0}
[qtp644479171-77] INFO  - REQUEST: GET http://localhost:8888/api/1.0/account/159
[qtp644479171-77] INFO  - RESPONSE: 200 {"id":"159","balance":0}
[qtp644479171-73] INFO  - REQUEST: GET http://localhost:8888/api/1.0/account/164
[qtp644479171-77] INFO  - REQUEST: GET http://localhost:8888/api/1.0/account/163
[qtp644479171-77] INFO  - RESPONSE: 200 {"id":"163","balance":0}
[qtp644479171-73] INFO  - RESPONSE: 200 {"id":"164","balance":0}
[qtp644479171-77] INFO  - REQUEST: GET http://localhost:8888/api/1.0/account/166
[qtp644479171-73] INFO  - REQUEST: GET http://localhost:8888/api/1.0/account/165
[qtp644479171-77] INFO  - RESPONSE: 200 {"id":"166","balance":0}
[qtp644479171-73] INFO  - RESPONSE: 200 {"id":"165","balance":0}
[qtp644479171-77] INFO  - REQUEST: GET http://localhost:8888/api/1.0/account/167
[qtp644479171-77] INFO  - RESPONSE: 200 {"id":"167","balance":0}
[qtp644479171-73] INFO  - REQUEST: GET http://localhost:8888/api/1.0/account/168
[qtp644479171-73] INFO  - RESPONSE: 200 {"id":"168","balance":0}
[qtp644479171-77] INFO  - REQUEST: GET http://localhost:8888/api/1.0/account/171
[qtp644479171-77] INFO  - RESPONSE: 200 {"id":"171","balance":0}
[qtp644479171-73] INFO  - REQUEST: GET http://localhost:8888/api/1.0/account/170
[qtp644479171-73] INFO  - RESPONSE: 200 {"id":"170","balance":0}
[qtp644479171-77] INFO  - REQUEST: GET http://localhost:8888/api/1.0/account/172
[qtp644479171-77] INFO  - RESPONSE: 200 {"id":"172","balance":0}
[qtp644479171-73] INFO  - REQUEST: GET http://localhost:8888/api/1.0/account/169
[qtp644479171-73] INFO  - RESPONSE: 200 {"id":"169","balance":0}
[qtp644479171-73] INFO  - REQUEST: GET http://localhost:8888/api/1.0/account/175
[qtp644479171-73] INFO  - RESPONSE: 200 {"id":"175","balance":0}
[qtp644479171-77] INFO  - REQUEST: GET http://localhost:8888/api/1.0/account/176
[qtp644479171-77] INFO  - RESPONSE: 200 {"id":"176","balance":0}
[qtp644479171-73] INFO  - REQUEST: GET http://localhost:8888/api/1.0/account/177
[qtp644479171-77] INFO  - REQUEST: GET http://localhost:8888/api/1.0/account/178
[qtp644479171-73] INFO  - RESPONSE: 200 {"id":"177","balance":0}
[qtp644479171-77] INFO  - RESPONSE: 200 {"id":"178","balance":0}
[qtp644479171-73] INFO  - REQUEST: GET http://localhost:8888/api/1.0/account/179
[qtp644479171-73] INFO  - RESPONSE: 200 {"id":"179","balance":0}
[qtp644479171-77] INFO  - REQUEST: GET http://localhost:8888/api/1.0/account/180
[qtp644479171-77] INFO  - RESPONSE: 200 {"id":"180","balance":0}
[qtp644479171-73] INFO  - REQUEST: GET http://localhost:8888/api/1.0/account/182
[qtp644479171-73] INFO  - RESPONSE: 200 {"id":"182","balance":0}
[qtp644479171-77] INFO  - REQUEST: GET http://localhost:8888/api/1.0/account/181
[qtp644479171-77] INFO  - RESPONSE: 200 {"id":"181","balance":0}
[qtp644479171-73] INFO  - REQUEST: GET http://localhost:8888/api/1.0/account/183
[qtp644479171-73] INFO  - RESPONSE: 200 {"id":"183","balance":0}
[qtp644479171-77] INFO  - REQUEST: GET http://localhost:8888/api/1.0/account/184
[qtp644479171-77] INFO  - RESPONSE: 200 {"id":"184","balance":0}
[qtp644479171-73] INFO  - REQUEST: GET http://localhost:8888/api/1.0/account/185
[qtp644479171-73] INFO  - RESPONSE: 200 {"id":"185","balance":0}
[qtp644479171-77] INFO  - REQUEST: GET http://localhost:8888/api/1.0/account/186
[qtp644479171-77] INFO  - RESPONSE: 200 {"id":"186","balance":0}
[qtp644479171-77] INFO  - REQUEST: GET http://localhost:8888/api/1.0/account/174
[qtp644479171-77] INFO  - RESPONSE: 200 {"id":"174","balance":0}
[qtp644479171-77] INFO  - REQUEST: GET http://localhost:8888/api/1.0/account/188
[qtp644479171-77] INFO  - RESPONSE: 200 {"id":"188","balance":0}
[qtp644479171-77] INFO  - REQUEST: GET http://localhost:8888/api/1.0/account/144
[qtp644479171-73] INFO  - REQUEST: GET http://localhost:8888/api/1.0/account/190
[qtp644479171-77] INFO  - RESPONSE: 200 {"id":"144","balance":0}
[qtp644479171-73] INFO  - RESPONSE: 200 {"id":"190","balance":0}
[qtp644479171-77] INFO  - REQUEST: GET http://localhost:8888/api/1.0/account/146
[qtp644479171-77] INFO  - RESPONSE: 200 {"id":"146","balance":0}
[qtp644479171-73] INFO  - REQUEST: GET http://localhost:8888/api/1.0/account/191
[qtp644479171-73] INFO  - RESPONSE: 200 {"id":"191","balance":0}
[qtp644479171-77] INFO  - REQUEST: GET http://localhost:8888/api/1.0/account/192
[qtp644479171-77] INFO  - RESPONSE: 200 {"id":"192","balance":0}
[qtp644479171-73] INFO  - REQUEST: GET http://localhost:8888/api/1.0/account/193
[qtp644479171-73] INFO  - RESPONSE: 200 {"id":"193","balance":0}
[qtp644479171-77] INFO  - REQUEST: GET http://localhost:8888/api/1.0/account/194
[qtp644479171-77] INFO  - RESPONSE: 200 {"id":"194","balance":0}
[qtp644479171-73] INFO  - REQUEST: GET http://localhost:8888/api/1.0/account/195
[qtp644479171-73] INFO  - RESPONSE: 200 {"id":"195","balance":0}
[qtp644479171-77] INFO  - REQUEST: GET http://localhost:8888/api/1.0/account/196
[qtp644479171-77] INFO  - RESPONSE: 200 {"id":"196","balance":0}
[qtp644479171-73] INFO  - REQUEST: GET http://localhost:8888/api/1.0/account/198
[qtp644479171-73] INFO  - RESPONSE: 200 {"id":"198","balance":0}
[qtp644479171-77] INFO  - REQUEST: GET http://localhost:8888/api/1.0/account/199
[qtp644479171-77] INFO  - RESPONSE: 200 {"id":"199","balance":0}
[qtp644479171-73] INFO  - REQUEST: GET http://localhost:8888/api/1.0/account/189
[qtp644479171-73] INFO  - RESPONSE: 200 {"id":"189","balance":0}
[qtp644479171-77] INFO  - REQUEST: GET http://localhost:8888/api/1.0/account/200
[qtp644479171-77] INFO  - RESPONSE: 200 {"id":"200","balance":0}
[qtp644479171-73] INFO  - REQUEST: GET http://localhost:8888/api/1.0/account/201
[qtp644479171-73] INFO  - RESPONSE: 200 {"id":"201","balance":0}
[qtp644479171-77] INFO  - REQUEST: GET http://localhost:8888/api/1.0/account/202
[qtp644479171-77] INFO  - RESPONSE: 200 {"id":"202","balance":0}
[qtp644479171-73] INFO  - REQUEST: GET http://localhost:8888/api/1.0/account/203
[qtp644479171-73] INFO  - RESPONSE: 200 {"id":"203","balance":0}
[qtp644479171-77] INFO  - REQUEST: GET http://localhost:8888/api/1.0/account/204
[qtp644479171-77] INFO  - RESPONSE: 200 {"id":"204","balance":0}
[qtp644479171-77] INFO  - REQUEST: GET http://localhost:8888/api/1.0/account/206
[qtp644479171-77] INFO  - RESPONSE: 200 {"id":"206","balance":0}
[qtp644479171-73] INFO  - REQUEST: GET http://localhost:8888/api/1.0/account/205
[qtp644479171-73] INFO  - RESPONSE: 200 {"id":"205","balance":0}
[qtp644479171-73] INFO  - REQUEST: GET http://localhost:8888/api/1.0/account/207
[qtp644479171-73] INFO  - RESPONSE: 200 {"id":"207","balance":0}
[qtp644479171-77] INFO  - REQUEST: GET http://localhost:8888/api/1.0/account/208
[qtp644479171-77] INFO  - RESPONSE: 200 {"id":"208","balance":0}
[qtp644479171-73] INFO  - REQUEST: GET http://localhost:8888/api/1.0/account/209
[qtp644479171-73] INFO  - RESPONSE: 200 {"id":"209","balance":0}
[qtp644479171-77] INFO  - REQUEST: GET http://localhost:8888/api/1.0/account/210
[qtp644479171-77] INFO  - RESPONSE: 200 {"id":"210","balance":0}
[qtp644479171-73] INFO  - REQUEST: GET http://localhost:8888/api/1.0/account/173
[qtp644479171-73] INFO  - RESPONSE: 200 {"id":"173","balance":0}
[qtp644479171-77] INFO  - REQUEST: GET http://localhost:8888/api/1.0/account/211
[qtp644479171-77] INFO  - RESPONSE: 200 {"id":"211","balance":0}
[qtp644479171-70] INFO  - REQUEST: GET http://localhost:8888/api/1.0/account/216
[qtp644479171-70] INFO  - RESPONSE: 200 {"id":"216","balance":0}
[qtp644479171-90] INFO  - REQUEST: GET http://localhost:8888/api/1.0/account/217
[qtp644479171-70] INFO  - REQUEST: GET http://localhost:8888/api/1.0/account/215
[qtp644479171-70] INFO  - RESPONSE: 200 {"id":"215","balance":0}
[qtp644479171-90] INFO  - RESPONSE: 200 {"id":"217","balance":0}
[qtp644479171-73] INFO  - REQUEST: GET http://localhost:8888/api/1.0/account/220
[qtp644479171-77] INFO  - REQUEST: GET http://localhost:8888/api/1.0/account/218
[qtp644479171-73] INFO  - RESPONSE: 200 {"id":"220","balance":0}
[qtp644479171-77] INFO  - RESPONSE: 200 {"id":"218","balance":0}
[qtp644479171-70] INFO  - REQUEST: GET http://localhost:8888/api/1.0/account/219
[qtp644479171-70] INFO  - RESPONSE: 200 {"id":"219","balance":0}
[qtp644479171-77] INFO  - REQUEST: GET http://localhost:8888/api/1.0/account/222
[qtp644479171-77] INFO  - RESPONSE: 200 {"id":"222","balance":0}
[qtp644479171-90] INFO  - REQUEST: GET http://localhost:8888/api/1.0/account/221
[qtp644479171-90] INFO  - RESPONSE: 200 {"id":"221","balance":0}
[qtp644479171-73] INFO  - REQUEST: GET http://localhost:8888/api/1.0/account/214
[qtp644479171-73] INFO  - RESPONSE: 200 {"id":"214","balance":0}
[qtp644479171-90] INFO  - REQUEST: GET http://localhost:8888/api/1.0/account/223
[qtp644479171-90] INFO  - RESPONSE: 200 {"id":"223","balance":0}
[qtp644479171-70] INFO  - REQUEST: GET http://localhost:8888/api/1.0/account/212
[qtp644479171-70] INFO  - RESPONSE: 200 {"id":"212","balance":0}
[qtp644479171-90] INFO  - REQUEST: GET http://localhost:8888/api/1.0/account/224
[qtp644479171-90] INFO  - RESPONSE: 200 {"id":"224","balance":0}
[qtp644479171-73] INFO  - REQUEST: GET http://localhost:8888/api/1.0/account/225
[qtp644479171-73] INFO  - RESPONSE: 200 {"id":"225","balance":0}
[qtp644479171-70] INFO  - REQUEST: GET http://localhost:8888/api/1.0/account/226
[qtp644479171-70] INFO  - RESPONSE: 200 {"id":"226","balance":0}
[qtp644479171-77] INFO  - REQUEST: GET http://localhost:8888/api/1.0/account/227
[qtp644479171-77] INFO  - RESPONSE: 200 {"id":"227","balance":0}
[qtp644479171-73] INFO  - REQUEST: GET http://localhost:8888/api/1.0/account/229
[qtp644479171-73] INFO  - RESPONSE: 200 {"id":"229","balance":0}
[qtp644479171-70] INFO  - REQUEST: GET http://localhost:8888/api/1.0/account/228
[qtp644479171-70] INFO  - RESPONSE: 200 {"id":"228","balance":0}
[qtp644479171-73] INFO  - REQUEST: GET http://localhost:8888/api/1.0/account/230
[qtp644479171-73] INFO  - RESPONSE: 200 {"id":"230","balance":0}
[qtp644479171-70] INFO  - REQUEST: GET http://localhost:8888/api/1.0/account/233
[qtp644479171-70] INFO  - RESPONSE: 200 {"id":"233","balance":0}
[qtp644479171-90] INFO  - REQUEST: GET http://localhost:8888/api/1.0/account/231
[qtp644479171-90] INFO  - RESPONSE: 200 {"id":"231","balance":0}
[qtp644479171-73] INFO  - REQUEST: GET http://localhost:8888/api/1.0/account/232
[qtp644479171-73] INFO  - RESPONSE: 200 {"id":"232","balance":0}
[qtp644479171-77] INFO  - REQUEST: GET http://localhost:8888/api/1.0/account/234
[qtp644479171-77] INFO  - RESPONSE: 200 {"id":"234","balance":0}
[qtp644479171-70] INFO  - REQUEST: GET http://localhost:8888/api/1.0/account/238
[qtp644479171-70] INFO  - RESPONSE: 200 {"id":"238","balance":0}
[qtp644479171-73] INFO  - REQUEST: GET http://localhost:8888/api/1.0/account/237
[qtp644479171-73] INFO  - RESPONSE: 200 {"id":"237","balance":0}
[qtp644479171-70] INFO  - REQUEST: GET http://localhost:8888/api/1.0/account/187
[qtp644479171-70] INFO  - RESPONSE: 200 {"id":"187","balance":0}
[qtp644479171-90] INFO  - REQUEST: GET http://localhost:8888/api/1.0/account/197
[qtp644479171-90] INFO  - RESPONSE: 200 {"id":"197","balance":0}
[qtp644479171-74] INFO  - REQUEST: GET http://localhost:8888/api/1.0/account/236
[qtp644479171-74] INFO  - RESPONSE: 200 {"id":"236","balance":0}
[qtp644479171-74] INFO  - REQUEST: GET http://localhost:8888/api/1.0/account/235
[qtp644479171-74] INFO  - RESPONSE: 200 {"id":"235","balance":0}
[qtp644479171-90] INFO  - REQUEST: GET http://localhost:8888/api/1.0/account/240
[qtp644479171-90] INFO  - RESPONSE: 200 {"id":"240","balance":0}
[qtp644479171-74] INFO  - REQUEST: GET http://localhost:8888/api/1.0/account/242
[qtp644479171-74] INFO  - RESPONSE: 200 {"id":"242","balance":0}
[qtp644479171-77] INFO  - REQUEST: GET http://localhost:8888/api/1.0/account/241
[qtp644479171-77] INFO  - RESPONSE: 200 {"id":"241","balance":0}
[qtp644479171-70] INFO  - REQUEST: GET http://localhost:8888/api/1.0/account/239
[qtp644479171-70] INFO  - RESPONSE: 200 {"id":"239","balance":0}
[qtp644479171-90] INFO  - REQUEST: GET http://localhost:8888/api/1.0/account/246
[qtp644479171-90] INFO  - RESPONSE: 200 {"id":"246","balance":0}
[qtp644479171-77] INFO  - REQUEST: GET http://localhost:8888/api/1.0/account/244
[qtp644479171-77] INFO  - RESPONSE: 200 {"id":"244","balance":0}
[qtp644479171-74] INFO  - REQUEST: GET http://localhost:8888/api/1.0/account/243
[qtp644479171-74] INFO  - RESPONSE: 200 {"id":"243","balance":0}
[qtp644479171-73] INFO  - REQUEST: GET http://localhost:8888/api/1.0/account/247
[qtp644479171-73] INFO  - RESPONSE: 200 {"id":"247","balance":0}
[qtp644479171-70] INFO  - REQUEST: GET http://localhost:8888/api/1.0/account/245
[qtp644479171-70] INFO  - RESPONSE: 200 {"id":"245","balance":0}
[qtp644479171-73] INFO  - REQUEST: GET http://localhost:8888/api/1.0/account/249
[qtp644479171-73] INFO  - RESPONSE: 200 {"id":"249","balance":0}
[qtp644479171-74] INFO  - REQUEST: GET http://localhost:8888/api/1.0/account/248
[qtp644479171-74] INFO  - RESPONSE: 200 {"id":"248","balance":0}
[qtp644479171-90] INFO  - REQUEST: GET http://localhost:8888/api/1.0/account/145
[qtp644479171-90] INFO  - RESPONSE: 200 {"id":"145","balance":0}
[qtp644479171-74] INFO  - REQUEST: GET http://localhost:8888/api/1.0/account/252
[qtp644479171-74] INFO  - RESPONSE: 200 {"id":"252","balance":0}
[qtp644479171-70] INFO  - REQUEST: GET http://localhost:8888/api/1.0/account/253
[qtp644479171-70] INFO  - RESPONSE: 200 {"id":"253","balance":0}
[qtp644479171-74] INFO  - REQUEST: GET http://localhost:8888/api/1.0/account/254
[qtp644479171-74] INFO  - RESPONSE: 200 {"id":"254","balance":0}
[qtp644479171-90] INFO  - REQUEST: GET http://localhost:8888/api/1.0/account/256
[qtp644479171-90] INFO  - RESPONSE: 200 {"id":"256","balance":0}
[qtp644479171-70] INFO  - REQUEST: GET http://localhost:8888/api/1.0/account/257
[qtp644479171-70] INFO  - RESPONSE: 200 {"id":"257","balance":0}
[qtp644479171-74] INFO  - REQUEST: GET http://localhost:8888/api/1.0/account/258
[qtp644479171-74] INFO  - RESPONSE: 200 {"id":"258","balance":0}
[qtp644479171-90] INFO  - REQUEST: GET http://localhost:8888/api/1.0/account/259
[qtp644479171-90] INFO  - RESPONSE: 200 {"id":"259","balance":0}
[qtp644479171-74] INFO  - REQUEST: GET http://localhost:8888/api/1.0/account/260
[qtp644479171-74] INFO  - RESPONSE: 200 {"id":"260","balance":0}
[qtp644479171-70] INFO  - REQUEST: GET http://localhost:8888/api/1.0/account/261
[qtp644479171-70] INFO  - RESPONSE: 200 {"id":"261","balance":0}
[qtp644479171-74] INFO  - REQUEST: GET http://localhost:8888/api/1.0/account/262
[qtp644479171-74] INFO  - RESPONSE: 200 {"id":"262","balance":0}
[qtp644479171-70] INFO  - REQUEST: GET http://localhost:8888/api/1.0/account/255
[qtp644479171-70] INFO  - RESPONSE: 200 {"id":"255","balance":0}
[qtp644479171-90] INFO  - REQUEST: GET http://localhost:8888/api/1.0/account/263
[qtp644479171-90] INFO  - RESPONSE: 200 {"id":"263","balance":0}
[qtp644479171-74] INFO  - REQUEST: GET http://localhost:8888/api/1.0/account/264
[qtp644479171-74] INFO  - RESPONSE: 200 {"id":"264","balance":0}
[qtp644479171-73] INFO  - REQUEST: GET http://localhost:8888/api/1.0/account/265
[qtp644479171-73] INFO  - RESPONSE: 200 {"id":"265","balance":0}
[qtp644479171-70] INFO  - REQUEST: GET http://localhost:8888/api/1.0/account/266
[qtp644479171-70] INFO  - RESPONSE: 200 {"id":"266","balance":0}
[qtp644479171-74] INFO  - REQUEST: GET http://localhost:8888/api/1.0/account/267
[qtp644479171-74] INFO  - RESPONSE: 200 {"id":"267","balance":0}
[qtp644479171-70] INFO  - REQUEST: GET http://localhost:8888/api/1.0/account/268
[qtp644479171-70] INFO  - RESPONSE: 200 {"id":"268","balance":0}
[qtp644479171-73] INFO  - REQUEST: GET http://localhost:8888/api/1.0/account/269
[qtp644479171-73] INFO  - RESPONSE: 200 {"id":"269","balance":0}
[qtp644479171-74] INFO  - REQUEST: GET http://localhost:8888/api/1.0/account/270
[qtp644479171-74] INFO  - RESPONSE: 200 {"id":"270","balance":0}
[qtp644479171-70] INFO  - REQUEST: GET http://localhost:8888/api/1.0/account/271
[qtp644479171-70] INFO  - RESPONSE: 200 {"id":"271","balance":0}
[qtp644479171-73] INFO  - REQUEST: GET http://localhost:8888/api/1.0/account/273
[qtp644479171-73] INFO  - RESPONSE: 200 {"id":"273","balance":0}
[qtp644479171-74] INFO  - REQUEST: GET http://localhost:8888/api/1.0/account/274
[qtp644479171-74] INFO  - RESPONSE: 200 {"id":"274","balance":0}
[qtp644479171-70] INFO  - REQUEST: GET http://localhost:8888/api/1.0/account/275
[qtp644479171-70] INFO  - RESPONSE: 200 {"id":"275","balance":0}
[qtp644479171-73] INFO  - REQUEST: GET http://localhost:8888/api/1.0/account/276
[qtp644479171-73] INFO  - RESPONSE: 200 {"id":"276","balance":0}
[qtp644479171-74] INFO  - REQUEST: GET http://localhost:8888/api/1.0/account/277
[qtp644479171-74] INFO  - RESPONSE: 200 {"id":"277","balance":0}
[qtp644479171-70] INFO  - REQUEST: GET http://localhost:8888/api/1.0/account/278
[qtp644479171-70] INFO  - RESPONSE: 200 {"id":"278","balance":0}
[qtp644479171-74] INFO  - REQUEST: GET http://localhost:8888/api/1.0/account/272
[qtp644479171-74] INFO  - RESPONSE: 200 {"id":"272","balance":0}
[qtp644479171-70] INFO  - REQUEST: GET http://localhost:8888/api/1.0/account/279
[qtp644479171-70] INFO  - RESPONSE: 200 {"id":"279","balance":0}
[qtp644479171-90] INFO  - REQUEST: GET http://localhost:8888/api/1.0/account/280
[qtp644479171-90] INFO  - RESPONSE: 200 {"id":"280","balance":0}
[qtp644479171-74] INFO  - REQUEST: GET http://localhost:8888/api/1.0/account/281
[qtp644479171-70] INFO  - REQUEST: GET http://localhost:8888/api/1.0/account/282
[qtp644479171-74] INFO  - RESPONSE: 200 {"id":"281","balance":0}
[qtp644479171-70] INFO  - RESPONSE: 200 {"id":"282","balance":0}
[qtp644479171-90] INFO  - REQUEST: GET http://localhost:8888/api/1.0/account/283
[qtp644479171-90] INFO  - RESPONSE: 200 {"id":"283","balance":0}
[qtp644479171-70] INFO  - REQUEST: GET http://localhost:8888/api/1.0/account/284
[qtp644479171-70] INFO  - RESPONSE: 200 {"id":"284","balance":0}
[qtp644479171-73] INFO  - REQUEST: GET http://localhost:8888/api/1.0/account/285
[qtp644479171-73] INFO  - RESPONSE: 200 {"id":"285","balance":0}
[qtp644479171-90] INFO  - REQUEST: GET http://localhost:8888/api/1.0/account/286
[qtp644479171-90] INFO  - RESPONSE: 200 {"id":"286","balance":0}
[qtp644479171-90] INFO  - REQUEST: GET http://localhost:8888/api/1.0/account/288
[qtp644479171-90] INFO  - RESPONSE: 200 {"id":"288","balance":0}
[qtp644479171-70] INFO  - REQUEST: GET http://localhost:8888/api/1.0/account/289
[qtp644479171-70] INFO  - RESPONSE: 200 {"id":"289","balance":0}
[qtp644479171-73] INFO  - REQUEST: GET http://localhost:8888/api/1.0/account/287
[qtp644479171-70] INFO  - REQUEST: GET http://localhost:8888/api/1.0/account/213
[qtp644479171-70] INFO  - RESPONSE: 200 {"id":"213","balance":0}
[qtp644479171-90] INFO  - REQUEST: GET http://localhost:8888/api/1.0/account/290
[qtp644479171-90] INFO  - RESPONSE: 200 {"id":"290","balance":0}
[qtp644479171-73] INFO  - RESPONSE: 200 {"id":"287","balance":0}
[qtp644479171-70] INFO  - REQUEST: GET http://localhost:8888/api/1.0/account/291
[qtp644479171-70] INFO  - RESPONSE: 200 {"id":"291","balance":0}
[qtp644479171-70] INFO  - REQUEST: GET http://localhost:8888/api/1.0/account/293
[qtp644479171-70] INFO  - RESPONSE: 200 {"id":"293","balance":0}
[qtp644479171-74] INFO  - REQUEST: GET http://localhost:8888/api/1.0/account/292
[qtp644479171-74] INFO  - RESPONSE: 200 {"id":"292","balance":0}
[qtp644479171-74] INFO  - REQUEST: GET http://localhost:8888/api/1.0/account/294
[qtp644479171-74] INFO  - RESPONSE: 200 {"id":"294","balance":0}
[qtp644479171-70] INFO  - REQUEST: GET http://localhost:8888/api/1.0/account/296
[qtp644479171-70] INFO  - RESPONSE: 200 {"id":"296","balance":0}
[qtp644479171-74] INFO  - REQUEST: GET http://localhost:8888/api/1.0/account/297
[qtp644479171-74] INFO  - RESPONSE: 200 {"id":"297","balance":0}
[qtp644479171-70] INFO  - REQUEST: GET http://localhost:8888/api/1.0/account/298
[qtp644479171-70] INFO  - RESPONSE: 200 {"id":"298","balance":0}
[qtp644479171-74] INFO  - REQUEST: GET http://localhost:8888/api/1.0/account/295
[qtp644479171-74] INFO  - RESPONSE: 200 {"id":"295","balance":0}
[qtp644479171-77] INFO  - REQUEST: GET http://localhost:8888/api/1.0/account/299
[qtp644479171-74] INFO  - REQUEST: GET http://localhost:8888/api/1.0/account/300
[qtp644479171-74] INFO  - RESPONSE: 200 {"id":"300","balance":0}
[qtp644479171-77] INFO  - RESPONSE: 200 {"id":"299","balance":0}
[qtp644479171-70] INFO  - REQUEST: GET http://localhost:8888/api/1.0/account/301
[qtp644479171-70] INFO  - RESPONSE: 200 {"id":"301","balance":0}
[qtp644479171-74] INFO  - REQUEST: GET http://localhost:8888/api/1.0/account/302
[qtp644479171-74] INFO  - RESPONSE: 200 {"id":"302","balance":0}
[qtp644479171-70] INFO  - REQUEST: GET http://localhost:8888/api/1.0/account/303
[qtp644479171-70] INFO  - RESPONSE: 200 {"id":"303","balance":0}
[qtp644479171-74] INFO  - REQUEST: GET http://localhost:8888/api/1.0/account/305
[qtp644479171-70] INFO  - REQUEST: GET http://localhost:8888/api/1.0/account/306
[qtp644479171-74] INFO  - RESPONSE: 200 {"id":"305","balance":0}
[qtp644479171-70] INFO  - RESPONSE: 200 {"id":"306","balance":0}
[qtp644479171-74] INFO  - REQUEST: GET http://localhost:8888/api/1.0/account/307
[qtp644479171-74] INFO  - RESPONSE: 200 {"id":"307","balance":0}
[qtp644479171-74] INFO  - REQUEST: GET http://localhost:8888/api/1.0/account/304
[qtp644479171-74] INFO  - RESPONSE: 200 {"id":"304","balance":0}
[qtp644479171-70] INFO  - REQUEST: GET http://localhost:8888/api/1.0/account/308
[qtp644479171-70] INFO  - RESPONSE: 200 {"id":"308","balance":0}
[qtp644479171-77] INFO  - REQUEST: GET http://localhost:8888/api/1.0/account/310
[qtp644479171-77] INFO  - RESPONSE: 200 {"id":"310","balance":0}
[qtp644479171-74] INFO  - REQUEST: GET http://localhost:8888/api/1.0/account/311
[qtp644479171-74] INFO  - RESPONSE: 200 {"id":"311","balance":0}
[qtp644479171-70] INFO  - REQUEST: GET http://localhost:8888/api/1.0/account/309
[qtp644479171-70] INFO  - RESPONSE: 200 {"id":"309","balance":0}
[qtp644479171-73] INFO  - REQUEST: GET http://localhost:8888/api/1.0/account/312
[qtp644479171-73] INFO  - RESPONSE: 200 {"id":"312","balance":0}
[qtp644479171-70] INFO  - REQUEST: GET http://localhost:8888/api/1.0/account/313
[qtp644479171-70] INFO  - RESPONSE: 200 {"id":"313","balance":0}
[qtp644479171-74] INFO  - REQUEST: GET http://localhost:8888/api/1.0/account/314
[qtp644479171-74] INFO  - RESPONSE: 200 {"id":"314","balance":0}
[qtp644479171-70] INFO  - REQUEST: GET http://localhost:8888/api/1.0/account/315
[qtp644479171-70] INFO  - RESPONSE: 200 {"id":"315","balance":0}
[qtp644479171-74] INFO  - REQUEST: GET http://localhost:8888/api/1.0/account/316
[qtp644479171-74] INFO  - RESPONSE: 200 {"id":"316","balance":0}
[qtp644479171-70] INFO  - REQUEST: GET http://localhost:8888/api/1.0/account/317
[qtp644479171-70] INFO  - RESPONSE: 200 {"id":"317","balance":0}
[qtp644479171-74] INFO  - REQUEST: GET http://localhost:8888/api/1.0/account/318
[qtp644479171-74] INFO  - RESPONSE: 200 {"id":"318","balance":0}
[qtp644479171-70] INFO  - REQUEST: GET http://localhost:8888/api/1.0/account/320
[qtp644479171-70] INFO  - RESPONSE: 200 {"id":"320","balance":0}
[qtp644479171-77] INFO  - REQUEST: GET http://localhost:8888/api/1.0/account/324
[qtp644479171-77] INFO  - RESPONSE: 200 {"id":"324","balance":0}
[qtp644479171-74] INFO  - REQUEST: GET http://localhost:8888/api/1.0/account/319
[qtp644479171-74] INFO  - RESPONSE: 200 {"id":"319","balance":0}
[qtp644479171-77] INFO  - REQUEST: GET http://localhost:8888/api/1.0/account/251
[qtp644479171-77] INFO  - RESPONSE: 200 {"id":"251","balance":0}
[qtp644479171-73] INFO  - REQUEST: GET http://localhost:8888/api/1.0/account/325
[qtp644479171-73] INFO  - RESPONSE: 200 {"id":"325","balance":0}
[qtp644479171-77] INFO  - REQUEST: GET http://localhost:8888/api/1.0/account/327
[qtp644479171-77] INFO  - RESPONSE: 200 {"id":"327","balance":0}
[qtp644479171-74] INFO  - REQUEST: GET http://localhost:8888/api/1.0/account/328
[qtp644479171-74] INFO  - RESPONSE: 200 {"id":"328","balance":0}
[qtp644479171-77] INFO  - REQUEST: GET http://localhost:8888/api/1.0/account/326
[qtp644479171-77] INFO  - RESPONSE: 200 {"id":"326","balance":0}
[qtp644479171-73] INFO  - REQUEST: GET http://localhost:8888/api/1.0/account/330
[qtp644479171-73] INFO  - RESPONSE: 200 {"id":"330","balance":0}
[qtp644479171-77] INFO  - REQUEST: GET http://localhost:8888/api/1.0/account/329
[qtp644479171-77] INFO  - RESPONSE: 200 {"id":"329","balance":0}
[qtp644479171-73] INFO  - REQUEST: GET http://localhost:8888/api/1.0/account/331
[qtp644479171-73] INFO  - RESPONSE: 200 {"id":"331","balance":0}
[qtp644479171-77] INFO  - REQUEST: GET http://localhost:8888/api/1.0/account/333
[qtp644479171-77] INFO  - RESPONSE: 200 {"id":"333","balance":0}
[qtp644479171-74] INFO  - REQUEST: GET http://localhost:8888/api/1.0/account/336
[qtp644479171-74] INFO  - RESPONSE: 200 {"id":"336","balance":0}
[qtp644479171-73] INFO  - REQUEST: GET http://localhost:8888/api/1.0/account/335
[qtp644479171-73] INFO  - RESPONSE: 200 {"id":"335","balance":0}
[qtp644479171-77] INFO  - REQUEST: GET http://localhost:8888/api/1.0/account/334
[qtp644479171-77] INFO  - RESPONSE: 200 {"id":"334","balance":0}
[qtp644479171-77] INFO  - REQUEST: GET http://localhost:8888/api/1.0/account/337
[qtp644479171-77] INFO  - RESPONSE: 200 {"id":"337","balance":0}
[qtp644479171-74] INFO  - REQUEST: GET http://localhost:8888/api/1.0/account/338
[qtp644479171-74] INFO  - RESPONSE: 200 {"id":"338","balance":0}
[qtp644479171-73] INFO  - REQUEST: GET http://localhost:8888/api/1.0/account/340
[qtp644479171-77] INFO  - REQUEST: GET http://localhost:8888/api/1.0/account/339
[qtp644479171-73] INFO  - RESPONSE: 200 {"id":"340","balance":0}
[qtp644479171-77] INFO  - RESPONSE: 200 {"id":"339","balance":0}
[qtp644479171-74] INFO  - REQUEST: GET http://localhost:8888/api/1.0/account/342
[qtp644479171-74] INFO  - RESPONSE: 200 {"id":"342","balance":0}
[qtp644479171-73] INFO  - REQUEST: GET http://localhost:8888/api/1.0/account/344
[qtp644479171-73] INFO  - RESPONSE: 200 {"id":"344","balance":0}
[qtp644479171-77] INFO  - REQUEST: GET http://localhost:8888/api/1.0/account/341
[qtp644479171-77] INFO  - RESPONSE: 200 {"id":"341","balance":0}
[qtp644479171-77] INFO  - REQUEST: GET http://localhost:8888/api/1.0/account/343
[qtp644479171-77] INFO  - RESPONSE: 200 {"id":"343","balance":0}
[qtp644479171-77] INFO  - REQUEST: GET http://localhost:8888/api/1.0/account/345
[qtp644479171-77] INFO  - RESPONSE: 200 {"id":"345","balance":0}
[qtp644479171-74] INFO  - REQUEST: GET http://localhost:8888/api/1.0/account/346
[qtp644479171-77] INFO  - REQUEST: GET http://localhost:8888/api/1.0/account/347
[qtp644479171-77] INFO  - RESPONSE: 200 {"id":"347","balance":0}
[qtp644479171-74] INFO  - RESPONSE: 200 {"id":"346","balance":0}
[qtp644479171-73] INFO  - REQUEST: GET http://localhost:8888/api/1.0/account/348
[qtp644479171-73] INFO  - RESPONSE: 200 {"id":"348","balance":0}
[qtp644479171-77] INFO  - REQUEST: GET http://localhost:8888/api/1.0/account/349
[qtp644479171-74] INFO  - REQUEST: GET http://localhost:8888/api/1.0/account/350
[qtp644479171-77] INFO  - RESPONSE: 200 {"id":"349","balance":0}
[qtp644479171-74] INFO  - RESPONSE: 200 {"id":"350","balance":0}
[qtp644479171-77] INFO  - REQUEST: GET http://localhost:8888/api/1.0/account/351
[qtp644479171-77] INFO  - RESPONSE: 200 {"id":"351","balance":0}
[qtp644479171-77] INFO  - REQUEST: GET http://localhost:8888/api/1.0/account/353
[qtp644479171-77] INFO  - RESPONSE: 200 {"id":"353","balance":0}
[qtp644479171-73] INFO  - REQUEST: GET http://localhost:8888/api/1.0/account/352
[qtp644479171-73] INFO  - RESPONSE: 200 {"id":"352","balance":0}
[qtp644479171-74] INFO  - REQUEST: GET http://localhost:8888/api/1.0/account/354
[qtp644479171-74] INFO  - RESPONSE: 200 {"id":"354","balance":0}
[qtp644479171-77] INFO  - REQUEST: GET http://localhost:8888/api/1.0/account/355
[qtp644479171-77] INFO  - RESPONSE: 200 {"id":"355","balance":0}
[qtp644479171-90] INFO  - REQUEST: GET http://localhost:8888/api/1.0/account/356
[qtp644479171-90] INFO  - RESPONSE: 200 {"id":"356","balance":0}
[qtp644479171-77] INFO  - REQUEST: GET http://localhost:8888/api/1.0/account/357
[qtp644479171-77] INFO  - RESPONSE: 200 {"id":"357","balance":0}
[qtp644479171-74] INFO  - REQUEST: GET http://localhost:8888/api/1.0/account/358
[qtp644479171-74] INFO  - RESPONSE: 200 {"id":"358","balance":0}
[qtp644479171-77] INFO  - REQUEST: GET http://localhost:8888/api/1.0/account/360
[qtp644479171-90] INFO  - REQUEST: GET http://localhost:8888/api/1.0/account/359
[qtp644479171-77] INFO  - RESPONSE: 200 {"id":"360","balance":0}
[qtp644479171-90] INFO  - RESPONSE: 200 {"id":"359","balance":0}
[qtp644479171-74] INFO  - REQUEST: GET http://localhost:8888/api/1.0/account/332
[qtp644479171-74] INFO  - RESPONSE: 200 {"id":"332","balance":0}
[qtp644479171-70] INFO  - REQUEST: GET http://localhost:8888/api/1.0/account/250
[qtp644479171-70] INFO  - RESPONSE: 200 {"id":"250","balance":0}
[qtp644479171-90] INFO  - REQUEST: GET http://localhost:8888/api/1.0/account/362
[qtp644479171-90] INFO  - RESPONSE: 200 {"id":"362","balance":0}
[qtp644479171-70] INFO  - REQUEST: GET http://localhost:8888/api/1.0/account/363
[qtp644479171-70] INFO  - RESPONSE: 200 {"id":"363","balance":0}
[qtp644479171-70] INFO  - REQUEST: GET http://localhost:8888/api/1.0/account/365
[qtp644479171-74] INFO  - REQUEST: GET http://localhost:8888/api/1.0/account/364
[qtp644479171-70] INFO  - RESPONSE: 200 {"id":"365","balance":0}
[qtp644479171-74] INFO  - RESPONSE: 200 {"id":"364","balance":0}
[qtp644479171-90] INFO  - REQUEST: GET http://localhost:8888/api/1.0/account/366
[qtp644479171-90] INFO  - RESPONSE: 200 {"id":"366","balance":0}
[qtp644479171-70] INFO  - REQUEST: GET http://localhost:8888/api/1.0/account/368
[qtp644479171-70] INFO  - RESPONSE: 200 {"id":"368","balance":0}
[qtp644479171-90] INFO  - REQUEST: GET http://localhost:8888/api/1.0/account/367
[qtp644479171-90] INFO  - RESPONSE: 200 {"id":"367","balance":0}
[qtp644479171-70] INFO  - REQUEST: GET http://localhost:8888/api/1.0/account/369
[qtp644479171-70] INFO  - RESPONSE: 200 {"id":"369","balance":0}
[qtp644479171-90] INFO  - REQUEST: GET http://localhost:8888/api/1.0/account/370
[qtp644479171-70] INFO  - REQUEST: GET http://localhost:8888/api/1.0/account/371
[qtp644479171-90] INFO  - RESPONSE: 200 {"id":"370","balance":0}
[qtp644479171-70] INFO  - RESPONSE: 200 {"id":"371","balance":0}
[qtp644479171-74] INFO  - REQUEST: GET http://localhost:8888/api/1.0/account/372
[qtp644479171-74] INFO  - RESPONSE: 200 {"id":"372","balance":0}
[qtp644479171-70] INFO  - REQUEST: GET http://localhost:8888/api/1.0/account/374
[qtp644479171-90] INFO  - REQUEST: GET http://localhost:8888/api/1.0/account/373
[qtp644479171-70] INFO  - RESPONSE: 200 {"id":"374","balance":0}
[qtp644479171-90] INFO  - RESPONSE: 200 {"id":"373","balance":0}
[qtp644479171-70] INFO  - REQUEST: GET http://localhost:8888/api/1.0/account/323
[qtp644479171-70] INFO  - RESPONSE: 200 {"id":"323","balance":0}
[qtp644479171-70] INFO  - REQUEST: GET http://localhost:8888/api/1.0/account/377
[qtp644479171-70] INFO  - RESPONSE: 200 {"id":"377","balance":0}
[qtp644479171-90] INFO  - REQUEST: GET http://localhost:8888/api/1.0/account/376
[qtp644479171-90] INFO  - RESPONSE: 200 {"id":"376","balance":0}
[qtp644479171-70] INFO  - REQUEST: GET http://localhost:8888/api/1.0/account/321
[qtp644479171-70] INFO  - RESPONSE: 200 {"id":"321","balance":0}
[qtp644479171-70] INFO  - REQUEST: GET http://localhost:8888/api/1.0/account/375
[qtp644479171-70] INFO  - RESPONSE: 200 {"id":"375","balance":0}
[qtp644479171-77] INFO  - REQUEST: GET http://localhost:8888/api/1.0/account/381
[qtp644479171-77] INFO  - RESPONSE: 200 {"id":"381","balance":0}
[qtp644479171-70] INFO  - REQUEST: GET http://localhost:8888/api/1.0/account/383
[qtp644479171-70] INFO  - RESPONSE: 200 {"id":"383","balance":0}
[qtp644479171-93] INFO  - REQUEST: GET http://localhost:8888/api/1.0/account/322
[qtp644479171-93] INFO  - RESPONSE: 200 {"id":"322","balance":0}
[qtp644479171-76] INFO  - REQUEST: GET http://localhost:8888/api/1.0/account/380
[qtp644479171-91] INFO  - REQUEST: GET http://localhost:8888/api/1.0/account/382
[qtp644479171-76] INFO  - RESPONSE: 200 {"id":"380","balance":0}
[qtp644479171-91] INFO  - RESPONSE: 200 {"id":"382","balance":0}
[qtp644479171-94] INFO  - REQUEST: GET http://localhost:8888/api/1.0/account/378
[qtp644479171-94] INFO  - RESPONSE: 200 {"id":"378","balance":0}
[qtp644479171-77] INFO  - REQUEST: GET http://localhost:8888/api/1.0/account/379
[qtp644479171-77] INFO  - RESPONSE: 200 {"id":"379","balance":0}
[qtp644479171-74] INFO  - REQUEST: GET http://localhost:8888/api/1.0/account/386
[qtp644479171-76] INFO  - REQUEST: GET http://localhost:8888/api/1.0/account/388
[qtp644479171-74] INFO  - RESPONSE: 200 {"id":"386","balance":0}
[qtp644479171-76] INFO  - RESPONSE: 200 {"id":"388","balance":0}
[qtp644479171-94] INFO  - REQUEST: GET http://localhost:8888/api/1.0/account/387
[qtp644479171-95] INFO  - REQUEST: GET http://localhost:8888/api/1.0/account/389
[qtp644479171-94] INFO  - RESPONSE: 200 {"id":"387","balance":0}
[qtp644479171-95] INFO  - RESPONSE: 200 {"id":"389","balance":0}
[qtp644479171-74] INFO  - REQUEST: GET http://localhost:8888/api/1.0/account/384
[qtp644479171-74] INFO  - RESPONSE: 200 {"id":"384","balance":0}
[qtp644479171-76] INFO  - REQUEST: GET http://localhost:8888/api/1.0/account/390
[qtp644479171-76] INFO  - RESPONSE: 200 {"id":"390","balance":0}
[qtp644479171-95] INFO  - REQUEST: GET http://localhost:8888/api/1.0/account/391
[qtp644479171-95] INFO  - RESPONSE: 200 {"id":"391","balance":0}
[qtp644479171-74] INFO  - REQUEST: GET http://localhost:8888/api/1.0/account/392
[qtp644479171-74] INFO  - RESPONSE: 200 {"id":"392","balance":0}
[qtp644479171-95] INFO  - REQUEST: GET http://localhost:8888/api/1.0/account/395
[qtp644479171-95] INFO  - RESPONSE: 200 {"id":"395","balance":0}
[qtp644479171-76] INFO  - REQUEST: GET http://localhost:8888/api/1.0/account/393
[qtp644479171-76] INFO  - RESPONSE: 200 {"id":"393","balance":0}
[qtp644479171-95] INFO  - REQUEST: GET http://localhost:8888/api/1.0/account/396
[qtp644479171-95] INFO  - RESPONSE: 200 {"id":"396","balance":0}
[qtp644479171-74] INFO  - REQUEST: GET http://localhost:8888/api/1.0/account/394
[qtp644479171-74] INFO  - RESPONSE: 200 {"id":"394","balance":0}
[qtp644479171-95] INFO  - REQUEST: GET http://localhost:8888/api/1.0/account/398
[qtp644479171-76] INFO  - REQUEST: GET http://localhost:8888/api/1.0/account/397
[qtp644479171-95] INFO  - RESPONSE: 200 {"id":"398","balance":0}
[qtp644479171-76] INFO  - RESPONSE: 200 {"id":"397","balance":0}
[qtp644479171-94] INFO  - REQUEST: GET http://localhost:8888/api/1.0/account/399
[qtp644479171-94] INFO  - RESPONSE: 200 {"id":"399","balance":0}
[qtp644479171-76] INFO  - REQUEST: GET http://localhost:8888/api/1.0/account/401
[qtp644479171-76] INFO  - RESPONSE: 200 {"id":"401","balance":0}
[qtp644479171-74] INFO  - REQUEST: GET http://localhost:8888/api/1.0/account/400
[qtp644479171-74] INFO  - RESPONSE: 200 {"id":"400","balance":0}
[qtp644479171-76] INFO  - REQUEST: GET http://localhost:8888/api/1.0/account/403
[qtp644479171-76] INFO  - RESPONSE: 200 {"id":"403","balance":0}
[qtp644479171-95] INFO  - REQUEST: GET http://localhost:8888/api/1.0/account/402
[qtp644479171-95] INFO  - RESPONSE: 200 {"id":"402","balance":0}
[qtp644479171-76] INFO  - REQUEST: GET http://localhost:8888/api/1.0/account/404
[qtp644479171-76] INFO  - RESPONSE: 200 {"id":"404","balance":0}
[qtp644479171-74] INFO  - REQUEST: GET http://localhost:8888/api/1.0/account/405
[qtp644479171-74] INFO  - RESPONSE: 200 {"id":"405","balance":0}
[qtp644479171-94] INFO  - REQUEST: GET http://localhost:8888/api/1.0/account/406
[qtp644479171-94] INFO  - RESPONSE: 200 {"id":"406","balance":0}
[qtp644479171-95] INFO  - REQUEST: GET http://localhost:8888/api/1.0/account/385
[qtp644479171-95] INFO  - RESPONSE: 200 {"id":"385","balance":0}
[qtp644479171-76] INFO  - REQUEST: GET http://localhost:8888/api/1.0/account/409
[qtp644479171-76] INFO  - RESPONSE: 200 {"id":"409","balance":0}
[qtp644479171-94] INFO  - REQUEST: GET http://localhost:8888/api/1.0/account/408
[qtp644479171-94] INFO  - RESPONSE: 200 {"id":"408","balance":0}
[qtp644479171-74] INFO  - REQUEST: GET http://localhost:8888/api/1.0/account/407
[qtp644479171-74] INFO  - RESPONSE: 200 {"id":"407","balance":0}
[qtp644479171-76] INFO  - REQUEST: GET http://localhost:8888/api/1.0/account/410
[qtp644479171-94] INFO  - REQUEST: GET http://localhost:8888/api/1.0/account/412
[qtp644479171-76] INFO  - RESPONSE: 200 {"id":"410","balance":0}
[qtp644479171-94] INFO  - RESPONSE: 200 {"id":"412","balance":0}
[qtp644479171-95] INFO  - REQUEST: GET http://localhost:8888/api/1.0/account/411
[qtp644479171-95] INFO  - RESPONSE: 200 {"id":"411","balance":0}
[qtp644479171-74] INFO  - REQUEST: GET http://localhost:8888/api/1.0/account/413
[qtp644479171-74] INFO  - RESPONSE: 200 {"id":"413","balance":0}
[qtp644479171-94] INFO  - REQUEST: GET http://localhost:8888/api/1.0/account/415
[qtp644479171-95] INFO  - REQUEST: GET http://localhost:8888/api/1.0/account/417
[qtp644479171-95] INFO  - RESPONSE: 200 {"id":"417","balance":0}
[qtp644479171-94] INFO  - RESPONSE: 200 {"id":"415","balance":0}
[qtp644479171-74] INFO  - REQUEST: GET http://localhost:8888/api/1.0/account/361
[qtp644479171-74] INFO  - RESPONSE: 200 {"id":"361","balance":0}
[qtp644479171-94] INFO  - REQUEST: GET http://localhost:8888/api/1.0/account/418
[qtp644479171-94] INFO  - RESPONSE: 200 {"id":"418","balance":0}
[qtp644479171-76] INFO  - REQUEST: GET http://localhost:8888/api/1.0/account/421
[qtp644479171-76] INFO  - RESPONSE: 200 {"id":"421","balance":0}
[qtp644479171-94] INFO  - REQUEST: GET http://localhost:8888/api/1.0/account/423
[qtp644479171-94] INFO  - RESPONSE: 200 {"id":"423","balance":0}
[qtp644479171-74] INFO  - REQUEST: GET http://localhost:8888/api/1.0/account/424
[qtp644479171-74] INFO  - RESPONSE: 200 {"id":"424","balance":0}
[qtp644479171-94] INFO  - REQUEST: GET http://localhost:8888/api/1.0/account/419
[qtp644479171-94] INFO  - RESPONSE: 200 {"id":"419","balance":0}
[qtp644479171-76] INFO  - REQUEST: GET http://localhost:8888/api/1.0/account/425
[qtp644479171-94] INFO  - REQUEST: GET http://localhost:8888/api/1.0/account/426
[qtp644479171-76] INFO  - RESPONSE: 200 {"id":"425","balance":0}
[qtp644479171-94] INFO  - RESPONSE: 200 {"id":"426","balance":0}
[qtp644479171-74] INFO  - REQUEST: GET http://localhost:8888/api/1.0/account/422
[qtp644479171-74] INFO  - RESPONSE: 200 {"id":"422","balance":0}
[qtp644479171-94] INFO  - REQUEST: GET http://localhost:8888/api/1.0/account/428
[qtp644479171-94] INFO  - RESPONSE: 200 {"id":"428","balance":0}
[qtp644479171-77] INFO  - REQUEST: GET http://localhost:8888/api/1.0/account/427
[qtp644479171-77] INFO  - RESPONSE: 200 {"id":"427","balance":0}
[qtp644479171-76] INFO  - REQUEST: GET http://localhost:8888/api/1.0/account/429
[qtp644479171-76] INFO  - RESPONSE: 200 {"id":"429","balance":0}
[qtp644479171-74] INFO  - REQUEST: GET http://localhost:8888/api/1.0/account/431
[qtp644479171-77] INFO  - REQUEST: GET http://localhost:8888/api/1.0/account/430
[qtp644479171-77] INFO  - RESPONSE: 200 {"id":"430","balance":0}
[qtp644479171-74] INFO  - RESPONSE: 200 {"id":"431","balance":0}
[qtp644479171-94] INFO  - REQUEST: GET http://localhost:8888/api/1.0/account/432
[qtp644479171-94] INFO  - RESPONSE: 200 {"id":"432","balance":0}
[qtp644479171-95] INFO  - REQUEST: GET http://localhost:8888/api/1.0/account/433
[qtp644479171-94] INFO  - REQUEST: GET http://localhost:8888/api/1.0/account/434
[qtp644479171-95] INFO  - RESPONSE: 200 {"id":"433","balance":0}
[qtp644479171-94] INFO  - RESPONSE: 200 {"id":"434","balance":0}
[qtp644479171-95] INFO  - REQUEST: GET http://localhost:8888/api/1.0/account/436
[qtp644479171-95] INFO  - RESPONSE: 200 {"id":"436","balance":0}
[qtp644479171-94] INFO  - REQUEST: GET http://localhost:8888/api/1.0/account/437
[qtp644479171-94] INFO  - RESPONSE: 200 {"id":"437","balance":0}
[qtp644479171-74] INFO  - REQUEST: GET http://localhost:8888/api/1.0/account/439
[qtp644479171-74] INFO  - RESPONSE: 200 {"id":"439","balance":0}
[qtp644479171-95] INFO  - REQUEST: GET http://localhost:8888/api/1.0/account/435
[qtp644479171-95] INFO  - RESPONSE: 200 {"id":"435","balance":0}
[qtp644479171-74] INFO  - REQUEST: GET http://localhost:8888/api/1.0/account/438
[qtp644479171-74] INFO  - RESPONSE: 200 {"id":"438","balance":0}
[qtp644479171-94] INFO  - REQUEST: GET http://localhost:8888/api/1.0/account/440
[qtp644479171-94] INFO  - RESPONSE: 200 {"id":"440","balance":0}
[qtp644479171-95] INFO  - REQUEST: GET http://localhost:8888/api/1.0/account/441
[qtp644479171-95] INFO  - RESPONSE: 200 {"id":"441","balance":0}
[qtp644479171-74] INFO  - REQUEST: GET http://localhost:8888/api/1.0/account/442
[qtp644479171-74] INFO  - RESPONSE: 200 {"id":"442","balance":0}
[qtp644479171-95] INFO  - REQUEST: GET http://localhost:8888/api/1.0/account/444
[qtp644479171-95] INFO  - RESPONSE: 200 {"id":"444","balance":0}
[qtp644479171-94] INFO  - REQUEST: GET http://localhost:8888/api/1.0/account/445
[qtp644479171-94] INFO  - RESPONSE: 200 {"id":"445","balance":0}
[qtp644479171-95] INFO  - REQUEST: GET http://localhost:8888/api/1.0/account/443
[qtp644479171-95] INFO  - RESPONSE: 200 {"id":"443","balance":0}
[qtp644479171-74] INFO  - REQUEST: GET http://localhost:8888/api/1.0/account/446
[qtp644479171-74] INFO  - RESPONSE: 200 {"id":"446","balance":0}
[qtp644479171-77] INFO  - REQUEST: GET http://localhost:8888/api/1.0/account/447
[qtp644479171-77] INFO  - RESPONSE: 200 {"id":"447","balance":0}
[qtp644479171-94] INFO  - REQUEST: GET http://localhost:8888/api/1.0/account/448
[qtp644479171-94] INFO  - RESPONSE: 200 {"id":"448","balance":0}
[qtp644479171-74] INFO  - REQUEST: GET http://localhost:8888/api/1.0/account/450
[qtp644479171-74] INFO  - RESPONSE: 200 {"id":"450","balance":0}
[qtp644479171-77] INFO  - REQUEST: GET http://localhost:8888/api/1.0/account/449
[qtp644479171-77] INFO  - RESPONSE: 200 {"id":"449","balance":0}
[qtp644479171-95] INFO  - REQUEST: GET http://localhost:8888/api/1.0/account/451
[qtp644479171-95] INFO  - RESPONSE: 200 {"id":"451","balance":0}
[qtp644479171-94] INFO  - REQUEST: GET http://localhost:8888/api/1.0/account/452
[qtp644479171-94] INFO  - RESPONSE: 200 {"id":"452","balance":0}
[qtp644479171-74] INFO  - REQUEST: GET http://localhost:8888/api/1.0/account/453
[qtp644479171-74] INFO  - RESPONSE: 200 {"id":"453","balance":0}
[qtp644479171-95] INFO  - REQUEST: GET http://localhost:8888/api/1.0/account/454
[qtp644479171-95] INFO  - RESPONSE: 200 {"id":"454","balance":0}
[qtp644479171-77] INFO  - REQUEST: GET http://localhost:8888/api/1.0/account/455
[qtp644479171-77] INFO  - RESPONSE: 200 {"id":"455","balance":0}
[qtp644479171-95] INFO  - REQUEST: GET http://localhost:8888/api/1.0/account/456
[qtp644479171-95] INFO  - RESPONSE: 200 {"id":"456","balance":0}
[qtp644479171-77] INFO  - REQUEST: GET http://localhost:8888/api/1.0/account/459
[qtp644479171-77] INFO  - RESPONSE: 200 {"id":"459","balance":0}
[qtp644479171-74] INFO  - REQUEST: GET http://localhost:8888/api/1.0/account/458
[qtp644479171-74] INFO  - RESPONSE: 200 {"id":"458","balance":0}
[qtp644479171-95] INFO  - REQUEST: GET http://localhost:8888/api/1.0/account/460
[qtp644479171-95] INFO  - RESPONSE: 200 {"id":"460","balance":0}
[qtp644479171-94] INFO  - REQUEST: GET http://localhost:8888/api/1.0/account/461
[qtp644479171-94] INFO  - RESPONSE: 200 {"id":"461","balance":0}
[qtp644479171-95] INFO  - REQUEST: GET http://localhost:8888/api/1.0/account/462
[qtp644479171-95] INFO  - RESPONSE: 200 {"id":"462","balance":0}
[qtp644479171-74] INFO  - REQUEST: GET http://localhost:8888/api/1.0/account/463
[qtp644479171-74] INFO  - RESPONSE: 200 {"id":"463","balance":0}
[qtp644479171-94] INFO  - REQUEST: GET http://localhost:8888/api/1.0/account/465
[qtp644479171-94] INFO  - RESPONSE: 200 {"id":"465","balance":0}
[qtp644479171-95] INFO  - REQUEST: GET http://localhost:8888/api/1.0/account/466
[qtp644479171-95] INFO  - RESPONSE: 200 {"id":"466","balance":0}
[qtp644479171-94] INFO  - REQUEST: GET http://localhost:8888/api/1.0/account/464
[qtp644479171-94] INFO  - RESPONSE: 200 {"id":"464","balance":0}
[qtp644479171-77] INFO  - REQUEST: GET http://localhost:8888/api/1.0/account/468
[qtp644479171-77] INFO  - RESPONSE: 200 {"id":"468","balance":0}
[qtp644479171-94] INFO  - REQUEST: GET http://localhost:8888/api/1.0/account/469
[qtp644479171-95] INFO  - REQUEST: GET http://localhost:8888/api/1.0/account/467
[qtp644479171-94] INFO  - RESPONSE: 200 {"id":"469","balance":0}
[qtp644479171-95] INFO  - RESPONSE: 200 {"id":"467","balance":0}
[qtp644479171-77] INFO  - REQUEST: GET http://localhost:8888/api/1.0/account/457
[qtp644479171-77] INFO  - RESPONSE: 200 {"id":"457","balance":0}
[qtp644479171-74] INFO  - REQUEST: GET http://localhost:8888/api/1.0/account/470
[qtp644479171-74] INFO  - RESPONSE: 200 {"id":"470","balance":0}
[qtp644479171-77] INFO  - REQUEST: GET http://localhost:8888/api/1.0/account/472
[qtp644479171-77] INFO  - RESPONSE: 200 {"id":"472","balance":0}
[qtp644479171-95] INFO  - REQUEST: GET http://localhost:8888/api/1.0/account/473
[qtp644479171-95] INFO  - RESPONSE: 200 {"id":"473","balance":0}
[qtp644479171-77] INFO  - REQUEST: GET http://localhost:8888/api/1.0/account/471
[qtp644479171-77] INFO  - RESPONSE: 200 {"id":"471","balance":0}
[qtp644479171-95] INFO  - REQUEST: GET http://localhost:8888/api/1.0/account/476
[qtp644479171-94] INFO  - REQUEST: GET http://localhost:8888/api/1.0/account/475
[qtp644479171-94] INFO  - RESPONSE: 200 {"id":"475","balance":0}
[qtp644479171-95] INFO  - RESPONSE: 200 {"id":"476","balance":0}
[qtp644479171-94] INFO  - REQUEST: GET http://localhost:8888/api/1.0/account/478
[qtp644479171-94] INFO  - RESPONSE: 200 {"id":"478","balance":0}
[qtp644479171-74] INFO  - REQUEST: GET http://localhost:8888/api/1.0/account/479
[qtp644479171-77] INFO  - REQUEST: GET http://localhost:8888/api/1.0/account/477
[qtp644479171-74] INFO  - RESPONSE: 200 {"id":"479","balance":0}
[qtp644479171-77] INFO  - RESPONSE: 200 {"id":"477","balance":0}
[qtp644479171-95] INFO  - REQUEST: GET http://localhost:8888/api/1.0/account/480
[qtp644479171-95] INFO  - RESPONSE: 200 {"id":"480","balance":0}
[qtp644479171-95] INFO  - REQUEST: GET http://localhost:8888/api/1.0/account/416
[qtp644479171-95] INFO  - RESPONSE: 200 {"id":"416","balance":0}
[qtp644479171-92] INFO  - REQUEST: GET http://localhost:8888/api/1.0/account/414
[qtp644479171-92] INFO  - RESPONSE: 200 {"id":"414","balance":0}
[qtp644479171-74] INFO  - REQUEST: GET http://localhost:8888/api/1.0/account/485
[qtp644479171-74] INFO  - RESPONSE: 200 {"id":"485","balance":0}
[qtp644479171-91] INFO  - REQUEST: GET http://localhost:8888/api/1.0/account/474
[qtp644479171-91] INFO  - RESPONSE: 200 {"id":"474","balance":0}
[qtp644479171-95] INFO  - REQUEST: GET http://localhost:8888/api/1.0/account/487
[qtp644479171-95] INFO  - RESPONSE: 200 {"id":"487","balance":0}
[qtp644479171-92] INFO  - REQUEST: GET http://localhost:8888/api/1.0/account/486
[qtp644479171-92] INFO  - RESPONSE: 200 {"id":"486","balance":0}
[qtp644479171-74] INFO  - REQUEST: GET http://localhost:8888/api/1.0/account/488
[qtp644479171-74] INFO  - RESPONSE: 200 {"id":"488","balance":0}
[qtp644479171-95] INFO  - REQUEST: GET http://localhost:8888/api/1.0/account/489
[qtp644479171-95] INFO  - RESPONSE: 200 {"id":"489","balance":0}
[qtp644479171-92] INFO  - REQUEST: GET http://localhost:8888/api/1.0/account/490
[qtp644479171-92] INFO  - RESPONSE: 200 {"id":"490","balance":0}
[qtp644479171-74] INFO  - REQUEST: GET http://localhost:8888/api/1.0/account/491
[qtp644479171-74] INFO  - RESPONSE: 200 {"id":"491","balance":0}
[qtp644479171-92] INFO  - REQUEST: GET http://localhost:8888/api/1.0/account/420
[qtp644479171-92] INFO  - RESPONSE: 200 {"id":"420","balance":0}
[qtp644479171-95] INFO  - REQUEST: GET http://localhost:8888/api/1.0/account/493
[qtp644479171-96] INFO  - REQUEST: GET http://localhost:8888/api/1.0/account/492
[qtp644479171-95] INFO  - RESPONSE: 200 {"id":"493","balance":0}
[qtp644479171-96] INFO  - RESPONSE: 200 {"id":"492","balance":0}
[qtp644479171-92] INFO  - REQUEST: GET http://localhost:8888/api/1.0/account/495
[qtp644479171-92] INFO  - RESPONSE: 200 {"id":"495","balance":0}
[qtp644479171-96] INFO  - REQUEST: GET http://localhost:8888/api/1.0/account/494
[qtp644479171-96] INFO  - RESPONSE: 200 {"id":"494","balance":0}
[qtp644479171-74] INFO  - REQUEST: GET http://localhost:8888/api/1.0/account/496
[qtp644479171-74] INFO  - RESPONSE: 200 {"id":"496","balance":0}
[qtp644479171-96] INFO  - REQUEST: GET http://localhost:8888/api/1.0/account/499
[qtp644479171-96] INFO  - RESPONSE: 200 {"id":"499","balance":0}
[qtp644479171-95] INFO  - REQUEST: GET http://localhost:8888/api/1.0/account/500
[qtp644479171-95] INFO  - RESPONSE: 200 {"id":"500","balance":0}
[qtp644479171-96] INFO  - REQUEST: GET http://localhost:8888/api/1.0/account/502
[qtp644479171-92] INFO  - REQUEST: GET http://localhost:8888/api/1.0/account/501
[qtp644479171-92] INFO  - RESPONSE: 404 {"status":"404","message":"Account with id \u0027501\u0027 not found"}
[qtp644479171-96] INFO  - RESPONSE: 404 {"status":"404","message":"Account with id \u0027502\u0027 not found"}
[qtp644479171-95] INFO  - REQUEST: GET http://localhost:8888/api/1.0/account/505
[qtp644479171-95] INFO  - RESPONSE: 404 {"status":"404","message":"Account with id \u0027505\u0027 not found"}
[qtp644479171-74] INFO  - REQUEST: GET http://localhost:8888/api/1.0/account/503
[qtp644479171-74] INFO  - RESPONSE: 404 {"status":"404","message":"Account with id \u0027503\u0027 not found"}
[qtp644479171-96] INFO  - REQUEST: GET http://localhost:8888/api/1.0/account/504
[qtp644479171-96] INFO  - RESPONSE: 404 {"status":"404","message":"Account with id \u0027504\u0027 not found"}
[qtp644479171-92] INFO  - REQUEST: GET http://localhost:8888/api/1.0/account/506
[qtp644479171-92] INFO  - RESPONSE: 404 {"status":"404","message":"Account with id \u0027506\u0027 not found"}
[qtp644479171-74] INFO  - REQUEST: GET http://localhost:8888/api/1.0/account/507
[qtp644479171-74] INFO  - RESPONSE: 404 {"status":"404","message":"Account with id \u0027507\u0027 not found"}
[qtp644479171-96] INFO  - REQUEST: GET http://localhost:8888/api/1.0/account/508
[qtp644479171-96] INFO  - RESPONSE: 404 {"status":"404","message":"Account with id \u0027508\u0027 not found"}
[qtp644479171-92] INFO  - REQUEST: GET http://localhost:8888/api/1.0/account/509
[qtp644479171-92] INFO  - RESPONSE: 404 {"status":"404","message":"Account with id \u0027509\u0027 not found"}
[qtp644479171-74] INFO  - REQUEST: GET http://localhost:8888/api/1.0/account/511
[qtp644479171-74] INFO  - RESPONSE: 404 {"status":"404","message":"Account with id \u0027511\u0027 not found"}
[qtp644479171-92] INFO  - REQUEST: GET http://localhost:8888/api/1.0/account/513
[qtp644479171-92] INFO  - RESPONSE: 404 {"status":"404","message":"Account with id \u0027513\u0027 not found"}
[qtp644479171-95] INFO  - REQUEST: GET http://localhost:8888/api/1.0/account/512
[qtp644479171-74] INFO  - REQUEST: GET http://localhost:8888/api/1.0/account/514
[qtp644479171-95] INFO  - RESPONSE: 404 {"status":"404","message":"Account with id \u0027512\u0027 not found"}
[qtp644479171-74] INFO  - RESPONSE: 404 {"status":"404","message":"Account with id \u0027514\u0027 not found"}
[qtp644479171-92] INFO  - REQUEST: GET http://localhost:8888/api/1.0/account/515
[qtp644479171-92] INFO  - RESPONSE: 404 {"status":"404","message":"Account with id \u0027515\u0027 not found"}
[qtp644479171-96] INFO  - REQUEST: GET http://localhost:8888/api/1.0/account/516
[qtp644479171-96] INFO  - RESPONSE: 404 {"status":"404","message":"Account with id \u0027516\u0027 not found"}
[qtp644479171-92] INFO  - REQUEST: GET http://localhost:8888/api/1.0/account/483
[qtp644479171-92] INFO  - RESPONSE: 200 {"id":"483","balance":0}
[qtp644479171-95] INFO  - REQUEST: GET http://localhost:8888/api/1.0/account/518
[qtp644479171-95] INFO  - RESPONSE: 404 {"status":"404","message":"Account with id \u0027518\u0027 not found"}
[qtp644479171-96] INFO  - REQUEST: GET http://localhost:8888/api/1.0/account/517
[qtp644479171-96] INFO  - RESPONSE: 404 {"status":"404","message":"Account with id \u0027517\u0027 not found"}
[qtp644479171-74] INFO  - REQUEST: GET http://localhost:8888/api/1.0/account/520
[qtp644479171-74] INFO  - RESPONSE: 404 {"status":"404","message":"Account with id \u0027520\u0027 not found"}
[qtp644479171-96] INFO  - REQUEST: GET http://localhost:8888/api/1.0/account/521
[qtp644479171-96] INFO  - RESPONSE: 404 {"status":"404","message":"Account with id \u0027521\u0027 not found"}
[qtp644479171-95] INFO  - REQUEST: GET http://localhost:8888/api/1.0/account/522
[qtp644479171-95] INFO  - RESPONSE: 404 {"status":"404","message":"Account with id \u0027522\u0027 not found"}
[qtp644479171-74] INFO  - REQUEST: GET http://localhost:8888/api/1.0/account/519
[qtp644479171-96] INFO  - REQUEST: GET http://localhost:8888/api/1.0/account/524
[qtp644479171-74] INFO  - RESPONSE: 404 {"status":"404","message":"Account with id \u0027519\u0027 not found"}
[qtp644479171-96] INFO  - RESPONSE: 404 {"status":"404","message":"Account with id \u0027524\u0027 not found"}
[qtp644479171-92] INFO  - REQUEST: GET http://localhost:8888/api/1.0/account/498
[qtp644479171-92] INFO  - RESPONSE: 200 {"id":"498","balance":0}
[qtp644479171-95] INFO  - REQUEST: GET http://localhost:8888/api/1.0/account/497
[qtp644479171-95] INFO  - RESPONSE: 200 {"id":"497","balance":0}
[qtp644479171-74] INFO  - REQUEST: GET http://localhost:8888/api/1.0/account/523
[qtp644479171-74] INFO  - RESPONSE: 404 {"status":"404","message":"Account with id \u0027523\u0027 not found"}
[qtp644479171-96] INFO  - REQUEST: GET http://localhost:8888/api/1.0/account/529
[qtp644479171-96] INFO  - RESPONSE: 404 {"status":"404","message":"Account with id \u0027529\u0027 not found"}
[qtp644479171-95] INFO  - REQUEST: GET http://localhost:8888/api/1.0/account/527
[qtp644479171-96] INFO  - REQUEST: GET http://localhost:8888/api/1.0/account/526
[qtp644479171-96] INFO  - RESPONSE: 404 {"status":"404","message":"Account with id \u0027526\u0027 not found"}
[qtp644479171-95] INFO  - RESPONSE: 404 {"status":"404","message":"Account with id \u0027527\u0027 not found"}
[qtp644479171-95] INFO  - REQUEST: GET http://localhost:8888/api/1.0/account/530
[qtp644479171-74] INFO  - REQUEST: GET http://localhost:8888/api/1.0/account/528
[qtp644479171-95] INFO  - RESPONSE: 404 {"status":"404","message":"Account with id \u0027530\u0027 not found"}
[qtp644479171-92] INFO  - REQUEST: GET http://localhost:8888/api/1.0/account/531
[qtp644479171-74] INFO  - RESPONSE: 404 {"status":"404","message":"Account with id \u0027528\u0027 not found"}
[qtp644479171-92] INFO  - RESPONSE: 404 {"status":"404","message":"Account with id \u0027531\u0027 not found"}
[qtp644479171-71] INFO  - REQUEST: GET http://localhost:8888/api/1.0/account/533
[qtp644479171-71] INFO  - RESPONSE: 404 {"status":"404","message":"Account with id \u0027533\u0027 not found"}
[qtp644479171-96] INFO  - REQUEST: GET http://localhost:8888/api/1.0/account/532
[qtp644479171-96] INFO  - RESPONSE: 404 {"status":"404","message":"Account with id \u0027532\u0027 not found"}
[qtp644479171-71] INFO  - REQUEST: GET http://localhost:8888/api/1.0/account/484
[qtp644479171-92] INFO  - REQUEST: GET http://localhost:8888/api/1.0/account/534
[qtp644479171-71] INFO  - RESPONSE: 200 {"id":"484","balance":0}
[qtp644479171-92] INFO  - RESPONSE: 404 {"status":"404","message":"Account with id \u0027534\u0027 not found"}
[...]
[qtp644479171-100] INFO  - RESPONSE: 404 {"status":"404","message":"Account with id \u0027901\u0027 not found"}
[qtp644479171-75] INFO  - REQUEST: GET http://localhost:8888/api/1.0/account/900
[qtp644479171-75] INFO  - RESPONSE: 404 {"status":"404","message":"Account with id \u0027900\u0027 not found"}
[qtp644479171-100] INFO  - REQUEST: GET http://localhost:8888/api/1.0/account/907
[qtp644479171-100] INFO  - RESPONSE: 404 {"status":"404","message":"Account with id \u0027907\u0027 not found"}
[qtp644479171-73] INFO  - REQUEST: GET http://localhost:8888/api/1.0/account/906
[qtp644479171-73] INFO  - RESPONSE: 404 {"status":"404","message":"Account with id \u0027906\u0027 not found"}
[qtp644479171-75] INFO  - REQUEST: GET http://localhost:8888/api/1.0/account/908
[qtp644479171-75] INFO  - RESPONSE: 404 {"status":"404","message":"Account with id \u0027908\u0027 not found"}
[qtp644479171-98] INFO  - REQUEST: GET http://localhost:8888/api/1.0/account/909
[qtp644479171-98] INFO  - RESPONSE: 404 {"status":"404","message":"Account with id \u0027909\u0027 not found"}
[qtp644479171-73] INFO  - REQUEST: GET http://localhost:8888/api/1.0/account/912
[qtp644479171-73] INFO  - RESPONSE: 404 {"status":"404","message":"Account with id \u0027912\u0027 not found"}
[qtp644479171-98] INFO  - REQUEST: GET http://localhost:8888/api/1.0/account/911
[qtp644479171-98] INFO  - RESPONSE: 404 {"status":"404","message":"Account with id \u0027911\u0027 not found"}
[qtp644479171-75] INFO  - REQUEST: GET http://localhost:8888/api/1.0/account/910
[qtp644479171-75] INFO  - RESPONSE: 404 {"status":"404","message":"Account with id \u0027910\u0027 not found"}
[qtp644479171-100] INFO  - REQUEST: GET http://localhost:8888/api/1.0/account/914
[qtp644479171-100] INFO  - RESPONSE: 404 {"status":"404","message":"Account with id \u0027914\u0027 not found"}
[qtp644479171-98] INFO  - REQUEST: GET http://localhost:8888/api/1.0/account/913
[qtp644479171-98] INFO  - RESPONSE: 404 {"status":"404","message":"Account with id \u0027913\u0027 not found"}
[qtp644479171-75] INFO  - REQUEST: GET http://localhost:8888/api/1.0/account/916
[qtp644479171-75] INFO  - RESPONSE: 404 {"status":"404","message":"Account with id \u0027916\u0027 not found"}
[qtp644479171-73] INFO  - REQUEST: GET http://localhost:8888/api/1.0/account/915
[qtp644479171-100] INFO  - REQUEST: GET http://localhost:8888/api/1.0/account/917
[qtp644479171-100] INFO  - RESPONSE: 404 {"status":"404","message":"Account with id \u0027917\u0027 not found"}
[qtp644479171-73] INFO  - RESPONSE: 404 {"status":"404","message":"Account with id \u0027915\u0027 not found"}
[qtp644479171-93] INFO  - REQUEST: GET http://localhost:8888/api/1.0/account/918
[qtp644479171-93] INFO  - RESPONSE: 404 {"status":"404","message":"Account with id \u0027918\u0027 not found"}
[qtp644479171-75] INFO  - REQUEST: GET http://localhost:8888/api/1.0/account/919
[qtp644479171-75] INFO  - RESPONSE: 404 {"status":"404","message":"Account with id \u0027919\u0027 not found"}
[qtp644479171-73] INFO  - REQUEST: GET http://localhost:8888/api/1.0/account/921
[qtp644479171-73] INFO  - RESPONSE: 404 {"status":"404","message":"Account with id \u0027921\u0027 not found"}
[qtp644479171-93] INFO  - REQUEST: GET http://localhost:8888/api/1.0/account/920
[qtp644479171-93] INFO  - RESPONSE: 404 {"status":"404","message":"Account with id \u0027920\u0027 not found"}
[qtp644479171-100] INFO  - REQUEST: GET http://localhost:8888/api/1.0/account/922
[qtp644479171-100] INFO  - RESPONSE: 404 {"status":"404","message":"Account with id \u0027922\u0027 not found"}
[qtp644479171-73] INFO  - REQUEST: GET http://localhost:8888/api/1.0/account/924
[qtp644479171-73] INFO  - RESPONSE: 404 {"status":"404","message":"Account with id \u0027924\u0027 not found"}
[qtp644479171-75] INFO  - REQUEST: GET http://localhost:8888/api/1.0/account/923
[qtp644479171-75] INFO  - RESPONSE: 404 {"status":"404","message":"Account with id \u0027923\u0027 not found"}
[qtp644479171-100] INFO  - REQUEST: GET http://localhost:8888/api/1.0/account/925
[qtp644479171-100] INFO  - RESPONSE: 404 {"status":"404","message":"Account with id \u0027925\u0027 not found"}
[qtp644479171-73] INFO  - REQUEST: GET http://localhost:8888/api/1.0/account/927
[qtp644479171-73] INFO  - RESPONSE: 404 {"status":"404","message":"Account with id \u0027927\u0027 not found"}
[qtp644479171-93] INFO  - REQUEST: GET http://localhost:8888/api/1.0/account/928
[qtp644479171-75] INFO  - REQUEST: GET http://localhost:8888/api/1.0/account/926
[qtp644479171-93] INFO  - RESPONSE: 404 {"status":"404","message":"Account with id \u0027928\u0027 not found"}
[qtp644479171-75] INFO  - RESPONSE: 404 {"status":"404","message":"Account with id \u0027926\u0027 not found"}
[qtp644479171-100] INFO  - REQUEST: GET http://localhost:8888/api/1.0/account/929
[qtp644479171-100] INFO  - RESPONSE: 404 {"status":"404","message":"Account with id \u0027929\u0027 not found"}
[qtp644479171-100] INFO  - REQUEST: GET http://localhost:8888/api/1.0/account/930
[qtp644479171-100] INFO  - RESPONSE: 404 {"status":"404","message":"Account with id \u0027930\u0027 not found"}
[qtp644479171-73] INFO  - REQUEST: GET http://localhost:8888/api/1.0/account/932
[qtp644479171-73] INFO  - RESPONSE: 404 {"status":"404","message":"Account with id \u0027932\u0027 not found"}
[qtp644479171-100] INFO  - REQUEST: GET http://localhost:8888/api/1.0/account/931
[qtp644479171-100] INFO  - RESPONSE: 404 {"status":"404","message":"Account with id \u0027931\u0027 not found"}
[qtp644479171-75] INFO  - REQUEST: GET http://localhost:8888/api/1.0/account/933
[qtp644479171-75] INFO  - RESPONSE: 404 {"status":"404","message":"Account with id \u0027933\u0027 not found"}
[qtp644479171-100] INFO  - REQUEST: GET http://localhost:8888/api/1.0/account/935
[qtp644479171-100] INFO  - RESPONSE: 404 {"status":"404","message":"Account with id \u0027935\u0027 not found"}
[qtp644479171-73] INFO  - REQUEST: GET http://localhost:8888/api/1.0/account/936
[qtp644479171-73] INFO  - RESPONSE: 404 {"status":"404","message":"Account with id \u0027936\u0027 not found"}
[qtp644479171-100] INFO  - REQUEST: GET http://localhost:8888/api/1.0/account/934
[qtp644479171-100] INFO  - RESPONSE: 404 {"status":"404","message":"Account with id \u0027934\u0027 not found"}
[qtp644479171-75] INFO  - REQUEST: GET http://localhost:8888/api/1.0/account/937
[qtp644479171-75] INFO  - RESPONSE: 404 {"status":"404","message":"Account with id \u0027937\u0027 not found"}
[qtp644479171-100] INFO  - REQUEST: GET http://localhost:8888/api/1.0/account/939
[qtp644479171-100] INFO  - RESPONSE: 404 {"status":"404","message":"Account with id \u0027939\u0027 not found"}
[qtp644479171-73] INFO  - REQUEST: GET http://localhost:8888/api/1.0/account/940
[qtp644479171-73] INFO  - RESPONSE: 404 {"status":"404","message":"Account with id \u0027940\u0027 not found"}
[qtp644479171-93] INFO  - REQUEST: GET http://localhost:8888/api/1.0/account/938
[qtp644479171-93] INFO  - RESPONSE: 404 {"status":"404","message":"Account with id \u0027938\u0027 not found"}
[qtp644479171-73] INFO  - REQUEST: GET http://localhost:8888/api/1.0/account/941
[qtp644479171-73] INFO  - RESPONSE: 404 {"status":"404","message":"Account with id \u0027941\u0027 not found"}
[qtp644479171-100] INFO  - REQUEST: GET http://localhost:8888/api/1.0/account/944
[qtp644479171-93] INFO  - REQUEST: GET http://localhost:8888/api/1.0/account/943
[qtp644479171-100] INFO  - RESPONSE: 404 {"status":"404","message":"Account with id \u0027944\u0027 not found"}
[qtp644479171-93] INFO  - RESPONSE: 404 {"status":"404","message":"Account with id \u0027943\u0027 not found"}
[qtp644479171-98] INFO  - REQUEST: GET http://localhost:8888/api/1.0/account/942
[qtp644479171-98] INFO  - RESPONSE: 404 {"status":"404","message":"Account with id \u0027942\u0027 not found"}
[qtp644479171-73] INFO  - REQUEST: GET http://localhost:8888/api/1.0/account/945
[qtp644479171-73] INFO  - RESPONSE: 404 {"status":"404","message":"Account with id \u0027945\u0027 not found"}
[qtp644479171-98] INFO  - REQUEST: GET http://localhost:8888/api/1.0/account/947
[qtp644479171-75] INFO  - REQUEST: GET http://localhost:8888/api/1.0/account/946
[qtp644479171-75] INFO  - RESPONSE: 404 {"status":"404","message":"Account with id \u0027946\u0027 not found"}
[qtp644479171-73] INFO  - REQUEST: GET http://localhost:8888/api/1.0/account/948
[qtp644479171-98] INFO  - RESPONSE: 404 {"status":"404","message":"Account with id \u0027947\u0027 not found"}
[qtp644479171-73] INFO  - RESPONSE: 404 {"status":"404","message":"Account with id \u0027948\u0027 not found"}
[qtp644479171-100] INFO  - REQUEST: GET http://localhost:8888/api/1.0/account/949
[qtp644479171-100] INFO  - RESPONSE: 404 {"status":"404","message":"Account with id \u0027949\u0027 not found"}
[qtp644479171-93] INFO  - REQUEST: GET http://localhost:8888/api/1.0/account/952
[qtp644479171-93] INFO  - RESPONSE: 404 {"status":"404","message":"Account with id \u0027952\u0027 not found"}
[qtp644479171-100] INFO  - REQUEST: GET http://localhost:8888/api/1.0/account/950
[qtp644479171-73] INFO  - REQUEST: GET http://localhost:8888/api/1.0/account/951
[qtp644479171-100] INFO  - RESPONSE: 404 {"status":"404","message":"Account with id \u0027950\u0027 not found"}
[qtp644479171-73] INFO  - RESPONSE: 404 {"status":"404","message":"Account with id \u0027951\u0027 not found"}
[qtp644479171-98] INFO  - REQUEST: GET http://localhost:8888/api/1.0/account/953
[qtp644479171-98] INFO  - RESPONSE: 404 {"status":"404","message":"Account with id \u0027953\u0027 not found"}
[qtp644479171-93] INFO  - REQUEST: GET http://localhost:8888/api/1.0/account/956
[qtp644479171-73] INFO  - REQUEST: GET http://localhost:8888/api/1.0/account/955
[qtp644479171-73] INFO  - RESPONSE: 404 {"status":"404","message":"Account with id \u0027955\u0027 not found"}
[qtp644479171-93] INFO  - RESPONSE: 404 {"status":"404","message":"Account with id \u0027956\u0027 not found"}
[qtp644479171-100] INFO  - REQUEST: GET http://localhost:8888/api/1.0/account/957
[qtp644479171-100] INFO  - RESPONSE: 404 {"status":"404","message":"Account with id \u0027957\u0027 not found"}
[qtp644479171-98] INFO  - REQUEST: GET http://localhost:8888/api/1.0/account/821
[qtp644479171-98] INFO  - RESPONSE: 404 {"status":"404","message":"Account with id \u0027821\u0027 not found"}
[qtp644479171-93] INFO  - REQUEST: GET http://localhost:8888/api/1.0/account/961
[qtp644479171-93] INFO  - RESPONSE: 404 {"status":"404","message":"Account with id \u0027961\u0027 not found"}
[qtp644479171-100] INFO  - REQUEST: GET http://localhost:8888/api/1.0/account/962
[qtp644479171-100] INFO  - RESPONSE: 404 {"status":"404","message":"Account with id \u0027962\u0027 not found"}
[qtp644479171-98] INFO  - REQUEST: GET http://localhost:8888/api/1.0/account/963
[qtp644479171-98] INFO  - RESPONSE: 404 {"status":"404","message":"Account with id \u0027963\u0027 not found"}
[qtp644479171-93] INFO  - REQUEST: GET http://localhost:8888/api/1.0/account/964
[qtp644479171-93] INFO  - RESPONSE: 404 {"status":"404","message":"Account with id \u0027964\u0027 not found"}
[qtp644479171-100] INFO  - REQUEST: GET http://localhost:8888/api/1.0/account/965
[qtp644479171-100] INFO  - RESPONSE: 404 {"status":"404","message":"Account with id \u0027965\u0027 not found"}
[qtp644479171-98] INFO  - REQUEST: GET http://localhost:8888/api/1.0/account/966
[qtp644479171-98] INFO  - RESPONSE: 404 {"status":"404","message":"Account with id \u0027966\u0027 not found"}
[qtp644479171-93] INFO  - REQUEST: GET http://localhost:8888/api/1.0/account/967
[qtp644479171-93] INFO  - RESPONSE: 404 {"status":"404","message":"Account with id \u0027967\u0027 not found"}
[qtp644479171-100] INFO  - REQUEST: GET http://localhost:8888/api/1.0/account/968
[qtp644479171-100] INFO  - RESPONSE: 404 {"status":"404","message":"Account with id \u0027968\u0027 not found"}
[qtp644479171-98] INFO  - REQUEST: GET http://localhost:8888/api/1.0/account/969
[qtp644479171-98] INFO  - RESPONSE: 404 {"status":"404","message":"Account with id \u0027969\u0027 not found"}
[qtp644479171-93] INFO  - REQUEST: GET http://localhost:8888/api/1.0/account/886
[qtp644479171-93] INFO  - RESPONSE: 404 {"status":"404","message":"Account with id \u0027886\u0027 not found"}
[qtp644479171-98] INFO  - REQUEST: GET http://localhost:8888/api/1.0/account/970
[qtp644479171-98] INFO  - RESPONSE: 404 {"status":"404","message":"Account with id \u0027970\u0027 not found"}
[qtp644479171-73] INFO  - REQUEST: GET http://localhost:8888/api/1.0/account/971
[qtp644479171-73] INFO  - RESPONSE: 404 {"status":"404","message":"Account with id \u0027971\u0027 not found"}
[qtp644479171-100] INFO  - REQUEST: GET http://localhost:8888/api/1.0/account/887
[qtp644479171-100] INFO  - RESPONSE: 404 {"status":"404","message":"Account with id \u0027887\u0027 not found"}
[qtp644479171-93] INFO  - REQUEST: GET http://localhost:8888/api/1.0/account/972
[qtp644479171-98] INFO  - REQUEST: GET http://localhost:8888/api/1.0/account/973
[qtp644479171-93] INFO  - RESPONSE: 404 {"status":"404","message":"Account with id \u0027972\u0027 not found"}
[qtp644479171-98] INFO  - RESPONSE: 404 {"status":"404","message":"Account with id \u0027973\u0027 not found"}
[qtp644479171-100] INFO  - REQUEST: GET http://localhost:8888/api/1.0/account/975
[qtp644479171-100] INFO  - RESPONSE: 404 {"status":"404","message":"Account with id \u0027975\u0027 not found"}
[qtp644479171-98] INFO  - REQUEST: GET http://localhost:8888/api/1.0/account/958
[qtp644479171-98] INFO  - RESPONSE: 404 {"status":"404","message":"Account with id \u0027958\u0027 not found"}
[qtp644479171-73] INFO  - REQUEST: GET http://localhost:8888/api/1.0/account/976
[qtp644479171-73] INFO  - RESPONSE: 404 {"status":"404","message":"Account with id \u0027976\u0027 not found"}
[qtp644479171-100] INFO  - REQUEST: GET http://localhost:8888/api/1.0/account/974
[qtp644479171-100] INFO  - RESPONSE: 404 {"status":"404","message":"Account with id \u0027974\u0027 not found"}
[qtp644479171-98] INFO  - REQUEST: GET http://localhost:8888/api/1.0/account/977
[qtp644479171-98] INFO  - RESPONSE: 404 {"status":"404","message":"Account with id \u0027977\u0027 not found"}
[qtp644479171-93] INFO  - REQUEST: GET http://localhost:8888/api/1.0/account/978
[qtp644479171-93] INFO  - RESPONSE: 404 {"status":"404","message":"Account with id \u0027978\u0027 not found"}
[qtp644479171-100] INFO  - REQUEST: GET http://localhost:8888/api/1.0/account/979
[qtp644479171-100] INFO  - RESPONSE: 404 {"status":"404","message":"Account with id \u0027979\u0027 not found"}
[qtp644479171-73] INFO  - REQUEST: GET http://localhost:8888/api/1.0/account/888
[qtp644479171-73] INFO  - RESPONSE: 404 {"status":"404","message":"Account with id \u0027888\u0027 not found"}
[qtp644479171-100] INFO  - REQUEST: GET http://localhost:8888/api/1.0/account/980
[qtp644479171-100] INFO  - RESPONSE: 404 {"status":"404","message":"Account with id \u0027980\u0027 not found"}
[qtp644479171-93] INFO  - REQUEST: GET http://localhost:8888/api/1.0/account/889
[qtp644479171-93] INFO  - RESPONSE: 404 {"status":"404","message":"Account with id \u0027889\u0027 not found"}
[qtp644479171-73] INFO  - REQUEST: GET http://localhost:8888/api/1.0/account/985
[qtp644479171-73] INFO  - RESPONSE: 404 {"status":"404","message":"Account with id \u0027985\u0027 not found"}
[qtp644479171-100] INFO  - REQUEST: GET http://localhost:8888/api/1.0/account/986
[qtp644479171-100] INFO  - RESPONSE: 404 {"status":"404","message":"Account with id \u0027986\u0027 not found"}
[qtp644479171-73] INFO  - REQUEST: GET http://localhost:8888/api/1.0/account/982
[qtp644479171-73] INFO  - RESPONSE: 404 {"status":"404","message":"Account with id \u0027982\u0027 not found"}
[qtp644479171-100] INFO  - REQUEST: GET http://localhost:8888/api/1.0/account/988
[qtp644479171-93] INFO  - REQUEST: GET http://localhost:8888/api/1.0/account/987
[qtp644479171-93] INFO  - RESPONSE: 404 {"status":"404","message":"Account with id \u0027987\u0027 not found"}
[qtp644479171-100] INFO  - RESPONSE: 404 {"status":"404","message":"Account with id \u0027988\u0027 not found"}
[qtp644479171-98] INFO  - REQUEST: GET http://localhost:8888/api/1.0/account/990
[qtp644479171-98] INFO  - RESPONSE: 404 {"status":"404","message":"Account with id \u0027990\u0027 not found"}
[qtp644479171-73] INFO  - REQUEST: GET http://localhost:8888/api/1.0/account/989
[qtp644479171-73] INFO  - RESPONSE: 404 {"status":"404","message":"Account with id \u0027989\u0027 not found"}
[qtp644479171-100] INFO  - REQUEST: GET http://localhost:8888/api/1.0/account/993
[qtp644479171-98] INFO  - REQUEST: GET http://localhost:8888/api/1.0/account/954
[qtp644479171-98] INFO  - RESPONSE: 404 {"status":"404","message":"Account with id \u0027954\u0027 not found"}
[qtp644479171-100] INFO  - RESPONSE: 404 {"status":"404","message":"Account with id \u0027993\u0027 not found"}
[qtp644479171-93] INFO  - REQUEST: GET http://localhost:8888/api/1.0/account/994
[qtp644479171-93] INFO  - RESPONSE: 404 {"status":"404","message":"Account with id \u0027994\u0027 not found"}
[qtp644479171-98] INFO  - REQUEST: GET http://localhost:8888/api/1.0/account/991
[qtp644479171-73] INFO  - REQUEST: GET http://localhost:8888/api/1.0/account/992
[qtp644479171-73] INFO  - RESPONSE: 404 {"status":"404","message":"Account with id \u0027992\u0027 not found"}
[qtp644479171-98] INFO  - RESPONSE: 404 {"status":"404","message":"Account with id \u0027991\u0027 not found"}
[qtp644479171-93] INFO  - REQUEST: GET http://localhost:8888/api/1.0/account/995
[qtp644479171-100] INFO  - REQUEST: GET http://localhost:8888/api/1.0/account/996
[qtp644479171-100] INFO  - RESPONSE: 404 {"status":"404","message":"Account with id \u0027996\u0027 not found"}
[qtp644479171-93] INFO  - RESPONSE: 404 {"status":"404","message":"Account with id \u0027995\u0027 not found"}
[qtp644479171-73] INFO  - REQUEST: GET http://localhost:8888/api/1.0/account/997
[qtp644479171-73] INFO  - RESPONSE: 404 {"status":"404","message":"Account with id \u0027997\u0027 not found"}
[qtp644479171-98] INFO  - REQUEST: GET http://localhost:8888/api/1.0/account/999
[qtp644479171-75] INFO  - REQUEST: GET http://localhost:8888/api/1.0/account/1000
[qtp644479171-98] INFO  - RESPONSE: 404 {"status":"404","message":"Account with id \u0027999\u0027 not found"}
[qtp644479171-75] INFO  - RESPONSE: 404 {"status":"404","message":"Account with id \u00271000\u0027 not found"}
[qtp644479171-73] INFO  - REQUEST: GET http://localhost:8888/api/1.0/account/998
[qtp644479171-73] INFO  - RESPONSE: 404 {"status":"404","message":"Account with id \u0027998\u0027 not found"}
[qtp644479171-75] INFO  - REQUEST: GET http://localhost:8888/api/1.0/account/983
[qtp644479171-75] INFO  - RESPONSE: 404 {"status":"404","message":"Account with id \u0027983\u0027 not found"}
[qtp644479171-73] INFO  - REQUEST: GET http://localhost:8888/api/1.0/account/959
[qtp644479171-73] INFO  - RESPONSE: 404 {"status":"404","message":"Account with id \u0027959\u0027 not found"}
[qtp644479171-93] INFO  - REQUEST: GET http://localhost:8888/api/1.0/account/981
[qtp644479171-93] INFO  - RESPONSE: 404 {"status":"404","message":"Account with id \u0027981\u0027 not found"}
[qtp644479171-73] INFO  - REQUEST: GET http://localhost:8888/api/1.0/account/960
[qtp644479171-73] INFO  - RESPONSE: 404 {"status":"404","message":"Account with id \u0027960\u0027 not found"}
[qtp644479171-75] INFO  - REQUEST: GET http://localhost:8888/api/1.0/account/984
[qtp644479171-75] INFO  - RESPONSE: 404 {"status":"404","message":"Account with id \u0027984\u0027 not found"}
[Thread-63] INFO spark.embeddedserver.jetty.EmbeddedJettyServer - >>> Spark shutting down ...
[Thread-63] INFO org.eclipse.jetty.server.AbstractConnector - Stopped ServerConnector@7aa93d21{HTTP/1.1,[http/1.1]}{0.0.0.0:8888}
[Thread-63] INFO org.eclipse.jetty.server.session - node0 Stopped scavenging
[Thread-63] INFO spark.embeddedserver.jetty.EmbeddedJettyServer - done
]]></system-err>
</testsuite>
